[2025-11-14 11:19:50] [32minfo[39m: 	Server running on port 4000 in development node
[2025-11-14 11:20:59] [32minfo[39m: 	Server running on port 4000 in development node
[2025-11-14 11:21:11] [32minfo[39m: 	Server running on port 4000 in development node
[2025-11-14 11:21:20] [32minfo[39m: 	Server running on port 4000 in development node
[2025-11-14 11:21:32] [32minfo[39m: 	Server running on port 4000 in development node
[2025-11-14 11:21:41] [32minfo[39m: 	Server running on port 4000 in development node
[2025-11-14 11:21:53] [32minfo[39m: 	Server running on port 4000 in development node
[2025-11-14 11:22:12] [32minfo[39m: 	Server running on port 4000 in development node
[2025-11-14 11:22:15] [32minfo[39m: 	Server running on port 4000 in development node
[2025-11-14 11:22:26] [32minfo[39m: 	redis connected succefuly
[2025-11-14 11:22:26] [32minfo[39m: 	Server running on port 4000 in development node
[2025-11-14 11:22:49] [32minfo[39m: 	redis connected succefuly
[2025-11-14 11:22:49] [32minfo[39m: 	Server running on port 4000 in development node
[2025-11-14 11:22:53] [32minfo[39m: 	MongoDB is connected successfully
[2025-11-14 11:22:53] [32minfo[39m: 	redis connected succefuly
[2025-11-14 11:22:53] [32minfo[39m: 	Server running on port 4000 in development node
[2025-11-14 11:22:58] [32minfo[39m: 	MongoDB is connected successfully
[2025-11-14 11:22:58] [32minfo[39m: 	redis connected succefuly
[2025-11-14 11:22:58] [32minfo[39m: 	Server running on port 4000 in development node
[2025-11-14 11:23:07] [32minfo[39m: 	MongoDB is connected successfully
[2025-11-14 11:23:07] [32minfo[39m: 	redis connected succefuly
[2025-11-14 11:23:07] [32minfo[39m: 	Server running on port 4000 in development node
[2025-11-14 11:23:51] [32minfo[39m: 	Incoming request: POST /api/auth/login from  REQLOGGER
[2025-11-14 11:23:51] [31merror[39m: Error: ERR value is not an integer or out of range
    at Decoder.#decodeSimpleError (D:\brototype\Dishcovery\server\node_modules\@redis\client\lib\RESP\decoder.ts:648:7)
    at Decoder.#decodeTypeValue (D:\brototype\Dishcovery\server\node_modules\@redis\client\lib\RESP\decoder.ts:171:34)
    at Decoder.write (D:\brototype\Dishcovery\server\node_modules\@redis\client\lib\RESP\decoder.ts:90:32)
    at RedisSocket.<anonymous> (D:\brototype\Dishcovery\server\node_modules\@redis\client\lib\client\index.ts:789:29)
    at RedisSocket.emit (node:events:518:28)
    at Socket.<anonymous> (D:\brototype\Dishcovery\server\node_modules\@redis\client\lib\client\socket.ts:297:32)
    at Socket.emit (node:events:518:28)
    at addChunk (node:internal/streams/readable:561:12)
    at readableAddChunkPushByteMode (node:internal/streams/readable:512:3)
    at Socket.Readable.push (node:internal/streams/readable:392:5)
[2025-11-14 11:25:09] [32minfo[39m: 	MongoDB is connected successfully
[2025-11-14 11:25:09] [32minfo[39m: 	redis connected succefuly
[2025-11-14 11:25:09] [32minfo[39m: 	Server running on port 4000 in development node
[2025-11-14 11:25:17] [32minfo[39m: 	MongoDB is connected successfully
[2025-11-14 11:25:17] [32minfo[39m: 	redis connected succefuly
[2025-11-14 11:25:17] [32minfo[39m: 	Server running on port 4000 in development node
[2025-11-14 11:25:21] [32minfo[39m: 	MongoDB is connected successfully
[2025-11-14 11:25:21] [32minfo[39m: 	redis connected succefuly
[2025-11-14 11:25:21] [32minfo[39m: 	Server running on port 4000 in development node
[2025-11-14 11:26:44] [32minfo[39m: 	Incoming request: POST /api/auth/login from  REQLOGGER
[2025-11-14 11:26:44] [31merror[39m: Error: ERR value is not an integer or out of range
    at Decoder.#decodeSimpleError (D:\brototype\Dishcovery\server\node_modules\@redis\client\lib\RESP\decoder.ts:648:7)
    at Decoder.#decodeTypeValue (D:\brototype\Dishcovery\server\node_modules\@redis\client\lib\RESP\decoder.ts:171:34)
    at Decoder.write (D:\brototype\Dishcovery\server\node_modules\@redis\client\lib\RESP\decoder.ts:90:32)
    at RedisSocket.<anonymous> (D:\brototype\Dishcovery\server\node_modules\@redis\client\lib\client\index.ts:789:29)
    at RedisSocket.emit (node:events:518:28)
    at Socket.<anonymous> (D:\brototype\Dishcovery\server\node_modules\@redis\client\lib\client\socket.ts:297:32)
    at Socket.emit (node:events:518:28)
    at addChunk (node:internal/streams/readable:561:12)
    at readableAddChunkPushByteMode (node:internal/streams/readable:512:3)
    at Socket.Readable.push (node:internal/streams/readable:392:5)
[2025-11-14 11:33:20] [32minfo[39m: 	MongoDB is connected successfully
[2025-11-14 11:33:20] [32minfo[39m: 	redis connected succefuly
[2025-11-14 11:33:20] [32minfo[39m: 	Server running on port 4000 in development node
[2025-11-14 11:33:26] [32minfo[39m: 	MongoDB is connected successfully
[2025-11-14 11:33:26] [32minfo[39m: 	redis connected succefuly
[2025-11-14 11:33:26] [32minfo[39m: 	Server running on port 4000 in development node
[2025-11-14 11:33:43] [32minfo[39m: 	Incoming request: POST /api/auth/login from  REQLOGGER
[2025-11-14 11:33:43] [31merror[39m: Error: ERR value is not an integer or out of range
    at Decoder.#decodeSimpleError (D:\brototype\Dishcovery\server\node_modules\@redis\client\lib\RESP\decoder.ts:648:7)
    at Decoder.#decodeTypeValue (D:\brototype\Dishcovery\server\node_modules\@redis\client\lib\RESP\decoder.ts:171:34)
    at Decoder.write (D:\brototype\Dishcovery\server\node_modules\@redis\client\lib\RESP\decoder.ts:90:32)
    at RedisSocket.<anonymous> (D:\brototype\Dishcovery\server\node_modules\@redis\client\lib\client\index.ts:789:29)
    at RedisSocket.emit (node:events:518:28)
    at Socket.<anonymous> (D:\brototype\Dishcovery\server\node_modules\@redis\client\lib\client\socket.ts:297:32)
    at Socket.emit (node:events:518:28)
    at addChunk (node:internal/streams/readable:561:12)
    at readableAddChunkPushByteMode (node:internal/streams/readable:512:3)
    at Socket.Readable.push (node:internal/streams/readable:392:5)
[2025-11-14 11:34:04] [32minfo[39m: 	MongoDB is connected successfully
[2025-11-14 11:34:04] [32minfo[39m: 	redis connected succefuly
[2025-11-14 11:34:04] [32minfo[39m: 	Server running on port 4000 in development node
[2025-11-14 11:34:09] [32minfo[39m: 	MongoDB is connected successfully
[2025-11-14 11:34:09] [32minfo[39m: 	redis connected succefuly
[2025-11-14 11:34:09] [32minfo[39m: 	Server running on port 4000 in development node
[2025-11-14 11:36:40] [32minfo[39m: 	MongoDB is connected successfully
[2025-11-14 11:36:40] [32minfo[39m: 	redis connected succefuly
[2025-11-14 11:36:40] [32minfo[39m: 	Server running on port 4000 in development node
[2025-11-14 11:36:40] [32minfo[39m: 	Incoming request: POST /api/auth/login from  REQLOGGER
[2025-11-14 11:36:41] [31merror[39m: Error: ERR value is not an integer or out of range
    at Decoder.#decodeSimpleError (D:\brototype\Dishcovery\server\node_modules\@redis\client\lib\RESP\decoder.ts:648:7)
    at Decoder.#decodeTypeValue (D:\brototype\Dishcovery\server\node_modules\@redis\client\lib\RESP\decoder.ts:171:34)
    at Decoder.write (D:\brototype\Dishcovery\server\node_modules\@redis\client\lib\RESP\decoder.ts:90:32)
    at RedisSocket.<anonymous> (D:\brototype\Dishcovery\server\node_modules\@redis\client\lib\client\index.ts:789:29)
    at RedisSocket.emit (node:events:518:28)
    at Socket.<anonymous> (D:\brototype\Dishcovery\server\node_modules\@redis\client\lib\client\socket.ts:297:32)
    at Socket.emit (node:events:518:28)
    at addChunk (node:internal/streams/readable:561:12)
    at readableAddChunkPushByteMode (node:internal/streams/readable:512:3)
    at Socket.Readable.push (node:internal/streams/readable:392:5)
[2025-11-14 11:38:02] [32minfo[39m: 	MongoDB is connected successfully
[2025-11-14 11:38:02] [32minfo[39m: 	redis connected succefuly
[2025-11-14 11:38:02] [32minfo[39m: 	Server running on port 4000 in development node
[2025-11-14 11:38:15] [32minfo[39m: 	MongoDB is connected successfully
[2025-11-14 11:38:15] [32minfo[39m: 	redis connected succefuly
[2025-11-14 11:38:15] [32minfo[39m: 	Server running on port 4000 in development node
[2025-11-14 11:38:21] [32minfo[39m: 	Incoming request: POST /api/auth/logout from  REQLOGGER
[2025-11-14 11:38:57] [32minfo[39m: 	Incoming request: POST /api/auth/login from  REQLOGGER
[2025-11-14 11:38:57] [31merror[39m: Error: ERR value is not an integer or out of range
    at Decoder.#decodeSimpleError (D:\brototype\Dishcovery\server\node_modules\@redis\client\lib\RESP\decoder.ts:648:7)
    at Decoder.#decodeTypeValue (D:\brototype\Dishcovery\server\node_modules\@redis\client\lib\RESP\decoder.ts:171:34)
    at Decoder.write (D:\brototype\Dishcovery\server\node_modules\@redis\client\lib\RESP\decoder.ts:90:32)
    at RedisSocket.<anonymous> (D:\brototype\Dishcovery\server\node_modules\@redis\client\lib\client\index.ts:789:29)
    at RedisSocket.emit (node:events:518:28)
    at Socket.<anonymous> (D:\brototype\Dishcovery\server\node_modules\@redis\client\lib\client\socket.ts:297:32)
    at Socket.emit (node:events:518:28)
    at addChunk (node:internal/streams/readable:561:12)
    at readableAddChunkPushByteMode (node:internal/streams/readable:512:3)
    at Socket.Readable.push (node:internal/streams/readable:392:5)
[2025-11-14 11:40:05] [32minfo[39m: 	MongoDB is connected successfully
[2025-11-14 11:40:05] [32minfo[39m: 	redis connected succefuly
[2025-11-14 11:40:05] [32minfo[39m: 	Server running on port 4000 in development node
[2025-11-14 11:40:34] [32minfo[39m: 	MongoDB is connected successfully
[2025-11-14 11:40:34] [32minfo[39m: 	redis connected succefuly
[2025-11-14 11:40:34] [32minfo[39m: 	Server running on port 4000 in development node
[2025-11-14 11:40:37] [32minfo[39m: 	MongoDB is connected successfully
[2025-11-14 11:40:37] [32minfo[39m: 	redis connected succefuly
[2025-11-14 11:40:37] [32minfo[39m: 	Server running on port 4000 in development node
[2025-11-14 11:40:50] [32minfo[39m: 	MongoDB is connected successfully
[2025-11-14 11:40:50] [32minfo[39m: 	redis connected succefuly
[2025-11-14 11:40:50] [32minfo[39m: 	Server running on port 4000 in development node
[2025-11-14 11:40:52] [32minfo[39m: 	MongoDB is connected successfully
[2025-11-14 11:40:52] [32minfo[39m: 	redis connected succefuly
[2025-11-14 11:40:52] [32minfo[39m: 	Server running on port 4000 in development node
[2025-11-14 11:40:55] [32minfo[39m: 	MongoDB is connected successfully
[2025-11-14 11:40:55] [32minfo[39m: 	redis connected succefuly
[2025-11-14 11:40:55] [32minfo[39m: 	Server running on port 4000 in development node
[2025-11-14 11:40:57] [32minfo[39m: 	MongoDB is connected successfully
[2025-11-14 11:40:57] [32minfo[39m: 	redis connected succefuly
[2025-11-14 11:40:57] [32minfo[39m: 	Server running on port 4000 in development node
[2025-11-14 11:40:59] [32minfo[39m: 	MongoDB is connected successfully
[2025-11-14 11:40:59] [32minfo[39m: 	redis connected succefuly
[2025-11-14 11:40:59] [32minfo[39m: 	Server running on port 4000 in development node
[2025-11-14 11:41:02] [32minfo[39m: 	MongoDB is connected successfully
[2025-11-14 11:41:02] [32minfo[39m: 	redis connected succefuly
[2025-11-14 11:41:02] [32minfo[39m: 	Server running on port 4000 in development node
[2025-11-14 11:41:10] [32minfo[39m: 	MongoDB is connected successfully
[2025-11-14 11:41:10] [32minfo[39m: 	redis connected succefuly
[2025-11-14 11:41:10] [32minfo[39m: 	Server running on port 4000 in development node
[2025-11-14 11:41:14] [32minfo[39m: 	Incoming request: POST /api/auth/logout from  REQLOGGER
[2025-11-14 11:41:37] [32minfo[39m: 	Incoming request: POST /api/auth/login from  REQLOGGER
[2025-11-14 11:41:37] [31merror[39m: Error: ERR value is not an integer or out of range
    at Decoder.#decodeSimpleError (D:\brototype\Dishcovery\server\node_modules\@redis\client\lib\RESP\decoder.ts:648:7)
    at Decoder.#decodeTypeValue (D:\brototype\Dishcovery\server\node_modules\@redis\client\lib\RESP\decoder.ts:171:34)
    at Decoder.write (D:\brototype\Dishcovery\server\node_modules\@redis\client\lib\RESP\decoder.ts:90:32)
    at RedisSocket.<anonymous> (D:\brototype\Dishcovery\server\node_modules\@redis\client\lib\client\index.ts:789:29)
    at RedisSocket.emit (node:events:518:28)
    at Socket.<anonymous> (D:\brototype\Dishcovery\server\node_modules\@redis\client\lib\client\socket.ts:297:32)
    at Socket.emit (node:events:518:28)
    at addChunk (node:internal/streams/readable:561:12)
    at readableAddChunkPushByteMode (node:internal/streams/readable:512:3)
    at Socket.Readable.push (node:internal/streams/readable:392:5)
[2025-11-14 11:42:16] [32minfo[39m: 	MongoDB is connected successfully
[2025-11-14 11:42:16] [32minfo[39m: 	redis connected succefuly
[2025-11-14 11:42:16] [32minfo[39m: 	Server running on port 4000 in development node
[2025-11-14 11:42:18] [32minfo[39m: 	MongoDB is connected successfully
[2025-11-14 11:42:18] [32minfo[39m: 	redis connected succefuly
[2025-11-14 11:42:18] [32minfo[39m: 	Server running on port 4000 in development node
[2025-11-14 11:42:28] [32minfo[39m: 	MongoDB is connected successfully
[2025-11-14 11:42:28] [32minfo[39m: 	redis connected succefuly
[2025-11-14 11:42:28] [32minfo[39m: 	Server running on port 4000 in development node
[2025-11-14 11:42:40] [32minfo[39m: 	MongoDB is connected successfully
[2025-11-14 11:42:40] [32minfo[39m: 	redis connected succefuly
[2025-11-14 11:42:40] [32minfo[39m: 	Server running on port 4000 in development node
[2025-11-14 11:43:04] [32minfo[39m: 	MongoDB is connected successfully
[2025-11-14 11:43:04] [32minfo[39m: 	redis connected succefuly
[2025-11-14 11:43:04] [32minfo[39m: 	Server running on port 4000 in development node
[2025-11-14 11:43:06] [32minfo[39m: 	MongoDB is connected successfully
[2025-11-14 11:43:06] [32minfo[39m: 	redis connected succefuly
[2025-11-14 11:43:06] [32minfo[39m: 	Server running on port 4000 in development node
[2025-11-14 11:44:21] [32minfo[39m: 	MongoDB is connected successfully
[2025-11-14 11:44:21] [32minfo[39m: 	redis connected succefuly
[2025-11-14 11:44:21] [32minfo[39m: 	Server running on port 4000 in development node
[2025-11-14 11:44:37] [32minfo[39m: 	MongoDB is connected successfully
[2025-11-14 11:44:37] [32minfo[39m: 	redis connected succefuly
[2025-11-14 11:44:37] [32minfo[39m: 	Server running on port 4000 in development node
[2025-11-14 11:45:01] [32minfo[39m: 	Incoming request: POST /api/auth/logout from  REQLOGGER
[2025-11-14 11:45:23] [32minfo[39m: 	Incoming request: POST /api/auth/login from  REQLOGGER
[2025-11-14 11:45:23] [31merror[39m: Error: ERR value is not an integer or out of range
    at Decoder.#decodeSimpleError (D:\brototype\Dishcovery\server\node_modules\@redis\client\lib\RESP\decoder.ts:648:7)
    at Decoder.#decodeTypeValue (D:\brototype\Dishcovery\server\node_modules\@redis\client\lib\RESP\decoder.ts:171:34)
    at Decoder.write (D:\brototype\Dishcovery\server\node_modules\@redis\client\lib\RESP\decoder.ts:90:32)
    at RedisSocket.<anonymous> (D:\brototype\Dishcovery\server\node_modules\@redis\client\lib\client\index.ts:789:29)
    at RedisSocket.emit (node:events:518:28)
    at Socket.<anonymous> (D:\brototype\Dishcovery\server\node_modules\@redis\client\lib\client\socket.ts:297:32)
    at Socket.emit (node:events:518:28)
    at addChunk (node:internal/streams/readable:561:12)
    at readableAddChunkPushByteMode (node:internal/streams/readable:512:3)
    at Socket.Readable.push (node:internal/streams/readable:392:5)
[2025-11-14 11:46:04] [32minfo[39m: 	MongoDB is connected successfully
[2025-11-14 11:46:04] [32minfo[39m: 	redis connected succefuly
[2025-11-14 11:46:04] [32minfo[39m: 	Server running on port 4000 in development node
[2025-11-14 11:46:09] [32minfo[39m: 	MongoDB is connected successfully
[2025-11-14 11:46:09] [32minfo[39m: 	redis connected succefuly
[2025-11-14 11:46:09] [32minfo[39m: 	Server running on port 4000 in development node
[2025-11-14 11:46:49] [32minfo[39m: 	MongoDB is connected successfully
[2025-11-14 11:46:49] [32minfo[39m: 	redis connected succefuly
[2025-11-14 11:46:49] [32minfo[39m: 	Server running on port 4000 in development node
[2025-11-14 11:47:19] [32minfo[39m: 	MongoDB is connected successfully
[2025-11-14 11:47:19] [32minfo[39m: 	redis connected succefuly
[2025-11-14 11:47:19] [32minfo[39m: 	Server running on port 4000 in development node
[2025-11-14 11:49:00] [32minfo[39m: 	MongoDB is connected successfully
[2025-11-14 11:49:00] [32minfo[39m: 	redis connected succefuly
[2025-11-14 11:49:00] [32minfo[39m: 	Server running on port 4000 in development node
[2025-11-14 11:49:05] [32minfo[39m: 	Incoming request: POST /api/auth/logout from  REQLOGGER
[2025-11-14 11:49:21] [32minfo[39m: 	Incoming request: POST /api/auth/login from  REQLOGGER
[2025-11-14 11:49:21] [31merror[39m: Error: ERR value is not an integer or out of range
    at Decoder.#decodeSimpleError (D:\brototype\Dishcovery\server\node_modules\@redis\client\lib\RESP\decoder.ts:648:7)
    at Decoder.#decodeTypeValue (D:\brototype\Dishcovery\server\node_modules\@redis\client\lib\RESP\decoder.ts:171:34)
    at Decoder.write (D:\brototype\Dishcovery\server\node_modules\@redis\client\lib\RESP\decoder.ts:90:32)
    at RedisSocket.<anonymous> (D:\brototype\Dishcovery\server\node_modules\@redis\client\lib\client\index.ts:789:29)
    at RedisSocket.emit (node:events:518:28)
    at Socket.<anonymous> (D:\brototype\Dishcovery\server\node_modules\@redis\client\lib\client\socket.ts:297:32)
    at Socket.emit (node:events:518:28)
    at addChunk (node:internal/streams/readable:561:12)
    at readableAddChunkPushByteMode (node:internal/streams/readable:512:3)
    at Socket.Readable.push (node:internal/streams/readable:392:5)
[2025-11-14 11:50:04] [32minfo[39m: 	MongoDB is connected successfully
[2025-11-14 11:50:04] [32minfo[39m: 	redis connected succefuly
[2025-11-14 11:50:04] [32minfo[39m: 	Server running on port 4000 in development node
[2025-11-14 11:50:06] [32minfo[39m: 	MongoDB is connected successfully
[2025-11-14 11:50:06] [32minfo[39m: 	redis connected succefuly
[2025-11-14 11:50:06] [32minfo[39m: 	Server running on port 4000 in development node
[2025-11-14 11:50:09] [32minfo[39m: 	MongoDB is connected successfully
[2025-11-14 11:50:09] [32minfo[39m: 	redis connected succefuly
[2025-11-14 11:50:09] [32minfo[39m: 	Server running on port 4000 in development node
[2025-11-14 11:50:11] [32minfo[39m: 	MongoDB is connected successfully
[2025-11-14 11:50:11] [32minfo[39m: 	redis connected succefuly
[2025-11-14 11:50:11] [32minfo[39m: 	Server running on port 4000 in development node
[2025-11-14 11:50:14] [32minfo[39m: 	Incoming request: POST /api/auth/logout from  REQLOGGER
[2025-11-14 11:50:23] [32minfo[39m: 	Incoming request: POST /api/auth/login from  REQLOGGER
[2025-11-14 11:50:23] [31merror[39m: Error: ERR value is not an integer or out of range
    at Decoder.#decodeSimpleError (D:\brototype\Dishcovery\server\node_modules\@redis\client\lib\RESP\decoder.ts:648:7)
    at Decoder.#decodeTypeValue (D:\brototype\Dishcovery\server\node_modules\@redis\client\lib\RESP\decoder.ts:171:34)
    at Decoder.write (D:\brototype\Dishcovery\server\node_modules\@redis\client\lib\RESP\decoder.ts:90:32)
    at RedisSocket.<anonymous> (D:\brototype\Dishcovery\server\node_modules\@redis\client\lib\client\index.ts:789:29)
    at RedisSocket.emit (node:events:518:28)
    at Socket.<anonymous> (D:\brototype\Dishcovery\server\node_modules\@redis\client\lib\client\socket.ts:297:32)
    at Socket.emit (node:events:518:28)
    at addChunk (node:internal/streams/readable:561:12)
    at readableAddChunkPushByteMode (node:internal/streams/readable:512:3)
    at Socket.Readable.push (node:internal/streams/readable:392:5)
[2025-11-14 11:52:45] [32minfo[39m: 	MongoDB is connected successfully
[2025-11-14 11:52:45] [32minfo[39m: 	redis connected succefuly
[2025-11-14 11:52:45] [32minfo[39m: 	Server running on port 4000 in development node
[2025-11-14 11:52:50] [32minfo[39m: 	Incoming request: POST /api/auth/logout from  REQLOGGER
[2025-11-14 11:53:00] [32minfo[39m: 	Incoming request: POST /api/auth/login from  REQLOGGER
[2025-11-14 11:53:00] [31merror[39m: Error: Invalid email or password
    at AuthService.loginUser (D:\brototype\Dishcovery\server\src\services\implementation\auth.service.ts:61:26)
    at processTicksAndRejections (node:internal/process/task_queues:105:5)
    at AuthController.login (D:\brototype\Dishcovery\server\src\controllers\implementation\auth.controller.ts:31:57)
[2025-11-14 11:54:18] [32minfo[39m: 	Incoming request: POST /api/auth/login from  REQLOGGER
[2025-11-14 11:54:19] [31merror[39m: Error: ERR value is not an integer or out of range
    at Decoder.#decodeSimpleError (D:\brototype\Dishcovery\server\node_modules\@redis\client\lib\RESP\decoder.ts:648:7)
    at Decoder.#decodeTypeValue (D:\brototype\Dishcovery\server\node_modules\@redis\client\lib\RESP\decoder.ts:171:34)
    at Decoder.write (D:\brototype\Dishcovery\server\node_modules\@redis\client\lib\RESP\decoder.ts:90:32)
    at RedisSocket.<anonymous> (D:\brototype\Dishcovery\server\node_modules\@redis\client\lib\client\index.ts:789:29)
    at RedisSocket.emit (node:events:518:28)
    at Socket.<anonymous> (D:\brototype\Dishcovery\server\node_modules\@redis\client\lib\client\socket.ts:297:32)
    at Socket.emit (node:events:518:28)
    at addChunk (node:internal/streams/readable:561:12)
    at readableAddChunkPushByteMode (node:internal/streams/readable:512:3)
    at Socket.Readable.push (node:internal/streams/readable:392:5)
[2025-11-14 11:57:25] [32minfo[39m: 	MongoDB is connected successfully
[2025-11-14 11:57:25] [32minfo[39m: 	redis connected succefuly
[2025-11-14 11:57:25] [32minfo[39m: 	Server running on port 4000 in development node
[2025-11-14 11:57:32] [32minfo[39m: 	Incoming request: POST /api/auth/logout from  REQLOGGER
[2025-11-14 11:57:50] [32minfo[39m: 	Incoming request: POST /api/auth/login from  REQLOGGER
[2025-11-14 11:57:50] [31merror[39m: Error: Invalid REFRESH_EXP value, must be a number in seconds
    at RefreshTokenRepository.getTTL (D:\brototype\Dishcovery\server\src\repostories\implementation\refreshToken.repository.ts:9:19)
    at RefreshTokenRepository.createRefreshToken (D:\brototype\Dishcovery\server\src\repostories\implementation\refreshToken.repository.ts:16:61)
    at AuthService.loginUser (D:\brototype\Dishcovery\server\src\services\implementation\auth.service.ts:72:43)
    at AuthController.login (D:\brototype\Dishcovery\server\src\controllers\implementation\auth.controller.ts:31:57)
[2025-11-14 11:59:56] [32minfo[39m: 	MongoDB is connected successfully
[2025-11-14 11:59:56] [32minfo[39m: 	redis connected succefuly
[2025-11-14 11:59:56] [32minfo[39m: 	Server running on port 4000 in development node
[2025-11-14 12:00:08] [32minfo[39m: 	Incoming request: POST /api/auth/login from  REQLOGGER
[2025-11-14 12:02:00] [32minfo[39m: 	Incoming request: POST /api/auth/logout from  REQLOGGER
[2025-11-14 12:42:06] [32minfo[39m: 	Incoming request: POST /api/auth/login from  REQLOGGER
[2025-11-14 12:42:26] [32minfo[39m: 	Incoming request: POST /api/auth/logout from  REQLOGGER
[2025-11-14 12:43:15] [32minfo[39m: 	Incoming request: POST /api/auth/login from  REQLOGGER
[2025-11-14 12:43:21] [32minfo[39m: 	Incoming request: POST /api/auth/logout from  REQLOGGER
[2025-11-14 12:44:16] [32minfo[39m: 	Incoming request: POST /api/auth/login from  REQLOGGER
[2025-11-14 12:44:30] [32minfo[39m: 	Incoming request: POST /api/auth/logout from  REQLOGGER
[2025-11-14 12:49:07] [32minfo[39m: 	Incoming request: POST /api/auth/login from  REQLOGGER
[2025-11-14 12:49:07] [31merror[39m: ZodError: [
  {
    "origin": "string",
    "code": "invalid_format",
    "format": "email",
    "pattern": "/^(?!\\.)(?!.*\\.\\.)([A-Za-z0-9_'+\\-\\.]*)[A-Za-z0-9_+-]@([A-Za-z0-9][A-Za-z0-9\\-]*\\.)+[A-Za-z]{2,}$/",
    "path": [
      "email"
    ],
    "message": "Invalid email address"
  },
  {
    "origin": "string",
    "code": "too_small",
    "minimum": 8,
    "inclusive": true,
    "path": [
      "password"
    ],
    "message": "Password must be consist atleast 8 characters long"
  }
]
    at AuthController.login (D:\brototype\Dishcovery\server\src\controllers\implementation\auth.controller.ts:30:43)
    at Layer.handleRequest (D:\brototype\Dishcovery\server\node_modules\router\lib\layer.js:152:17)
    at next (D:\brototype\Dishcovery\server\node_modules\router\lib\route.js:157:13)
    at Route.dispatch (D:\brototype\Dishcovery\server\node_modules\router\lib\route.js:117:3)
    at handle (D:\brototype\Dishcovery\server\node_modules\router\index.js:435:11)
    at Layer.handleRequest (D:\brototype\Dishcovery\server\node_modules\router\lib\layer.js:152:17)
    at D:\brototype\Dishcovery\server\node_modules\router\index.js:295:15
    at processParams (D:\brototype\Dishcovery\server\node_modules\router\index.js:582:12)
    at next (D:\brototype\Dishcovery\server\node_modules\router\index.js:291:5)
    at Function.handle (D:\brototype\Dishcovery\server\node_modules\router\index.js:186:3)
[2025-11-14 12:49:18] [32minfo[39m: 	Incoming request: POST /api/auth/login from  REQLOGGER
[2025-11-14 12:53:25] [32minfo[39m: 	Incoming request: POST /api/auth/logout from  REQLOGGER
[2025-11-14 15:08:27] [32minfo[39m: 	MongoDB is connected successfully
[2025-11-14 15:08:27] [32minfo[39m: 	redis connected succefuly
[2025-11-14 15:08:27] [32minfo[39m: 	Server running on port 4000 in development node
[2025-11-14 15:08:39] [32minfo[39m: 	MongoDB is connected successfully
[2025-11-14 15:08:39] [32minfo[39m: 	redis connected succefuly
[2025-11-14 15:08:39] [32minfo[39m: 	Server running on port 4000 in development node
[2025-11-14 15:08:50] [32minfo[39m: 	MongoDB is connected successfully
[2025-11-14 15:08:50] [32minfo[39m: 	redis connected succefuly
[2025-11-14 15:08:50] [32minfo[39m: 	Server running on port 4000 in development node
[2025-11-14 15:09:27] [32minfo[39m: 	MongoDB is connected successfully
[2025-11-14 15:09:27] [32minfo[39m: 	redis connected succefuly
[2025-11-14 15:09:27] [32minfo[39m: 	Server running on port 4000 in development node
[2025-11-14 15:09:29] [32minfo[39m: 	MongoDB is connected successfully
[2025-11-14 15:09:29] [32minfo[39m: 	redis connected succefuly
[2025-11-14 15:09:29] [32minfo[39m: 	Server running on port 4000 in development node
[2025-11-14 15:09:31] [32minfo[39m: 	MongoDB is connected successfully
[2025-11-14 15:09:31] [32minfo[39m: 	redis connected succefuly
[2025-11-14 15:09:31] [32minfo[39m: 	Server running on port 4000 in development node
[2025-11-14 15:09:34] [32minfo[39m: 	MongoDB is connected successfully
[2025-11-14 15:09:34] [32minfo[39m: 	redis connected succefuly
[2025-11-14 15:09:34] [32minfo[39m: 	Server running on port 4000 in development node
[2025-11-14 15:09:35] [32minfo[39m: 	MongoDB is connected successfully
[2025-11-14 15:09:35] [32minfo[39m: 	redis connected succefuly
[2025-11-14 15:09:35] [32minfo[39m: 	Server running on port 4000 in development node
[2025-11-14 22:18:49] [32minfo[39m: 	MongoDB is connected successfully
[2025-11-14 22:18:49] [32minfo[39m: 	redis connected succefuly
[2025-11-14 22:18:49] [32minfo[39m: 	Server running on port 4000 in development node
[2025-11-14 22:19:02] [32minfo[39m: 	Incoming request: POST /api/auth/signup from  REQLOGGER
[2025-11-14 22:19:02] [32minfo[39m: 	email sent
[2025-11-14 22:20:20] [32minfo[39m: 	Incoming request: POST /api/auth/otp-verify from  REQLOGGER
[2025-11-14 22:20:20] [32minfo[39m: 	otp of lenafathima51@gmail.com deleted
[2025-11-14 22:20:20] [32minfo[39m: 	otp of user:lenafathima51@gmail.com =7552 is verified!!
[2025-11-14 22:20:30] [32minfo[39m: 	Incoming request: POST /api/auth/login from  REQLOGGER
[2025-11-14 22:20:30] [31merror[39m: ZodError: [
  {
    "origin": "string",
    "code": "too_small",
    "minimum": 8,
    "inclusive": true,
    "path": [
      "password"
    ],
    "message": "Password must be consist atleast 8 characters long"
  }
]
    at AuthController.login (D:\brototype\Dishcovery\server\src\controllers\implementation\auth.controller.ts:30:43)
    at Layer.handleRequest (D:\brototype\Dishcovery\server\node_modules\router\lib\layer.js:152:17)
    at next (D:\brototype\Dishcovery\server\node_modules\router\lib\route.js:157:13)
    at Route.dispatch (D:\brototype\Dishcovery\server\node_modules\router\lib\route.js:117:3)
    at handle (D:\brototype\Dishcovery\server\node_modules\router\index.js:435:11)
    at Layer.handleRequest (D:\brototype\Dishcovery\server\node_modules\router\lib\layer.js:152:17)
    at D:\brototype\Dishcovery\server\node_modules\router\index.js:295:15
    at processParams (D:\brototype\Dishcovery\server\node_modules\router\index.js:582:12)
    at next (D:\brototype\Dishcovery\server\node_modules\router\index.js:291:5)
    at Function.handle (D:\brototype\Dishcovery\server\node_modules\router\index.js:186:3)
[2025-11-14 22:20:34] [32minfo[39m: 	Incoming request: POST /api/auth/login from  REQLOGGER
[2025-11-14 22:21:02] [31merror[39m: Error: Connection timeout
    at SMTPConnection._formatError (D:\brototype\Dishcovery\server\node_modules\nodemailer\lib\smtp-connection\index.js:809:19)
    at SMTPConnection._onError (D:\brototype\Dishcovery\server\node_modules\nodemailer\lib\smtp-connection\index.js:795:20)
    at Timeout.<anonymous> (D:\brototype\Dishcovery\server\node_modules\nodemailer\lib\smtp-connection\index.js:237:22)
    at listOnTimeout (node:internal/timers:594:17)
    at processTimers (node:internal/timers:529:7)
[2025-11-14 22:23:55] [32minfo[39m: 	MongoDB is connected successfully
[2025-11-14 22:23:55] [32minfo[39m: 	redis connected succefuly
[2025-11-14 22:23:55] [32minfo[39m: 	Server running on port 4000 in development node
[2025-11-14 22:24:17] [32minfo[39m: 	Incoming request: POST /api/auth/login from  REQLOGGER
[2025-11-14 22:27:33] [32minfo[39m: 	Incoming request: POST /api/auth/logout from  REQLOGGER
[2025-11-14 22:30:45] [32minfo[39m: 	Incoming request: POST /api/auth/signup from  REQLOGGER
[2025-11-14 22:30:45] [32minfo[39m: 	email sent
[2025-11-14 22:31:33] [32minfo[39m: 	Incoming request: POST /api/auth/otp-verify from  REQLOGGER
[2025-11-14 22:31:33] [32minfo[39m: 	otp of anshidaansari9a@gmail.com deleted
[2025-11-14 22:31:33] [32minfo[39m: 	otp of user:anshidaansari9a@gmail.com =5462 is verified!!
[2025-11-14 22:31:57] [32minfo[39m: 	Incoming request: POST /api/auth/login from  REQLOGGER
[2025-11-14 22:32:45] [31merror[39m: Error: Connection timeout
    at SMTPConnection._formatError (D:\brototype\Dishcovery\server\node_modules\nodemailer\lib\smtp-connection\index.js:809:19)
    at SMTPConnection._onError (D:\brototype\Dishcovery\server\node_modules\nodemailer\lib\smtp-connection\index.js:795:20)
    at Timeout.<anonymous> (D:\brototype\Dishcovery\server\node_modules\nodemailer\lib\smtp-connection\index.js:237:22)
    at listOnTimeout (node:internal/timers:594:17)
    at processTimers (node:internal/timers:529:7)
[2025-11-14 22:48:03] [32minfo[39m: 	MongoDB is connected successfully
[2025-11-14 22:48:03] [32minfo[39m: 	redis connected succefuly
[2025-11-14 22:48:03] [32minfo[39m: 	Server running on port 4000 in development node
[2025-11-14 22:48:38] [32minfo[39m: 	Incoming request: POST /api/auth/login from  REQLOGGER
[2025-11-14 22:54:24] [32minfo[39m: 	MongoDB is connected successfully
[2025-11-14 22:54:24] [32minfo[39m: 	redis connected succefuly
[2025-11-14 22:54:24] [32minfo[39m: 	Server running on port 4000 in development node
[2025-11-14 22:54:30] [32minfo[39m: 	MongoDB is connected successfully
[2025-11-14 22:54:30] [32minfo[39m: 	redis connected succefuly
[2025-11-14 22:54:30] [32minfo[39m: 	Server running on port 4000 in development node
[2025-11-14 22:55:49] [32minfo[39m: 	MongoDB is connected successfully
[2025-11-14 22:55:49] [32minfo[39m: 	redis connected succefuly
[2025-11-14 22:55:49] [32minfo[39m: 	Server running on port 4000 in development node
[2025-11-14 22:56:05] [32minfo[39m: 	MongoDB is connected successfully
[2025-11-14 22:56:05] [32minfo[39m: 	redis connected succefuly
[2025-11-14 22:56:05] [32minfo[39m: 	Server running on port 4000 in development node
[2025-11-14 23:02:44] [32minfo[39m: 	MongoDB is connected successfully
[2025-11-14 23:02:44] [32minfo[39m: 	redis connected succefuly
[2025-11-14 23:02:44] [32minfo[39m: 	Server running on port 4000 in development node
[2025-11-14 23:02:47] [32minfo[39m: 	MongoDB is connected successfully
[2025-11-14 23:02:47] [32minfo[39m: 	redis connected succefuly
[2025-11-14 23:02:47] [32minfo[39m: 	Server running on port 4000 in development node
[2025-11-14 23:15:08] [32minfo[39m: 	MongoDB is connected successfully
[2025-11-14 23:15:08] [32minfo[39m: 	redis connected succefuly
[2025-11-14 23:15:08] [32minfo[39m: 	Server running on port 4000 in development node
[2025-11-14 23:29:15] [32minfo[39m: 	MongoDB is connected successfully
[2025-11-14 23:29:15] [32minfo[39m: 	redis connected succefuly
[2025-11-14 23:29:15] [32minfo[39m: 	Server running on port 4000 in development node
[2025-11-14 23:46:29] [32minfo[39m: 	MongoDB is connected successfully
[2025-11-14 23:46:29] [32minfo[39m: 	redis connected succefuly
[2025-11-14 23:46:29] [32minfo[39m: 	Server running on port 4000 in development node
[2025-11-14 23:54:09] [32minfo[39m: 	MongoDB is connected successfully
[2025-11-14 23:54:09] [32minfo[39m: 	redis connected succefuly
[2025-11-14 23:54:09] [32minfo[39m: 	Server running on port 4000 in development node
