[2025-11-28 00:00:08] [32minfo[39m: 	Incoming request: POST /api/chef/blog-add from  REQLOGGER
[2025-11-28 00:00:08] [32minfo[39m: 	middleware 1
[2025-11-28 00:00:11] [32minfo[39m: 	Incoming request: GET /api/chef/blog-listing?page=1&limit=10 from  REQLOGGER
[2025-11-28 00:00:11] [32minfo[39m: 	middleware 1
[2025-11-28 00:00:11] [32minfo[39m: 	Incoming request: GET /api/chef/blog-listing?page=1&limit=10 from  REQLOGGER
[2025-11-28 00:00:11] [32minfo[39m: 	middleware 1
[2025-11-28 00:01:17] [32minfo[39m: 	Incoming request: POST /api/chef/blog-add from  REQLOGGER
[2025-11-28 00:01:17] [32minfo[39m: 	middleware 1
[2025-11-28 00:01:22] [32minfo[39m: 	Incoming request: GET /api/chef/blog-listing?page=1&limit=10 from  REQLOGGER
[2025-11-28 00:01:22] [32minfo[39m: 	middleware 1
[2025-11-28 00:01:22] [32minfo[39m: 	Incoming request: GET /api/chef/blog-listing?page=1&limit=10 from  REQLOGGER
[2025-11-28 00:01:22] [32minfo[39m: 	middleware 1
[2025-11-28 00:02:26] [32minfo[39m: 	Incoming request: POST /api/chef/blog-add from  REQLOGGER
[2025-11-28 00:02:26] [32minfo[39m: 	middleware 1
[2025-11-28 00:02:28] [32minfo[39m: 	Incoming request: GET /api/chef/blog-listing?page=1&limit=10 from  REQLOGGER
[2025-11-28 00:02:28] [32minfo[39m: 	middleware 1
[2025-11-28 00:02:28] [32minfo[39m: 	Incoming request: GET /api/chef/blog-listing?page=1&limit=10 from  REQLOGGER
[2025-11-28 00:02:28] [32minfo[39m: 	middleware 1
[2025-11-28 00:02:36] [32minfo[39m: 	Incoming request: GET /api/chef/blog-listing?page=1&limit=10 from  REQLOGGER
[2025-11-28 00:02:36] [32minfo[39m: 	middleware 1
[2025-11-28 00:02:37] [32minfo[39m: 	Incoming request: GET /api/chef/blog-listing?page=1&limit=10 from  REQLOGGER
[2025-11-28 00:02:37] [32minfo[39m: 	middleware 1
[2025-11-28 00:03:44] [32minfo[39m: 	Incoming request: POST /api/chef/blog-add from  REQLOGGER
[2025-11-28 00:03:44] [32minfo[39m: 	middleware 1
[2025-11-28 00:03:46] [32minfo[39m: 	Incoming request: GET /api/chef/blog-listing?page=1&limit=10 from  REQLOGGER
[2025-11-28 00:03:46] [32minfo[39m: 	middleware 1
[2025-11-28 00:03:46] [32minfo[39m: 	Incoming request: GET /api/chef/blog-listing?page=1&limit=10 from  REQLOGGER
[2025-11-28 00:03:46] [32minfo[39m: 	middleware 1
[2025-11-28 00:03:52] [32minfo[39m: 	Incoming request: GET /api/chef/blog-details/6928998875bd5a4c804ca65a from  REQLOGGER
[2025-11-28 00:03:52] [32minfo[39m: 	middleware 1
[2025-11-28 00:03:52] [32minfo[39m: 	Incoming request: GET /api/chef/blog-details/6928998875bd5a4c804ca65a from  REQLOGGER
[2025-11-28 00:03:52] [32minfo[39m: 	middleware 1
[2025-11-28 00:04:18] [32minfo[39m: 	Incoming request: GET /api/chef/blog-listing?page=1&limit=10 from  REQLOGGER
[2025-11-28 00:04:18] [32minfo[39m: 	middleware 1
[2025-11-28 00:04:18] [32minfo[39m: TokenExpiredError: jwt expired
    at D:\brototype\Dishcovery\server\node_modules\jsonwebtoken\verify.js:190:21
    at getSecret (D:\brototype\Dishcovery\server\node_modules\jsonwebtoken\verify.js:97:14)
    at Object.module.exports [as verify] (D:\brototype\Dishcovery\server\node_modules\jsonwebtoken\verify.js:101:10)
    at verifyAccess (D:\brototype\Dishcovery\server\src\middlewares\verifyAccess.ts:27:29)
    at Layer.handleRequest (D:\brototype\Dishcovery\server\node_modules\router\lib\layer.js:152:17)
    at next (D:\brototype\Dishcovery\server\node_modules\router\lib\route.js:157:13)
    at Route.dispatch (D:\brototype\Dishcovery\server\node_modules\router\lib\route.js:117:3)
    at handle (D:\brototype\Dishcovery\server\node_modules\router\index.js:435:11)
    at Layer.handleRequest (D:\brototype\Dishcovery\server\node_modules\router\lib\layer.js:152:17)
    at D:\brototype\Dishcovery\server\node_modules\router\index.js:295:15
[2025-11-28 00:04:18] [32minfo[39m: 	Incoming request: GET /api/chef/blog-listing?page=1&limit=10 from  REQLOGGER
[2025-11-28 00:04:18] [32minfo[39m: 	middleware 1
[2025-11-28 00:04:18] [32minfo[39m: TokenExpiredError: jwt expired
    at D:\brototype\Dishcovery\server\node_modules\jsonwebtoken\verify.js:190:21
    at getSecret (D:\brototype\Dishcovery\server\node_modules\jsonwebtoken\verify.js:97:14)
    at Object.module.exports [as verify] (D:\brototype\Dishcovery\server\node_modules\jsonwebtoken\verify.js:101:10)
    at verifyAccess (D:\brototype\Dishcovery\server\src\middlewares\verifyAccess.ts:27:29)
    at Layer.handleRequest (D:\brototype\Dishcovery\server\node_modules\router\lib\layer.js:152:17)
    at next (D:\brototype\Dishcovery\server\node_modules\router\lib\route.js:157:13)
    at Route.dispatch (D:\brototype\Dishcovery\server\node_modules\router\lib\route.js:117:3)
    at handle (D:\brototype\Dishcovery\server\node_modules\router\index.js:435:11)
    at Layer.handleRequest (D:\brototype\Dishcovery\server\node_modules\router\lib\layer.js:152:17)
    at D:\brototype\Dishcovery\server\node_modules\router\index.js:295:15
[2025-11-28 00:04:18] [32minfo[39m: 	Incoming request: POST /api/auth/refresh from  REQLOGGER
[2025-11-28 00:04:18] [32minfo[39m: 	Incoming request: POST /api/auth/refresh from  REQLOGGER
[2025-11-28 00:04:18] [32minfo[39m: 	Incoming request: GET /api/chef/blog-listing?page=1&limit=10 from  REQLOGGER
[2025-11-28 00:04:18] [32minfo[39m: 	middleware 1
[2025-11-28 00:04:18] [32minfo[39m: 	Incoming request: GET /api/chef/blog-listing?page=1&limit=10 from  REQLOGGER
[2025-11-28 00:04:18] [32minfo[39m: 	middleware 1
[2025-11-28 00:05:05] [32minfo[39m: 	Incoming request: POST /api/chef/blog-add from  REQLOGGER
[2025-11-28 00:05:05] [32minfo[39m: 	middleware 1
[2025-11-28 00:05:07] [32minfo[39m: 	Incoming request: GET /api/chef/blog-listing?page=1&limit=10 from  REQLOGGER
[2025-11-28 00:05:07] [32minfo[39m: 	middleware 1
[2025-11-28 00:05:07] [32minfo[39m: 	Incoming request: GET /api/chef/blog-listing?page=1&limit=10 from  REQLOGGER
[2025-11-28 00:05:07] [32minfo[39m: 	middleware 1
[2025-11-28 00:05:50] [32minfo[39m: 	Incoming request: POST /api/chef/blog-add from  REQLOGGER
[2025-11-28 00:05:50] [32minfo[39m: 	middleware 1
[2025-11-28 00:05:52] [32minfo[39m: 	Incoming request: GET /api/chef/blog-listing?page=1&limit=10 from  REQLOGGER
[2025-11-28 00:05:52] [32minfo[39m: 	middleware 1
[2025-11-28 00:05:52] [32minfo[39m: 	Incoming request: GET /api/chef/blog-listing?page=1&limit=10 from  REQLOGGER
[2025-11-28 00:05:52] [32minfo[39m: 	middleware 1
[2025-11-28 00:06:52] [32minfo[39m: 	Incoming request: GET /api/chef/blog-listing?page=1&limit=10 from  REQLOGGER
[2025-11-28 00:06:52] [32minfo[39m: 	middleware 1
[2025-11-28 00:06:52] [32minfo[39m: 	Incoming request: GET /api/chef/blog-listing?page=1&limit=10 from  REQLOGGER
[2025-11-28 00:06:52] [32minfo[39m: 	middleware 1
[2025-11-28 00:09:54] [32minfo[39m: 	Incoming request: GET /api/chef/blog-listing?page=1&limit=10 from  REQLOGGER
[2025-11-28 00:09:54] [32minfo[39m: 	middleware 1
[2025-11-28 00:09:54] [32minfo[39m: 	Incoming request: GET /api/chef/blog-listing?page=1&limit=10 from  REQLOGGER
[2025-11-28 00:09:54] [32minfo[39m: 	middleware 1
[2025-11-28 00:10:39] [32minfo[39m: 	Incoming request: GET /api/chef/blog-listing?page=1&limit=10 from  REQLOGGER
[2025-11-28 00:10:39] [32minfo[39m: 	middleware 1
[2025-11-28 00:10:39] [32minfo[39m: 	Incoming request: GET /api/chef/blog-listing?page=1&limit=10 from  REQLOGGER
[2025-11-28 00:10:39] [32minfo[39m: 	middleware 1
[2025-11-28 00:10:44] [32minfo[39m: 	Incoming request: GET /api/chef/blog-listing?page=1&limit=10 from  REQLOGGER
[2025-11-28 00:10:44] [32minfo[39m: 	middleware 1
[2025-11-28 00:10:44] [32minfo[39m: 	Incoming request: GET /api/chef/blog-listing?page=1&limit=10 from  REQLOGGER
[2025-11-28 00:10:44] [32minfo[39m: 	middleware 1
[2025-11-28 00:11:58] [32minfo[39m: 	Incoming request: GET /api/chef/blog-listing?page=1&limit=5 from  REQLOGGER
[2025-11-28 00:11:58] [32minfo[39m: 	middleware 1
[2025-11-28 00:11:58] [32minfo[39m: 	Incoming request: GET /api/chef/blog-listing?page=1&limit=5 from  REQLOGGER
[2025-11-28 00:11:58] [32minfo[39m: 	middleware 1
[2025-11-28 00:12:06] [32minfo[39m: 	Incoming request: GET /api/chef/blog-listing?page=2&limit=5 from  REQLOGGER
[2025-11-28 00:12:06] [32minfo[39m: 	middleware 1
[2025-11-28 00:12:10] [32minfo[39m: 	Incoming request: GET /api/chef/blog-listing?page=1&limit=5 from  REQLOGGER
[2025-11-28 00:12:10] [32minfo[39m: 	middleware 1
[2025-11-28 00:12:47] [32minfo[39m: 	Incoming request: GET /api/chef/blog-listing?page=2&limit=5 from  REQLOGGER
[2025-11-28 00:12:47] [32minfo[39m: 	middleware 1
[2025-11-28 00:12:49] [32minfo[39m: 	Incoming request: GET /api/chef/blog-details/692898b075bd5a4c804ca639 from  REQLOGGER
[2025-11-28 00:12:49] [32minfo[39m: 	middleware 1
[2025-11-28 00:12:49] [32minfo[39m: 	Incoming request: GET /api/chef/blog-details/692898b075bd5a4c804ca639 from  REQLOGGER
[2025-11-28 00:12:49] [32minfo[39m: 	middleware 1
[2025-11-28 00:12:54] [32minfo[39m: 	Incoming request: GET /api/chef/blog-details/692898b075bd5a4c804ca639 from  REQLOGGER
[2025-11-28 00:12:54] [32minfo[39m: 	middleware 1
[2025-11-28 00:12:54] [32minfo[39m: 	Incoming request: GET /api/chef/blog-details/692898b075bd5a4c804ca639 from  REQLOGGER
[2025-11-28 00:12:54] [32minfo[39m: 	middleware 1
[2025-11-28 00:13:11] [32minfo[39m: 	Incoming request: GET /api/chef/blog-listing?page=1&limit=5 from  REQLOGGER
[2025-11-28 00:13:11] [32minfo[39m: 	middleware 1
[2025-11-28 00:13:11] [32minfo[39m: 	Incoming request: GET /api/chef/blog-listing?page=1&limit=5 from  REQLOGGER
[2025-11-28 00:13:11] [32minfo[39m: 	middleware 1
[2025-11-28 00:13:50] [32minfo[39m: 	Incoming request: GET /api/foodie/recipe-listing?page=1&limit=5&search= from  REQLOGGER
[2025-11-28 00:13:50] [32minfo[39m: 	Incoming request: GET /api/foodie/recipe-listing?page=1&limit=5&search= from  REQLOGGER
[2025-11-28 00:13:58] [32minfo[39m: 	Incoming request: GET /api/chef/blog-listing?page=1&limit=5 from  REQLOGGER
[2025-11-28 00:13:58] [32minfo[39m: 	middleware 1
[2025-11-28 00:13:58] [32minfo[39m: 	Incoming request: GET /api/chef/blog-listing?page=1&limit=5 from  REQLOGGER
[2025-11-28 00:13:58] [32minfo[39m: 	middleware 1
[2025-11-28 00:13:59] [32minfo[39m: 	Incoming request: GET /api/foodie/recipe-listing?page=1&limit=5&search= from  REQLOGGER
[2025-11-28 00:13:59] [32minfo[39m: 	Incoming request: GET /api/foodie/recipe-listing?page=1&limit=5&search= from  REQLOGGER
[2025-11-28 01:03:42] [32minfo[39m: 	Incoming request: GET /api/chef/blog-listing?page=1&limit=5 from  REQLOGGER
[2025-11-28 01:03:42] [32minfo[39m: 	middleware 1
[2025-11-28 01:03:42] [32minfo[39m: TokenExpiredError: jwt expired
    at D:\brototype\Dishcovery\server\node_modules\jsonwebtoken\verify.js:190:21
    at getSecret (D:\brototype\Dishcovery\server\node_modules\jsonwebtoken\verify.js:97:14)
    at Object.module.exports [as verify] (D:\brototype\Dishcovery\server\node_modules\jsonwebtoken\verify.js:101:10)
    at verifyAccess (D:\brototype\Dishcovery\server\src\middlewares\verifyAccess.ts:27:29)
    at Layer.handleRequest (D:\brototype\Dishcovery\server\node_modules\router\lib\layer.js:152:17)
    at next (D:\brototype\Dishcovery\server\node_modules\router\lib\route.js:157:13)
    at Route.dispatch (D:\brototype\Dishcovery\server\node_modules\router\lib\route.js:117:3)
    at handle (D:\brototype\Dishcovery\server\node_modules\router\index.js:435:11)
    at Layer.handleRequest (D:\brototype\Dishcovery\server\node_modules\router\lib\layer.js:152:17)
    at D:\brototype\Dishcovery\server\node_modules\router\index.js:295:15
[2025-11-28 01:03:42] [32minfo[39m: 	Incoming request: GET /api/chef/blog-listing?page=1&limit=5 from  REQLOGGER
[2025-11-28 01:03:42] [32minfo[39m: 	middleware 1
[2025-11-28 01:03:42] [32minfo[39m: TokenExpiredError: jwt expired
    at D:\brototype\Dishcovery\server\node_modules\jsonwebtoken\verify.js:190:21
    at getSecret (D:\brototype\Dishcovery\server\node_modules\jsonwebtoken\verify.js:97:14)
    at Object.module.exports [as verify] (D:\brototype\Dishcovery\server\node_modules\jsonwebtoken\verify.js:101:10)
    at verifyAccess (D:\brototype\Dishcovery\server\src\middlewares\verifyAccess.ts:27:29)
    at Layer.handleRequest (D:\brototype\Dishcovery\server\node_modules\router\lib\layer.js:152:17)
    at next (D:\brototype\Dishcovery\server\node_modules\router\lib\route.js:157:13)
    at Route.dispatch (D:\brototype\Dishcovery\server\node_modules\router\lib\route.js:117:3)
    at handle (D:\brototype\Dishcovery\server\node_modules\router\index.js:435:11)
    at Layer.handleRequest (D:\brototype\Dishcovery\server\node_modules\router\lib\layer.js:152:17)
    at D:\brototype\Dishcovery\server\node_modules\router\index.js:295:15
[2025-11-28 01:03:42] [32minfo[39m: 	Incoming request: POST /api/auth/refresh from  REQLOGGER
[2025-11-28 01:03:42] [32minfo[39m: 	Incoming request: POST /api/auth/refresh from  REQLOGGER
[2025-11-28 01:03:42] [32minfo[39m: 	Incoming request: GET /api/chef/blog-listing?page=1&limit=5 from  REQLOGGER
[2025-11-28 01:03:42] [32minfo[39m: 	middleware 1
[2025-11-28 01:03:42] [32minfo[39m: 	Incoming request: GET /api/chef/blog-listing?page=1&limit=5 from  REQLOGGER
[2025-11-28 01:03:42] [32minfo[39m: 	middleware 1
[2025-11-28 01:03:43] [32minfo[39m: 	Incoming request: GET /api/foodie/recipe-listing?page=1&limit=5&search= from  REQLOGGER
[2025-11-28 01:03:43] [32minfo[39m: 	Incoming request: GET /api/foodie/recipe-listing?page=1&limit=5&search= from  REQLOGGER
[2025-11-28 03:30:53] [32minfo[39m: 	Incoming request: GET /api/chef/blog-listing?page=1&limit=5 from  REQLOGGER
[2025-11-28 03:30:53] [32minfo[39m: 	middleware 1
[2025-11-28 03:30:53] [32minfo[39m: TokenExpiredError: jwt expired
    at D:\brototype\Dishcovery\server\node_modules\jsonwebtoken\verify.js:190:21
    at getSecret (D:\brototype\Dishcovery\server\node_modules\jsonwebtoken\verify.js:97:14)
    at Object.module.exports [as verify] (D:\brototype\Dishcovery\server\node_modules\jsonwebtoken\verify.js:101:10)
    at verifyAccess (D:\brototype\Dishcovery\server\src\middlewares\verifyAccess.ts:27:29)
    at Layer.handleRequest (D:\brototype\Dishcovery\server\node_modules\router\lib\layer.js:152:17)
    at next (D:\brototype\Dishcovery\server\node_modules\router\lib\route.js:157:13)
    at Route.dispatch (D:\brototype\Dishcovery\server\node_modules\router\lib\route.js:117:3)
    at handle (D:\brototype\Dishcovery\server\node_modules\router\index.js:435:11)
    at Layer.handleRequest (D:\brototype\Dishcovery\server\node_modules\router\lib\layer.js:152:17)
    at D:\brototype\Dishcovery\server\node_modules\router\index.js:295:15
[2025-11-28 03:30:53] [32minfo[39m: 	Incoming request: GET /api/chef/blog-listing?page=1&limit=5 from  REQLOGGER
[2025-11-28 03:30:53] [32minfo[39m: 	middleware 1
[2025-11-28 03:30:53] [32minfo[39m: TokenExpiredError: jwt expired
    at D:\brototype\Dishcovery\server\node_modules\jsonwebtoken\verify.js:190:21
    at getSecret (D:\brototype\Dishcovery\server\node_modules\jsonwebtoken\verify.js:97:14)
    at Object.module.exports [as verify] (D:\brototype\Dishcovery\server\node_modules\jsonwebtoken\verify.js:101:10)
    at verifyAccess (D:\brototype\Dishcovery\server\src\middlewares\verifyAccess.ts:27:29)
    at Layer.handleRequest (D:\brototype\Dishcovery\server\node_modules\router\lib\layer.js:152:17)
    at next (D:\brototype\Dishcovery\server\node_modules\router\lib\route.js:157:13)
    at Route.dispatch (D:\brototype\Dishcovery\server\node_modules\router\lib\route.js:117:3)
    at handle (D:\brototype\Dishcovery\server\node_modules\router\index.js:435:11)
    at Layer.handleRequest (D:\brototype\Dishcovery\server\node_modules\router\lib\layer.js:152:17)
    at D:\brototype\Dishcovery\server\node_modules\router\index.js:295:15
[2025-11-28 03:30:54] [32minfo[39m: 	Incoming request: POST /api/auth/refresh from  REQLOGGER
[2025-11-28 03:30:54] [32minfo[39m: 	Incoming request: POST /api/auth/refresh from  REQLOGGER
[2025-11-28 03:30:54] [32minfo[39m: 	Incoming request: GET /api/foodie/recipe-listing?page=1&limit=5&search= from  REQLOGGER
[2025-11-28 03:30:54] [32minfo[39m: 	Incoming request: GET /api/foodie/recipe-listing?page=1&limit=5&search= from  REQLOGGER
[2025-11-28 03:30:54] [32minfo[39m: 	Incoming request: GET /api/chef/blog-listing?page=1&limit=5 from  REQLOGGER
[2025-11-28 03:30:54] [32minfo[39m: 	middleware 1
[2025-11-28 03:30:54] [32minfo[39m: TokenExpiredError: jwt expired
    at D:\brototype\Dishcovery\server\node_modules\jsonwebtoken\verify.js:190:21
    at getSecret (D:\brototype\Dishcovery\server\node_modules\jsonwebtoken\verify.js:97:14)
    at Object.module.exports [as verify] (D:\brototype\Dishcovery\server\node_modules\jsonwebtoken\verify.js:101:10)
    at verifyAccess (D:\brototype\Dishcovery\server\src\middlewares\verifyAccess.ts:27:29)
    at Layer.handleRequest (D:\brototype\Dishcovery\server\node_modules\router\lib\layer.js:152:17)
    at next (D:\brototype\Dishcovery\server\node_modules\router\lib\route.js:157:13)
    at Route.dispatch (D:\brototype\Dishcovery\server\node_modules\router\lib\route.js:117:3)
    at handle (D:\brototype\Dishcovery\server\node_modules\router\index.js:435:11)
    at Layer.handleRequest (D:\brototype\Dishcovery\server\node_modules\router\lib\layer.js:152:17)
    at D:\brototype\Dishcovery\server\node_modules\router\index.js:295:15
[2025-11-28 03:30:54] [32minfo[39m: 	Incoming request: GET /api/chef/blog-listing?page=1&limit=5 from  REQLOGGER
[2025-11-28 03:30:54] [32minfo[39m: 	middleware 1
[2025-11-28 03:30:54] [32minfo[39m: TokenExpiredError: jwt expired
    at D:\brototype\Dishcovery\server\node_modules\jsonwebtoken\verify.js:190:21
    at getSecret (D:\brototype\Dishcovery\server\node_modules\jsonwebtoken\verify.js:97:14)
    at Object.module.exports [as verify] (D:\brototype\Dishcovery\server\node_modules\jsonwebtoken\verify.js:101:10)
    at verifyAccess (D:\brototype\Dishcovery\server\src\middlewares\verifyAccess.ts:27:29)
    at Layer.handleRequest (D:\brototype\Dishcovery\server\node_modules\router\lib\layer.js:152:17)
    at next (D:\brototype\Dishcovery\server\node_modules\router\lib\route.js:157:13)
    at Route.dispatch (D:\brototype\Dishcovery\server\node_modules\router\lib\route.js:117:3)
    at handle (D:\brototype\Dishcovery\server\node_modules\router\index.js:435:11)
    at Layer.handleRequest (D:\brototype\Dishcovery\server\node_modules\router\lib\layer.js:152:17)
    at D:\brototype\Dishcovery\server\node_modules\router\index.js:295:15
[2025-11-28 03:30:54] [32minfo[39m: 	Incoming request: POST /api/auth/refresh from  REQLOGGER
[2025-11-28 03:30:54] [31merror[39m: Error: 	refresh token creation failed
    at AuthService.refreshToken (D:\brototype\Dishcovery\server\src\services\implementation\auth.service.ts:192:19)
    at processTicksAndRejections (node:internal/process/task_queues:105:5)
    at AuthController.refreshToken (D:\brototype\Dishcovery\server\src\controllers\implementation\auth.controller.ts:98:28)
[2025-11-28 03:30:54] [32minfo[39m: 	Incoming request: POST /api/auth/refresh from  REQLOGGER
[2025-11-28 03:30:54] [31merror[39m: Error: 	refresh token creation failed
    at AuthService.refreshToken (D:\brototype\Dishcovery\server\src\services\implementation\auth.service.ts:192:19)
    at processTicksAndRejections (node:internal/process/task_queues:105:5)
    at AuthController.refreshToken (D:\brototype\Dishcovery\server\src\controllers\implementation\auth.controller.ts:98:28)
[2025-11-28 11:57:48] [32minfo[39m: 	Incoming request: GET /api/chef/blog-listing?page=1&limit=5 from  REQLOGGER
[2025-11-28 11:57:48] [32minfo[39m: 	middleware 1
[2025-11-28 11:57:48] [32minfo[39m: TokenExpiredError: jwt expired
    at D:\brototype\Dishcovery\server\node_modules\jsonwebtoken\verify.js:190:21
    at getSecret (D:\brototype\Dishcovery\server\node_modules\jsonwebtoken\verify.js:97:14)
    at Object.module.exports [as verify] (D:\brototype\Dishcovery\server\node_modules\jsonwebtoken\verify.js:101:10)
    at verifyAccess (D:\brototype\Dishcovery\server\src\middlewares\verifyAccess.ts:27:29)
    at Layer.handleRequest (D:\brototype\Dishcovery\server\node_modules\router\lib\layer.js:152:17)
    at next (D:\brototype\Dishcovery\server\node_modules\router\lib\route.js:157:13)
    at Route.dispatch (D:\brototype\Dishcovery\server\node_modules\router\lib\route.js:117:3)
    at handle (D:\brototype\Dishcovery\server\node_modules\router\index.js:435:11)
    at Layer.handleRequest (D:\brototype\Dishcovery\server\node_modules\router\lib\layer.js:152:17)
    at D:\brototype\Dishcovery\server\node_modules\router\index.js:295:15
[2025-11-28 11:57:48] [32minfo[39m: 	Incoming request: GET /api/chef/blog-listing?page=1&limit=5 from  REQLOGGER
[2025-11-28 11:57:48] [32minfo[39m: 	middleware 1
[2025-11-28 11:57:48] [32minfo[39m: TokenExpiredError: jwt expired
    at D:\brototype\Dishcovery\server\node_modules\jsonwebtoken\verify.js:190:21
    at getSecret (D:\brototype\Dishcovery\server\node_modules\jsonwebtoken\verify.js:97:14)
    at Object.module.exports [as verify] (D:\brototype\Dishcovery\server\node_modules\jsonwebtoken\verify.js:101:10)
    at verifyAccess (D:\brototype\Dishcovery\server\src\middlewares\verifyAccess.ts:27:29)
    at Layer.handleRequest (D:\brototype\Dishcovery\server\node_modules\router\lib\layer.js:152:17)
    at next (D:\brototype\Dishcovery\server\node_modules\router\lib\route.js:157:13)
    at Route.dispatch (D:\brototype\Dishcovery\server\node_modules\router\lib\route.js:117:3)
    at handle (D:\brototype\Dishcovery\server\node_modules\router\index.js:435:11)
    at Layer.handleRequest (D:\brototype\Dishcovery\server\node_modules\router\lib\layer.js:152:17)
    at D:\brototype\Dishcovery\server\node_modules\router\index.js:295:15
[2025-11-28 11:57:49] [32minfo[39m: 	Incoming request: POST /api/auth/refresh from  REQLOGGER
[2025-11-28 11:57:49] [31merror[39m: Error: 	refresh token creation failed
    at AuthService.refreshToken (D:\brototype\Dishcovery\server\src\services\implementation\auth.service.ts:192:19)
    at processTicksAndRejections (node:internal/process/task_queues:105:5)
    at AuthController.refreshToken (D:\brototype\Dishcovery\server\src\controllers\implementation\auth.controller.ts:98:28)
[2025-11-28 11:57:49] [32minfo[39m: 	Incoming request: POST /api/auth/refresh from  REQLOGGER
[2025-11-28 11:57:49] [31merror[39m: Error: 	refresh token creation failed
    at AuthService.refreshToken (D:\brototype\Dishcovery\server\src\services\implementation\auth.service.ts:192:19)
    at processTicksAndRejections (node:internal/process/task_queues:105:5)
    at AuthController.refreshToken (D:\brototype\Dishcovery\server\src\controllers\implementation\auth.controller.ts:98:28)
[2025-11-28 11:57:55] [32minfo[39m: 	Incoming request: GET /api/chef/blog-listing?page=1&limit=5 from  REQLOGGER
[2025-11-28 11:57:55] [32minfo[39m: 	middleware 1
[2025-11-28 11:57:55] [32minfo[39m: TokenExpiredError: jwt expired
    at D:\brototype\Dishcovery\server\node_modules\jsonwebtoken\verify.js:190:21
    at getSecret (D:\brototype\Dishcovery\server\node_modules\jsonwebtoken\verify.js:97:14)
    at Object.module.exports [as verify] (D:\brototype\Dishcovery\server\node_modules\jsonwebtoken\verify.js:101:10)
    at verifyAccess (D:\brototype\Dishcovery\server\src\middlewares\verifyAccess.ts:27:29)
    at Layer.handleRequest (D:\brototype\Dishcovery\server\node_modules\router\lib\layer.js:152:17)
    at next (D:\brototype\Dishcovery\server\node_modules\router\lib\route.js:157:13)
    at Route.dispatch (D:\brototype\Dishcovery\server\node_modules\router\lib\route.js:117:3)
    at handle (D:\brototype\Dishcovery\server\node_modules\router\index.js:435:11)
    at Layer.handleRequest (D:\brototype\Dishcovery\server\node_modules\router\lib\layer.js:152:17)
    at D:\brototype\Dishcovery\server\node_modules\router\index.js:295:15
[2025-11-28 11:57:55] [32minfo[39m: 	Incoming request: GET /api/chef/blog-listing?page=1&limit=5 from  REQLOGGER
[2025-11-28 11:57:55] [32minfo[39m: 	middleware 1
[2025-11-28 11:57:55] [32minfo[39m: TokenExpiredError: jwt expired
    at D:\brototype\Dishcovery\server\node_modules\jsonwebtoken\verify.js:190:21
    at getSecret (D:\brototype\Dishcovery\server\node_modules\jsonwebtoken\verify.js:97:14)
    at Object.module.exports [as verify] (D:\brototype\Dishcovery\server\node_modules\jsonwebtoken\verify.js:101:10)
    at verifyAccess (D:\brototype\Dishcovery\server\src\middlewares\verifyAccess.ts:27:29)
    at Layer.handleRequest (D:\brototype\Dishcovery\server\node_modules\router\lib\layer.js:152:17)
    at next (D:\brototype\Dishcovery\server\node_modules\router\lib\route.js:157:13)
    at Route.dispatch (D:\brototype\Dishcovery\server\node_modules\router\lib\route.js:117:3)
    at handle (D:\brototype\Dishcovery\server\node_modules\router\index.js:435:11)
    at Layer.handleRequest (D:\brototype\Dishcovery\server\node_modules\router\lib\layer.js:152:17)
    at D:\brototype\Dishcovery\server\node_modules\router\index.js:295:15
[2025-11-28 11:57:55] [32minfo[39m: 	Incoming request: POST /api/auth/refresh from  REQLOGGER
[2025-11-28 11:57:55] [32minfo[39m: 	Incoming request: POST /api/auth/refresh from  REQLOGGER
[2025-11-28 11:57:55] [31merror[39m: Error: 	refresh token creation failed
    at AuthService.refreshToken (D:\brototype\Dishcovery\server\src\services\implementation\auth.service.ts:192:19)
    at processTicksAndRejections (node:internal/process/task_queues:105:5)
    at AuthController.refreshToken (D:\brototype\Dishcovery\server\src\controllers\implementation\auth.controller.ts:98:28)
[2025-11-28 11:57:55] [31merror[39m: Error: 	refresh token creation failed
    at AuthService.refreshToken (D:\brototype\Dishcovery\server\src\services\implementation\auth.service.ts:192:19)
    at processTicksAndRejections (node:internal/process/task_queues:105:5)
    at AuthController.refreshToken (D:\brototype\Dishcovery\server\src\controllers\implementation\auth.controller.ts:98:28)
[2025-11-28 11:57:56] [32minfo[39m: 	Incoming request: GET /api/chef/blog-listing?page=1&limit=5 from  REQLOGGER
[2025-11-28 11:57:56] [32minfo[39m: 	middleware 1
[2025-11-28 11:57:56] [32minfo[39m: TokenExpiredError: jwt expired
    at D:\brototype\Dishcovery\server\node_modules\jsonwebtoken\verify.js:190:21
    at getSecret (D:\brototype\Dishcovery\server\node_modules\jsonwebtoken\verify.js:97:14)
    at Object.module.exports [as verify] (D:\brototype\Dishcovery\server\node_modules\jsonwebtoken\verify.js:101:10)
    at verifyAccess (D:\brototype\Dishcovery\server\src\middlewares\verifyAccess.ts:27:29)
    at Layer.handleRequest (D:\brototype\Dishcovery\server\node_modules\router\lib\layer.js:152:17)
    at next (D:\brototype\Dishcovery\server\node_modules\router\lib\route.js:157:13)
    at Route.dispatch (D:\brototype\Dishcovery\server\node_modules\router\lib\route.js:117:3)
    at handle (D:\brototype\Dishcovery\server\node_modules\router\index.js:435:11)
    at Layer.handleRequest (D:\brototype\Dishcovery\server\node_modules\router\lib\layer.js:152:17)
    at D:\brototype\Dishcovery\server\node_modules\router\index.js:295:15
[2025-11-28 11:57:56] [32minfo[39m: 	Incoming request: GET /api/chef/blog-listing?page=1&limit=5 from  REQLOGGER
[2025-11-28 11:57:56] [32minfo[39m: 	middleware 1
[2025-11-28 11:57:56] [32minfo[39m: TokenExpiredError: jwt expired
    at D:\brototype\Dishcovery\server\node_modules\jsonwebtoken\verify.js:190:21
    at getSecret (D:\brototype\Dishcovery\server\node_modules\jsonwebtoken\verify.js:97:14)
    at Object.module.exports [as verify] (D:\brototype\Dishcovery\server\node_modules\jsonwebtoken\verify.js:101:10)
    at verifyAccess (D:\brototype\Dishcovery\server\src\middlewares\verifyAccess.ts:27:29)
    at Layer.handleRequest (D:\brototype\Dishcovery\server\node_modules\router\lib\layer.js:152:17)
    at next (D:\brototype\Dishcovery\server\node_modules\router\lib\route.js:157:13)
    at Route.dispatch (D:\brototype\Dishcovery\server\node_modules\router\lib\route.js:117:3)
    at handle (D:\brototype\Dishcovery\server\node_modules\router\index.js:435:11)
    at Layer.handleRequest (D:\brototype\Dishcovery\server\node_modules\router\lib\layer.js:152:17)
    at D:\brototype\Dishcovery\server\node_modules\router\index.js:295:15
[2025-11-28 11:57:56] [32minfo[39m: 	Incoming request: POST /api/auth/refresh from  REQLOGGER
[2025-11-28 11:57:56] [31merror[39m: Error: 	refresh token creation failed
    at AuthService.refreshToken (D:\brototype\Dishcovery\server\src\services\implementation\auth.service.ts:192:19)
    at processTicksAndRejections (node:internal/process/task_queues:105:5)
    at AuthController.refreshToken (D:\brototype\Dishcovery\server\src\controllers\implementation\auth.controller.ts:98:28)
[2025-11-28 11:57:56] [32minfo[39m: 	Incoming request: POST /api/auth/refresh from  REQLOGGER
[2025-11-28 11:57:56] [31merror[39m: Error: 	refresh token creation failed
    at AuthService.refreshToken (D:\brototype\Dishcovery\server\src\services\implementation\auth.service.ts:192:19)
    at processTicksAndRejections (node:internal/process/task_queues:105:5)
    at AuthController.refreshToken (D:\brototype\Dishcovery\server\src\controllers\implementation\auth.controller.ts:98:28)
[2025-11-28 11:57:59] [32minfo[39m: 	Incoming request: POST /api/auth/logout from  REQLOGGER
[2025-11-28 11:58:15] [32minfo[39m: 	Incoming request: POST /api/auth/login from  REQLOGGER
[2025-11-28 11:58:15] [32minfo[39m: 	Incoming request: GET /api/chef/dashboard from  REQLOGGER
[2025-11-28 11:58:15] [32minfo[39m: 	middleware 1
[2025-11-28 11:58:15] [32minfo[39m: 	Incoming request: GET /api/chef/dashboard from  REQLOGGER
[2025-11-28 11:58:15] [32minfo[39m: 	middleware 1
[2025-11-28 11:58:15] [32minfo[39m: 	Incoming request: GET /api/chef/dashboard from  REQLOGGER
[2025-11-28 11:58:15] [32minfo[39m: 	middleware 1
[2025-11-28 11:58:18] [32minfo[39m: 	Incoming request: GET /api/chef/recipes-list?chefId=691efde8ee71f931e509e795&page=1&limit=5&search= from  REQLOGGER
[2025-11-28 11:58:18] [32minfo[39m: 	data in search
[2025-11-28 11:58:18] [32minfo[39m: 	data in srvs
[2025-11-28 11:58:18] [32minfo[39m: 	resldata:
[2025-11-28 11:58:18] [32minfo[39m: 	Incoming request: GET /api/chef/recipes-list?chefId=691efde8ee71f931e509e795&page=1&limit=5&search= from  REQLOGGER
[2025-11-28 11:58:19] [32minfo[39m: 	data in search
[2025-11-28 11:58:19] [32minfo[39m: 	data in srvs
[2025-11-28 11:58:19] [32minfo[39m: 	resldata:
[2025-11-28 11:58:23] [32minfo[39m: 	Incoming request: GET /api/chef/blog-listing?page=1&limit=5 from  REQLOGGER
[2025-11-28 11:58:23] [32minfo[39m: 	middleware 1
[2025-11-28 11:58:23] [32minfo[39m: 	Incoming request: GET /api/chef/blog-listing?page=1&limit=5 from  REQLOGGER
[2025-11-28 11:58:23] [32minfo[39m: 	middleware 1
