[2025-11-15 00:18:28] [32minfo[39m: 	MongoDB is connected successfully
[2025-11-15 00:18:28] [32minfo[39m: 	redis connected succefuly
[2025-11-15 00:18:28] [32minfo[39m: 	Server running on port 4000 in development node
[2025-11-15 00:18:32] [32minfo[39m: 	MongoDB is connected successfully
[2025-11-15 00:18:33] [32minfo[39m: 	redis connected succefuly
[2025-11-15 00:18:33] [32minfo[39m: 	Server running on port 4000 in development node
[2025-11-15 00:19:12] [32minfo[39m: 	MongoDB is connected successfully
[2025-11-15 00:19:12] [32minfo[39m: 	redis connected succefuly
[2025-11-15 00:19:12] [32minfo[39m: 	Server running on port 4000 in development node
[2025-11-15 00:19:24] [32minfo[39m: 	MongoDB is connected successfully
[2025-11-15 00:19:24] [32minfo[39m: 	redis connected succefuly
[2025-11-15 00:19:24] [32minfo[39m: 	Server running on port 4000 in development node
[2025-11-15 11:22:36] [32minfo[39m: 	MongoDB is connected successfully
[2025-11-15 11:22:36] [32minfo[39m: 	redis connected succefuly
[2025-11-15 11:22:36] [32minfo[39m: 	Server running on port 4000 in development node
[2025-11-15 11:22:38] [32minfo[39m: 	MongoDB is connected successfully
[2025-11-15 11:22:38] [32minfo[39m: 	redis connected succefuly
[2025-11-15 11:22:38] [32minfo[39m: 	Server running on port 4000 in development node
[2025-11-15 11:22:42] [32minfo[39m: 	MongoDB is connected successfully
[2025-11-15 11:22:42] [32minfo[39m: 	redis connected succefuly
[2025-11-15 11:22:42] [32minfo[39m: 	Server running on port 4000 in development node
[2025-11-15 11:22:44] [32minfo[39m: 	MongoDB is connected successfully
[2025-11-15 11:22:44] [32minfo[39m: 	redis connected succefuly
[2025-11-15 11:22:44] [32minfo[39m: 	Server running on port 4000 in development node
[2025-11-15 11:22:45] [32minfo[39m: 	MongoDB is connected successfully
[2025-11-15 11:22:45] [32minfo[39m: 	redis connected succefuly
[2025-11-15 11:22:45] [32minfo[39m: 	Server running on port 4000 in development node
[2025-11-15 11:22:46] [32minfo[39m: 	MongoDB is connected successfully
[2025-11-15 11:22:46] [32minfo[39m: 	redis connected succefuly
[2025-11-15 11:22:46] [32minfo[39m: 	Server running on port 4000 in development node
[2025-11-15 11:23:08] [32minfo[39m: 	MongoDB is connected successfully
[2025-11-15 11:23:08] [32minfo[39m: 	redis connected succefuly
[2025-11-15 11:23:08] [32minfo[39m: 	Server running on port 4000 in development node
[2025-11-15 11:23:11] [32minfo[39m: 	MongoDB is connected successfully
[2025-11-15 11:23:11] [32minfo[39m: 	redis connected succefuly
[2025-11-15 11:23:11] [32minfo[39m: 	Server running on port 4000 in development node
[2025-11-15 11:23:12] [32minfo[39m: 	MongoDB is connected successfully
[2025-11-15 11:23:12] [32minfo[39m: 	redis connected succefuly
[2025-11-15 11:23:12] [32minfo[39m: 	Server running on port 4000 in development node
[2025-11-15 11:23:14] [32minfo[39m: 	MongoDB is connected successfully
[2025-11-15 11:23:14] [32minfo[39m: 	redis connected succefuly
[2025-11-15 11:23:14] [32minfo[39m: 	Server running on port 4000 in development node
[2025-11-15 11:32:53] [32minfo[39m: 	MongoDB is connected successfully
[2025-11-15 11:32:53] [32minfo[39m: 	redis connected succefuly
[2025-11-15 11:32:53] [32minfo[39m: 	Server running on port 4000 in development node
[2025-11-15 11:32:55] [32minfo[39m: 	MongoDB is connected successfully
[2025-11-15 11:32:55] [32minfo[39m: 	redis connected succefuly
[2025-11-15 11:32:55] [32minfo[39m: 	Server running on port 4000 in development node
[2025-11-15 11:32:59] [32minfo[39m: 	MongoDB is connected successfully
[2025-11-15 11:32:59] [32minfo[39m: 	redis connected succefuly
[2025-11-15 11:32:59] [32minfo[39m: 	Server running on port 4000 in development node
[2025-11-15 11:33:02] [32minfo[39m: 	MongoDB is connected successfully
[2025-11-15 11:33:02] [32minfo[39m: 	redis connected succefuly
[2025-11-15 11:33:02] [32minfo[39m: 	Server running on port 4000 in development node
[2025-11-15 11:33:04] [32minfo[39m: 	MongoDB is connected successfully
[2025-11-15 11:33:04] [32minfo[39m: 	redis connected succefuly
[2025-11-15 11:33:04] [32minfo[39m: 	Server running on port 4000 in development node
[2025-11-15 11:33:08] [32minfo[39m: 	MongoDB is connected successfully
[2025-11-15 11:33:08] [32minfo[39m: 	redis connected succefuly
[2025-11-15 11:33:08] [32minfo[39m: 	Server running on port 4000 in development node
[2025-11-15 11:37:52] [32minfo[39m: 	MongoDB is connected successfully
[2025-11-15 11:37:52] [32minfo[39m: 	redis connected succefuly
[2025-11-15 11:37:52] [32minfo[39m: 	Server running on port 4000 in development node
[2025-11-15 11:37:53] [32minfo[39m: 	MongoDB is connected successfully
[2025-11-15 11:37:53] [32minfo[39m: 	redis connected succefuly
[2025-11-15 11:37:53] [32minfo[39m: 	Server running on port 4000 in development node
[2025-11-15 11:37:58] [32minfo[39m: 	MongoDB is connected successfully
[2025-11-15 11:37:58] [32minfo[39m: 	redis connected succefuly
[2025-11-15 11:37:58] [32minfo[39m: 	Server running on port 4000 in development node
[2025-11-15 11:38:00] [32minfo[39m: 	MongoDB is connected successfully
[2025-11-15 11:38:00] [32minfo[39m: 	redis connected succefuly
[2025-11-15 11:38:00] [32minfo[39m: 	Server running on port 4000 in development node
[2025-11-15 11:41:21] [32minfo[39m: 	MongoDB is connected successfully
[2025-11-15 11:41:21] [32minfo[39m: 	redis connected succefuly
[2025-11-15 11:41:21] [32minfo[39m: 	Server running on port 4000 in development node
[2025-11-15 11:41:22] [32minfo[39m: 	MongoDB is connected successfully
[2025-11-15 11:41:22] [32minfo[39m: 	redis connected succefuly
[2025-11-15 11:41:22] [32minfo[39m: 	Server running on port 4000 in development node
[2025-11-15 11:45:48] [32minfo[39m: 	MongoDB is connected successfully
[2025-11-15 11:45:48] [32minfo[39m: 	redis connected succefuly
[2025-11-15 11:45:48] [32minfo[39m: 	Server running on port 4000 in development node
[2025-11-15 11:45:49] [32minfo[39m: 	MongoDB is connected successfully
[2025-11-15 11:45:49] [32minfo[39m: 	redis connected succefuly
[2025-11-15 11:45:49] [32minfo[39m: 	Server running on port 4000 in development node
[2025-11-15 11:45:52] [32minfo[39m: 	MongoDB is connected successfully
[2025-11-15 11:45:52] [32minfo[39m: 	redis connected succefuly
[2025-11-15 11:45:52] [32minfo[39m: 	Server running on port 4000 in development node
[2025-11-15 11:45:53] [32minfo[39m: 	MongoDB is connected successfully
[2025-11-15 11:45:53] [32minfo[39m: 	redis connected succefuly
[2025-11-15 11:45:53] [32minfo[39m: 	Server running on port 4000 in development node
[2025-11-15 11:45:55] [32minfo[39m: 	MongoDB is connected successfully
[2025-11-15 11:45:55] [32minfo[39m: 	redis connected succefuly
[2025-11-15 11:45:55] [32minfo[39m: 	Server running on port 4000 in development node
[2025-11-15 11:45:56] [32minfo[39m: 	MongoDB is connected successfully
[2025-11-15 11:45:56] [32minfo[39m: 	redis connected succefuly
[2025-11-15 11:45:56] [32minfo[39m: 	Server running on port 4000 in development node
[2025-11-15 11:45:58] [32minfo[39m: 	MongoDB is connected successfully
[2025-11-15 11:45:58] [32minfo[39m: 	redis connected succefuly
[2025-11-15 11:45:58] [32minfo[39m: 	Server running on port 4000 in development node
[2025-11-15 11:46:04] [32minfo[39m: 	MongoDB is connected successfully
[2025-11-15 11:46:04] [32minfo[39m: 	redis connected succefuly
[2025-11-15 11:46:04] [32minfo[39m: 	Server running on port 4000 in development node
[2025-11-15 11:46:07] [32minfo[39m: 	MongoDB is connected successfully
[2025-11-15 11:46:07] [32minfo[39m: 	redis connected succefuly
[2025-11-15 11:46:07] [32minfo[39m: 	Server running on port 4000 in development node
[2025-11-15 11:46:09] [32minfo[39m: 	MongoDB is connected successfully
[2025-11-15 11:46:09] [32minfo[39m: 	redis connected succefuly
[2025-11-15 11:46:09] [32minfo[39m: 	Server running on port 4000 in development node
[2025-11-15 11:47:10] [32minfo[39m: 	MongoDB is connected successfully
[2025-11-15 11:47:10] [32minfo[39m: 	redis connected succefuly
[2025-11-15 11:47:10] [32minfo[39m: 	Server running on port 4000 in development node
[2025-11-15 11:48:24] [32minfo[39m: 	MongoDB is connected successfully
[2025-11-15 11:48:24] [32minfo[39m: 	redis connected succefuly
[2025-11-15 11:48:24] [32minfo[39m: 	Server running on port 4000 in development node
[2025-11-15 11:48:26] [32minfo[39m: 	MongoDB is connected successfully
[2025-11-15 11:48:26] [32minfo[39m: 	redis connected succefuly
[2025-11-15 11:48:26] [32minfo[39m: 	Server running on port 4000 in development node
[2025-11-15 11:48:28] [32minfo[39m: 	MongoDB is connected successfully
[2025-11-15 11:48:28] [32minfo[39m: 	redis connected succefuly
[2025-11-15 11:48:28] [32minfo[39m: 	Server running on port 4000 in development node
[2025-11-15 11:48:30] [32minfo[39m: 	MongoDB is connected successfully
[2025-11-15 11:48:30] [32minfo[39m: 	redis connected succefuly
[2025-11-15 11:48:30] [32minfo[39m: 	Server running on port 4000 in development node
[2025-11-15 11:48:31] [32minfo[39m: 	MongoDB is connected successfully
[2025-11-15 11:48:31] [32minfo[39m: 	redis connected succefuly
[2025-11-15 11:48:31] [32minfo[39m: 	Server running on port 4000 in development node
[2025-11-15 11:48:32] [32minfo[39m: 	MongoDB is connected successfully
[2025-11-15 11:48:32] [32minfo[39m: 	redis connected succefuly
[2025-11-15 11:48:32] [32minfo[39m: 	Server running on port 4000 in development node
[2025-11-15 11:48:35] [32minfo[39m: 	MongoDB is connected successfully
[2025-11-15 11:48:35] [32minfo[39m: 	redis connected succefuly
[2025-11-15 11:48:35] [32minfo[39m: 	Server running on port 4000 in development node
[2025-11-15 11:48:42] [32minfo[39m: 	MongoDB is connected successfully
[2025-11-15 11:48:42] [32minfo[39m: 	redis connected succefuly
[2025-11-15 11:48:42] [32minfo[39m: 	Server running on port 4000 in development node
[2025-11-15 11:48:44] [32minfo[39m: 	MongoDB is connected successfully
[2025-11-15 11:48:44] [32minfo[39m: 	redis connected succefuly
[2025-11-15 11:48:44] [32minfo[39m: 	Server running on port 4000 in development node
[2025-11-15 11:48:49] [32minfo[39m: 	MongoDB is connected successfully
[2025-11-15 11:48:49] [32minfo[39m: 	redis connected succefuly
[2025-11-15 11:48:49] [32minfo[39m: 	Server running on port 4000 in development node
[2025-11-15 11:48:51] [32minfo[39m: 	MongoDB is connected successfully
[2025-11-15 11:48:51] [32minfo[39m: 	redis connected succefuly
[2025-11-15 11:48:51] [32minfo[39m: 	Server running on port 4000 in development node
[2025-11-15 11:52:03] [32minfo[39m: 	Incoming request: POST /api/auth/logout from  REQLOGGER
[2025-11-15 11:52:20] [32minfo[39m: 	MongoDB is connected successfully
[2025-11-15 11:52:20] [32minfo[39m: 	redis connected succefuly
[2025-11-15 11:52:20] [32minfo[39m: 	Server running on port 4000 in development node
[2025-11-15 11:52:33] [32minfo[39m: 	Incoming request: POST /api/auth/login from  REQLOGGER
[2025-11-15 11:52:33] [31merror[39m: Error: Invalid credentials
    at AuthService.loginUser (D:\brototype\Dishcovery\server\src\services\implementation\auth.service.ts:64:29)
    at AuthController.login (D:\brototype\Dishcovery\server\src\controllers\implementation\auth.controller.ts:31:57)
[2025-11-15 11:52:44] [32minfo[39m: 	Incoming request: POST /api/auth/login from  REQLOGGER
[2025-11-15 11:52:44] [31merror[39m: Error: Invalid credentials
    at AuthService.loginUser (D:\brototype\Dishcovery\server\src\services\implementation\auth.service.ts:64:29)
    at AuthController.login (D:\brototype\Dishcovery\server\src\controllers\implementation\auth.controller.ts:31:57)
[2025-11-15 11:52:52] [32minfo[39m: 	Incoming request: POST /api/auth/login from  REQLOGGER
[2025-11-15 11:55:06] [32minfo[39m: 	MongoDB is connected successfully
[2025-11-15 11:55:06] [32minfo[39m: 	redis connected succefuly
[2025-11-15 11:55:06] [32minfo[39m: 	Server running on port 4000 in development node
[2025-11-15 11:56:33] [32minfo[39m: 	MongoDB is connected successfully
[2025-11-15 11:56:33] [32minfo[39m: 	redis connected succefuly
[2025-11-15 11:56:33] [32minfo[39m: 	Server running on port 4000 in development node
[2025-11-15 11:57:16] [32minfo[39m: 	Incoming request: PUT /api/foodie/edit-profile from  REQLOGGER
[2025-11-15 11:57:46] [32minfo[39m: 	MongoDB is connected successfully
[2025-11-15 11:57:46] [32minfo[39m: 	redis connected succefuly
[2025-11-15 11:57:46] [32minfo[39m: 	Server running on port 4000 in development node
[2025-11-15 11:57:51] [32minfo[39m: 	Incoming request: PUT /api/foodie/edit-profile from  REQLOGGER
[2025-11-15 11:57:51] [31merror[39m: Error: 	userId is not found
    at FoodieController.editFoodieProfile (D:\brototype\Dishcovery\server\src\controllers\implementation\foodie.controller.ts:21:23)
    at Layer.handleRequest (D:\brototype\Dishcovery\server\node_modules\router\lib\layer.js:152:17)
    at next (D:\brototype\Dishcovery\server\node_modules\router\lib\route.js:157:13)
    at Route.dispatch (D:\brototype\Dishcovery\server\node_modules\router\lib\route.js:117:3)
    at handle (D:\brototype\Dishcovery\server\node_modules\router\index.js:435:11)
    at Layer.handleRequest (D:\brototype\Dishcovery\server\node_modules\router\lib\layer.js:152:17)
    at D:\brototype\Dishcovery\server\node_modules\router\index.js:295:15
    at processParams (D:\brototype\Dishcovery\server\node_modules\router\index.js:582:12)
    at next (D:\brototype\Dishcovery\server\node_modules\router\index.js:291:5)
    at Function.handle (D:\brototype\Dishcovery\server\node_modules\router\index.js:186:3)
[2025-11-15 11:58:42] [32minfo[39m: 	Incoming request: POST /api/auth/login from  REQLOGGER
[2025-11-15 11:58:42] [31merror[39m: ZodError: [
  {
    "origin": "string",
    "code": "too_small",
    "minimum": 8,
    "inclusive": true,
    "path": [
      "password"
    ],
    "message": "Password must be consist atleast 8 characters long"
  }
]
    at AuthController.login (D:\brototype\Dishcovery\server\src\controllers\implementation\auth.controller.ts:30:43)
    at Layer.handleRequest (D:\brototype\Dishcovery\server\node_modules\router\lib\layer.js:152:17)
    at next (D:\brototype\Dishcovery\server\node_modules\router\lib\route.js:157:13)
    at Route.dispatch (D:\brototype\Dishcovery\server\node_modules\router\lib\route.js:117:3)
    at handle (D:\brototype\Dishcovery\server\node_modules\router\index.js:435:11)
    at Layer.handleRequest (D:\brototype\Dishcovery\server\node_modules\router\lib\layer.js:152:17)
    at D:\brototype\Dishcovery\server\node_modules\router\index.js:295:15
    at processParams (D:\brototype\Dishcovery\server\node_modules\router\index.js:582:12)
    at next (D:\brototype\Dishcovery\server\node_modules\router\index.js:291:5)
    at Function.handle (D:\brototype\Dishcovery\server\node_modules\router\index.js:186:3)
[2025-11-15 11:58:55] [32minfo[39m: 	Incoming request: POST /api/auth/login from  REQLOGGER
[2025-11-15 11:58:55] [31merror[39m: Error: Invalid email or password
    at AuthService.loginUser (D:\brototype\Dishcovery\server\src\services\implementation\auth.service.ts:61:26)
    at processTicksAndRejections (node:internal/process/task_queues:105:5)
    at AuthController.login (D:\brototype\Dishcovery\server\src\controllers\implementation\auth.controller.ts:31:57)
[2025-11-15 11:59:29] [32minfo[39m: 	MongoDB is connected successfully
[2025-11-15 11:59:29] [32minfo[39m: 	redis connected succefuly
[2025-11-15 11:59:29] [32minfo[39m: 	Server running on port 4000 in development node
[2025-11-15 12:00:48] [32minfo[39m: 	Incoming request: POST /api/auth/signup from  REQLOGGER
[2025-11-15 12:00:49] [32minfo[39m: 	email sent
[2025-11-15 12:01:26] [32minfo[39m: 	Incoming request: POST /api/auth/login from  REQLOGGER
[2025-11-15 12:02:29] [32minfo[39m: 	Incoming request: PUT /api/foodie/edit-profile from  REQLOGGER
[2025-11-15 12:02:29] [31merror[39m: Error: 	userId is not found
    at FoodieController.editFoodieProfile (D:\brototype\Dishcovery\server\src\controllers\implementation\foodie.controller.ts:21:23)
    at Layer.handleRequest (D:\brototype\Dishcovery\server\node_modules\router\lib\layer.js:152:17)
    at next (D:\brototype\Dishcovery\server\node_modules\router\lib\route.js:157:13)
    at Route.dispatch (D:\brototype\Dishcovery\server\node_modules\router\lib\route.js:117:3)
    at handle (D:\brototype\Dishcovery\server\node_modules\router\index.js:435:11)
    at Layer.handleRequest (D:\brototype\Dishcovery\server\node_modules\router\lib\layer.js:152:17)
    at D:\brototype\Dishcovery\server\node_modules\router\index.js:295:15
    at processParams (D:\brototype\Dishcovery\server\node_modules\router\index.js:582:12)
    at next (D:\brototype\Dishcovery\server\node_modules\router\index.js:291:5)
    at Function.handle (D:\brototype\Dishcovery\server\node_modules\router\index.js:186:3)
[2025-11-15 12:02:47] [32minfo[39m: 	Incoming request: PUT /api/foodie/edit-profile from  REQLOGGER
[2025-11-15 12:02:47] [31merror[39m: Error: 	userId is not found
    at FoodieController.editFoodieProfile (D:\brototype\Dishcovery\server\src\controllers\implementation\foodie.controller.ts:21:23)
    at Layer.handleRequest (D:\brototype\Dishcovery\server\node_modules\router\lib\layer.js:152:17)
    at next (D:\brototype\Dishcovery\server\node_modules\router\lib\route.js:157:13)
    at Route.dispatch (D:\brototype\Dishcovery\server\node_modules\router\lib\route.js:117:3)
    at handle (D:\brototype\Dishcovery\server\node_modules\router\index.js:435:11)
    at Layer.handleRequest (D:\brototype\Dishcovery\server\node_modules\router\lib\layer.js:152:17)
    at D:\brototype\Dishcovery\server\node_modules\router\index.js:295:15
    at processParams (D:\brototype\Dishcovery\server\node_modules\router\index.js:582:12)
    at next (D:\brototype\Dishcovery\server\node_modules\router\index.js:291:5)
    at Function.handle (D:\brototype\Dishcovery\server\node_modules\router\index.js:186:3)
[2025-11-15 12:06:05] [32minfo[39m: 	MongoDB is connected successfully
[2025-11-15 12:06:05] [32minfo[39m: 	redis connected succefuly
[2025-11-15 12:06:05] [32minfo[39m: 	Server running on port 4000 in development node
[2025-11-15 12:06:09] [32minfo[39m: 	MongoDB is connected successfully
[2025-11-15 12:06:09] [32minfo[39m: 	redis connected succefuly
[2025-11-15 12:06:09] [32minfo[39m: 	Server running on port 4000 in development node
[2025-11-15 12:06:10] [32minfo[39m: 	MongoDB is connected successfully
[2025-11-15 12:06:10] [32minfo[39m: 	redis connected succefuly
[2025-11-15 12:06:10] [32minfo[39m: 	Server running on port 4000 in development node
[2025-11-15 12:06:20] [32minfo[39m: 	MongoDB is connected successfully
[2025-11-15 12:06:20] [32minfo[39m: 	redis connected succefuly
[2025-11-15 12:06:20] [32minfo[39m: 	Server running on port 4000 in development node
[2025-11-15 13:00:30] [32minfo[39m: 	MongoDB is connected successfully
[2025-11-15 13:00:30] [32minfo[39m: 	redis connected succefuly
[2025-11-15 13:00:30] [32minfo[39m: 	Server running on port 4000 in development node
[2025-11-15 13:00:32] [32minfo[39m: 	Incoming request: POST /api/auth/login from  REQLOGGER
[2025-11-15 17:40:02] [32minfo[39m: 	MongoDB is connected successfully
[2025-11-15 17:40:02] [32minfo[39m: 	redis connected succefuly
[2025-11-15 17:40:02] [32minfo[39m: 	Server running on port 4000 in development node
[2025-11-15 17:40:04] [32minfo[39m: 	MongoDB is connected successfully
[2025-11-15 17:40:04] [32minfo[39m: 	redis connected succefuly
[2025-11-15 17:40:04] [32minfo[39m: 	Server running on port 4000 in development node
[2025-11-15 17:40:06] [32minfo[39m: 	MongoDB is connected successfully
[2025-11-15 17:40:06] [32minfo[39m: 	redis connected succefuly
[2025-11-15 17:40:06] [32minfo[39m: 	Server running on port 4000 in development node
[2025-11-15 17:41:33] [32minfo[39m: 	MongoDB is connected successfully
[2025-11-15 17:41:33] [32minfo[39m: 	redis connected succefuly
[2025-11-15 17:41:33] [32minfo[39m: 	Server running on port 4000 in development node
[2025-11-15 17:41:36] [32minfo[39m: 	MongoDB is connected successfully
[2025-11-15 17:41:36] [32minfo[39m: 	redis connected succefuly
[2025-11-15 17:41:36] [32minfo[39m: 	Server running on port 4000 in development node
[2025-11-15 17:41:42] [32minfo[39m: 	MongoDB is connected successfully
[2025-11-15 17:41:42] [32minfo[39m: 	redis connected succefuly
[2025-11-15 17:41:42] [32minfo[39m: 	Server running on port 4000 in development node
[2025-11-15 17:45:09] [32minfo[39m: 	MongoDB is connected successfully
[2025-11-15 17:45:09] [32minfo[39m: 	redis connected succefuly
[2025-11-15 17:45:09] [32minfo[39m: 	Server running on port 4000 in development node
[2025-11-15 17:45:10] [32minfo[39m: 	MongoDB is connected successfully
[2025-11-15 17:45:10] [32minfo[39m: 	redis connected succefuly
[2025-11-15 17:45:10] [32minfo[39m: 	Server running on port 4000 in development node
[2025-11-15 17:45:12] [32minfo[39m: 	MongoDB is connected successfully
[2025-11-15 17:45:12] [32minfo[39m: 	redis connected succefuly
[2025-11-15 17:45:12] [32minfo[39m: 	Server running on port 4000 in development node
[2025-11-15 17:45:15] [32minfo[39m: 	MongoDB is connected successfully
[2025-11-15 17:45:15] [32minfo[39m: 	redis connected succefuly
[2025-11-15 17:45:15] [32minfo[39m: 	Server running on port 4000 in development node
[2025-11-15 17:45:18] [32minfo[39m: 	MongoDB is connected successfully
[2025-11-15 17:45:18] [32minfo[39m: 	redis connected succefuly
[2025-11-15 17:45:18] [32minfo[39m: 	Server running on port 4000 in development node
[2025-11-15 17:45:20] [32minfo[39m: 	MongoDB is connected successfully
[2025-11-15 17:45:20] [32minfo[39m: 	redis connected succefuly
[2025-11-15 17:45:20] [32minfo[39m: 	Server running on port 4000 in development node
[2025-11-15 17:45:23] [32minfo[39m: 	MongoDB is connected successfully
[2025-11-15 17:45:23] [32minfo[39m: 	redis connected succefuly
[2025-11-15 17:45:23] [32minfo[39m: 	Server running on port 4000 in development node
[2025-11-15 17:45:25] [32minfo[39m: 	MongoDB is connected successfully
[2025-11-15 17:45:25] [32minfo[39m: 	redis connected succefuly
[2025-11-15 17:45:25] [32minfo[39m: 	Server running on port 4000 in development node
[2025-11-15 17:45:30] [32minfo[39m: 	MongoDB is connected successfully
[2025-11-15 17:45:30] [32minfo[39m: 	redis connected succefuly
[2025-11-15 17:45:30] [32minfo[39m: 	Server running on port 4000 in development node
[2025-11-15 17:45:32] [32minfo[39m: 	MongoDB is connected successfully
[2025-11-15 17:45:32] [32minfo[39m: 	redis connected succefuly
[2025-11-15 17:45:32] [32minfo[39m: 	Server running on port 4000 in development node
[2025-11-15 17:45:58] [32minfo[39m: 	MongoDB is connected successfully
[2025-11-15 17:45:58] [32minfo[39m: 	redis connected succefuly
[2025-11-15 17:45:58] [32minfo[39m: 	Server running on port 4000 in development node
[2025-11-15 17:46:35] [32minfo[39m: 	MongoDB is connected successfully
[2025-11-15 17:46:35] [32minfo[39m: 	redis connected succefuly
[2025-11-15 17:46:35] [32minfo[39m: 	Server running on port 4000 in development node
[2025-11-15 17:46:46] [32minfo[39m: 	MongoDB is connected successfully
[2025-11-15 17:46:46] [32minfo[39m: 	redis connected succefuly
[2025-11-15 17:46:46] [32minfo[39m: 	Server running on port 4000 in development node
[2025-11-15 17:47:01] [32minfo[39m: 	MongoDB is connected successfully
[2025-11-15 17:47:01] [32minfo[39m: 	redis connected succefuly
[2025-11-15 17:47:01] [32minfo[39m: 	Server running on port 4000 in development node
[2025-11-15 17:48:17] [32minfo[39m: 	MongoDB is connected successfully
[2025-11-15 17:48:17] [32minfo[39m: 	redis connected succefuly
[2025-11-15 17:48:17] [32minfo[39m: 	Server running on port 4000 in development node
[2025-11-15 17:48:19] [32minfo[39m: 	MongoDB is connected successfully
[2025-11-15 17:48:19] [32minfo[39m: 	redis connected succefuly
[2025-11-15 17:48:19] [32minfo[39m: 	Server running on port 4000 in development node
[2025-11-15 17:48:20] [32minfo[39m: 	MongoDB is connected successfully
[2025-11-15 17:48:20] [32minfo[39m: 	redis connected succefuly
[2025-11-15 17:48:20] [32minfo[39m: 	Server running on port 4000 in development node
[2025-11-15 17:48:22] [32minfo[39m: 	MongoDB is connected successfully
[2025-11-15 17:48:22] [32minfo[39m: 	redis connected succefuly
[2025-11-15 17:48:22] [32minfo[39m: 	Server running on port 4000 in development node
[2025-11-15 17:48:24] [32minfo[39m: 	MongoDB is connected successfully
[2025-11-15 17:48:24] [32minfo[39m: 	redis connected succefuly
[2025-11-15 17:48:24] [32minfo[39m: 	Server running on port 4000 in development node
[2025-11-15 17:48:27] [32minfo[39m: 	MongoDB is connected successfully
[2025-11-15 17:48:27] [32minfo[39m: 	redis connected succefuly
[2025-11-15 17:48:27] [32minfo[39m: 	Server running on port 4000 in development node
[2025-11-15 17:48:28] [32minfo[39m: 	MongoDB is connected successfully
[2025-11-15 17:48:28] [32minfo[39m: 	redis connected succefuly
[2025-11-15 17:48:28] [32minfo[39m: 	Server running on port 4000 in development node
[2025-11-15 17:48:32] [32minfo[39m: 	MongoDB is connected successfully
[2025-11-15 17:48:32] [32minfo[39m: 	redis connected succefuly
[2025-11-15 17:48:32] [32minfo[39m: 	Server running on port 4000 in development node
[2025-11-15 17:48:44] [32minfo[39m: 	MongoDB is connected successfully
[2025-11-15 17:48:44] [32minfo[39m: 	redis connected succefuly
[2025-11-15 17:48:44] [32minfo[39m: 	Server running on port 4000 in development node
[2025-11-15 17:48:49] [32minfo[39m: 	MongoDB is connected successfully
[2025-11-15 17:48:49] [32minfo[39m: 	redis connected succefuly
[2025-11-15 17:48:49] [32minfo[39m: 	Server running on port 4000 in development node
[2025-11-15 17:48:52] [32minfo[39m: 	MongoDB is connected successfully
[2025-11-15 17:48:52] [32minfo[39m: 	redis connected succefuly
[2025-11-15 17:48:52] [32minfo[39m: 	Server running on port 4000 in development node
[2025-11-15 17:48:54] [32minfo[39m: 	MongoDB is connected successfully
[2025-11-15 17:48:54] [32minfo[39m: 	redis connected succefuly
[2025-11-15 17:48:54] [32minfo[39m: 	Server running on port 4000 in development node
[2025-11-15 17:49:04] [32minfo[39m: 	MongoDB is connected successfully
[2025-11-15 17:49:04] [32minfo[39m: 	redis connected succefuly
[2025-11-15 17:49:04] [32minfo[39m: 	Server running on port 4000 in development node
[2025-11-15 17:49:06] [32minfo[39m: 	MongoDB is connected successfully
[2025-11-15 17:49:06] [32minfo[39m: 	redis connected succefuly
[2025-11-15 17:49:06] [32minfo[39m: 	Server running on port 4000 in development node
[2025-11-15 17:49:16] [32minfo[39m: 	MongoDB is connected successfully
[2025-11-15 17:49:16] [32minfo[39m: 	redis connected succefuly
[2025-11-15 17:49:16] [32minfo[39m: 	Server running on port 4000 in development node
[2025-11-15 17:49:18] [32minfo[39m: 	MongoDB is connected successfully
[2025-11-15 17:49:18] [32minfo[39m: 	redis connected succefuly
[2025-11-15 17:49:18] [32minfo[39m: 	Server running on port 4000 in development node
[2025-11-15 17:49:21] [32minfo[39m: 	MongoDB is connected successfully
[2025-11-15 17:49:21] [32minfo[39m: 	redis connected succefuly
[2025-11-15 17:49:21] [32minfo[39m: 	Server running on port 4000 in development node
[2025-11-15 17:49:26] [32minfo[39m: 	MongoDB is connected successfully
[2025-11-15 17:49:26] [32minfo[39m: 	redis connected succefuly
[2025-11-15 17:49:26] [32minfo[39m: 	Server running on port 4000 in development node
[2025-11-15 17:51:02] [32minfo[39m: 	MongoDB is connected successfully
[2025-11-15 17:51:02] [32minfo[39m: 	redis connected succefuly
[2025-11-15 17:51:02] [32minfo[39m: 	Server running on port 4000 in development node
[2025-11-15 17:51:04] [32minfo[39m: 	MongoDB is connected successfully
[2025-11-15 17:51:04] [32minfo[39m: 	redis connected succefuly
[2025-11-15 17:51:04] [32minfo[39m: 	Server running on port 4000 in development node
[2025-11-15 17:51:07] [32minfo[39m: 	MongoDB is connected successfully
[2025-11-15 17:51:07] [32minfo[39m: 	redis connected succefuly
[2025-11-15 17:51:07] [32minfo[39m: 	Server running on port 4000 in development node
[2025-11-15 17:51:20] [32minfo[39m: 	MongoDB is connected successfully
[2025-11-15 17:51:20] [32minfo[39m: 	redis connected succefuly
[2025-11-15 17:51:20] [32minfo[39m: 	Server running on port 4000 in development node
[2025-11-15 17:51:22] [32minfo[39m: 	MongoDB is connected successfully
[2025-11-15 17:51:22] [32minfo[39m: 	redis connected succefuly
[2025-11-15 17:51:22] [32minfo[39m: 	Server running on port 4000 in development node
[2025-11-15 17:51:30] [32minfo[39m: 	MongoDB is connected successfully
[2025-11-15 17:51:30] [32minfo[39m: 	redis connected succefuly
[2025-11-15 17:51:30] [32minfo[39m: 	Server running on port 4000 in development node
[2025-11-15 17:51:35] [32minfo[39m: 	MongoDB is connected successfully
[2025-11-15 17:51:35] [32minfo[39m: 	redis connected succefuly
[2025-11-15 17:51:35] [32minfo[39m: 	Server running on port 4000 in development node
[2025-11-15 17:51:36] [32minfo[39m: 	MongoDB is connected successfully
[2025-11-15 17:51:36] [32minfo[39m: 	redis connected succefuly
[2025-11-15 17:51:36] [32minfo[39m: 	Server running on port 4000 in development node
[2025-11-15 17:51:38] [32minfo[39m: 	MongoDB is connected successfully
[2025-11-15 17:51:38] [32minfo[39m: 	redis connected succefuly
[2025-11-15 17:51:38] [32minfo[39m: 	Server running on port 4000 in development node
[2025-11-15 17:51:42] [32minfo[39m: 	MongoDB is connected successfully
[2025-11-15 17:51:42] [32minfo[39m: 	redis connected succefuly
[2025-11-15 17:51:42] [32minfo[39m: 	Server running on port 4000 in development node
[2025-11-15 17:51:52] [32minfo[39m: 	MongoDB is connected successfully
[2025-11-15 17:51:52] [32minfo[39m: 	redis connected succefuly
[2025-11-15 17:51:52] [32minfo[39m: 	Server running on port 4000 in development node
[2025-11-15 17:51:53] [32minfo[39m: 	MongoDB is connected successfully
[2025-11-15 17:51:53] [32minfo[39m: 	redis connected succefuly
[2025-11-15 17:51:53] [32minfo[39m: 	Server running on port 4000 in development node
[2025-11-15 17:51:55] [32minfo[39m: 	MongoDB is connected successfully
[2025-11-15 17:51:55] [32minfo[39m: 	redis connected succefuly
[2025-11-15 17:51:55] [32minfo[39m: 	Server running on port 4000 in development node
[2025-11-15 18:01:51] [32minfo[39m: 	MongoDB is connected successfully
[2025-11-15 18:01:51] [32minfo[39m: 	redis connected succefuly
[2025-11-15 18:01:51] [32minfo[39m: 	Server running on port 4000 in development node
[2025-11-15 18:01:53] [32minfo[39m: 	MongoDB is connected successfully
[2025-11-15 18:01:53] [32minfo[39m: 	redis connected succefuly
[2025-11-15 18:01:53] [32minfo[39m: 	Server running on port 4000 in development node
[2025-11-15 18:02:02] [32minfo[39m: 	MongoDB is connected successfully
[2025-11-15 18:02:02] [32minfo[39m: 	redis connected succefuly
[2025-11-15 18:02:02] [32minfo[39m: 	Server running on port 4000 in development node
[2025-11-15 18:02:11] [32minfo[39m: 	MongoDB is connected successfully
[2025-11-15 18:02:11] [32minfo[39m: 	redis connected succefuly
[2025-11-15 18:02:11] [32minfo[39m: 	Server running on port 4000 in development node
[2025-11-15 18:02:13] [32minfo[39m: 	MongoDB is connected successfully
[2025-11-15 18:02:13] [32minfo[39m: 	redis connected succefuly
[2025-11-15 18:02:13] [32minfo[39m: 	Server running on port 4000 in development node
[2025-11-15 18:02:16] [32minfo[39m: 	MongoDB is connected successfully
[2025-11-15 18:02:16] [32minfo[39m: 	redis connected succefuly
[2025-11-15 18:02:16] [32minfo[39m: 	Server running on port 4000 in development node
[2025-11-15 18:02:17] [32minfo[39m: 	MongoDB is connected successfully
[2025-11-15 18:02:17] [32minfo[39m: 	redis connected succefuly
[2025-11-15 18:02:17] [32minfo[39m: 	Server running on port 4000 in development node
[2025-11-15 18:02:19] [32minfo[39m: 	MongoDB is connected successfully
[2025-11-15 18:02:19] [32minfo[39m: 	redis connected succefuly
[2025-11-15 18:02:19] [32minfo[39m: 	Server running on port 4000 in development node
[2025-11-15 18:02:40] [32minfo[39m: 	MongoDB is connected successfully
[2025-11-15 18:02:40] [32minfo[39m: 	redis connected succefuly
[2025-11-15 18:02:40] [32minfo[39m: 	Server running on port 4000 in development node
[2025-11-15 18:02:41] [32minfo[39m: 	MongoDB is connected successfully
[2025-11-15 18:02:41] [32minfo[39m: 	redis connected succefuly
[2025-11-15 18:02:41] [32minfo[39m: 	Server running on port 4000 in development node
[2025-11-15 18:02:43] [32minfo[39m: 	MongoDB is connected successfully
[2025-11-15 18:02:43] [32minfo[39m: 	redis connected succefuly
[2025-11-15 18:02:43] [32minfo[39m: 	Server running on port 4000 in development node
[2025-11-15 18:03:05] [32minfo[39m: 	MongoDB is connected successfully
[2025-11-15 18:03:05] [32minfo[39m: 	redis connected succefuly
[2025-11-15 18:03:05] [32minfo[39m: 	Server running on port 4000 in development node
[2025-11-15 18:03:06] [32minfo[39m: 	MongoDB is connected successfully
[2025-11-15 18:03:06] [32minfo[39m: 	redis connected succefuly
[2025-11-15 18:03:06] [32minfo[39m: 	Server running on port 4000 in development node
[2025-11-15 18:03:27] [32minfo[39m: 	MongoDB is connected successfully
[2025-11-15 18:03:27] [32minfo[39m: 	redis connected succefuly
[2025-11-15 18:03:27] [32minfo[39m: 	Server running on port 4000 in development node
[2025-11-15 18:03:29] [32minfo[39m: 	MongoDB is connected successfully
[2025-11-15 18:03:29] [32minfo[39m: 	redis connected succefuly
[2025-11-15 18:03:29] [32minfo[39m: 	Server running on port 4000 in development node
[2025-11-15 18:03:33] [32minfo[39m: 	MongoDB is connected successfully
[2025-11-15 18:03:33] [32minfo[39m: 	redis connected succefuly
[2025-11-15 18:03:33] [32minfo[39m: 	Server running on port 4000 in development node
[2025-11-15 18:03:37] [32minfo[39m: 	MongoDB is connected successfully
[2025-11-15 18:03:37] [32minfo[39m: 	redis connected succefuly
[2025-11-15 18:03:37] [32minfo[39m: 	Server running on port 4000 in development node
[2025-11-15 18:04:12] [32minfo[39m: 	MongoDB is connected successfully
[2025-11-15 18:04:12] [32minfo[39m: 	redis connected succefuly
[2025-11-15 18:04:12] [32minfo[39m: 	Server running on port 4000 in development node
[2025-11-15 18:04:15] [32minfo[39m: 	MongoDB is connected successfully
[2025-11-15 18:04:15] [32minfo[39m: 	redis connected succefuly
[2025-11-15 18:04:15] [32minfo[39m: 	Server running on port 4000 in development node
[2025-11-15 18:04:54] [32minfo[39m: 	MongoDB is connected successfully
[2025-11-15 18:04:54] [32minfo[39m: 	redis connected succefuly
[2025-11-15 18:04:54] [32minfo[39m: 	Server running on port 4000 in development node
[2025-11-15 18:06:05] [32minfo[39m: 	MongoDB is connected successfully
[2025-11-15 18:06:05] [32minfo[39m: 	redis connected succefuly
[2025-11-15 18:06:05] [32minfo[39m: 	Server running on port 4000 in development node
[2025-11-15 18:06:09] [32minfo[39m: 	MongoDB is connected successfully
[2025-11-15 18:06:09] [32minfo[39m: 	redis connected succefuly
[2025-11-15 18:06:09] [32minfo[39m: 	Server running on port 4000 in development node
[2025-11-15 18:06:20] [32minfo[39m: 	MongoDB is connected successfully
[2025-11-15 18:06:20] [32minfo[39m: 	redis connected succefuly
[2025-11-15 18:06:20] [32minfo[39m: 	Server running on port 4000 in development node
[2025-11-15 18:06:26] [32minfo[39m: 	MongoDB is connected successfully
[2025-11-15 18:06:26] [32minfo[39m: 	redis connected succefuly
[2025-11-15 18:06:26] [32minfo[39m: 	Server running on port 4000 in development node
[2025-11-15 18:06:33] [32minfo[39m: 	MongoDB is connected successfully
[2025-11-15 18:06:33] [32minfo[39m: 	redis connected succefuly
[2025-11-15 18:06:33] [32minfo[39m: 	Server running on port 4000 in development node
[2025-11-15 18:13:09] [32minfo[39m: 	MongoDB is connected successfully
[2025-11-15 18:13:09] [32minfo[39m: 	redis connected succefuly
[2025-11-15 18:13:09] [32minfo[39m: 	Server running on port 4000 in development node
[2025-11-15 18:13:16] [32minfo[39m: 	MongoDB is connected successfully
[2025-11-15 18:13:16] [32minfo[39m: 	redis connected succefuly
[2025-11-15 18:13:16] [32minfo[39m: 	Server running on port 4000 in development node
[2025-11-15 18:20:14] [32minfo[39m: 	MongoDB is connected successfully
[2025-11-15 18:20:14] [32minfo[39m: 	redis connected succefuly
[2025-11-15 18:20:14] [32minfo[39m: 	Server running on port 4000 in development node
[2025-11-15 18:27:01] [32minfo[39m: 	MongoDB is connected successfully
[2025-11-15 18:27:01] [32minfo[39m: 	redis connected succefuly
[2025-11-15 18:27:01] [32minfo[39m: 	Server running on port 4000 in development node
[2025-11-15 18:27:03] [32minfo[39m: 	MongoDB is connected successfully
[2025-11-15 18:27:03] [32minfo[39m: 	redis connected succefuly
[2025-11-15 18:27:03] [32minfo[39m: 	Server running on port 4000 in development node
[2025-11-15 18:27:06] [32minfo[39m: 	MongoDB is connected successfully
[2025-11-15 18:27:06] [32minfo[39m: 	redis connected succefuly
[2025-11-15 18:27:06] [32minfo[39m: 	Server running on port 4000 in development node
[2025-11-15 18:27:11] [32minfo[39m: 	MongoDB is connected successfully
[2025-11-15 18:27:11] [32minfo[39m: 	redis connected succefuly
[2025-11-15 18:27:11] [32minfo[39m: 	Server running on port 4000 in development node
[2025-11-15 18:27:13] [32minfo[39m: 	MongoDB is connected successfully
[2025-11-15 18:27:13] [32minfo[39m: 	redis connected succefuly
[2025-11-15 18:27:13] [32minfo[39m: 	Server running on port 4000 in development node
[2025-11-15 18:27:54] [32minfo[39m: 	MongoDB is connected successfully
[2025-11-15 18:27:54] [32minfo[39m: 	redis connected succefuly
[2025-11-15 18:27:54] [32minfo[39m: 	Server running on port 4000 in development node
[2025-11-15 18:27:57] [32minfo[39m: 	MongoDB is connected successfully
[2025-11-15 18:27:57] [32minfo[39m: 	redis connected succefuly
[2025-11-15 18:27:57] [32minfo[39m: 	Server running on port 4000 in development node
[2025-11-15 18:28:00] [32minfo[39m: 	MongoDB is connected successfully
[2025-11-15 18:28:00] [32minfo[39m: 	redis connected succefuly
[2025-11-15 18:28:00] [32minfo[39m: 	Server running on port 4000 in development node
[2025-11-15 18:28:06] [32minfo[39m: 	MongoDB is connected successfully
[2025-11-15 18:28:06] [32minfo[39m: 	redis connected succefuly
[2025-11-15 18:28:06] [32minfo[39m: 	Server running on port 4000 in development node
[2025-11-15 18:28:07] [32minfo[39m: 	MongoDB is connected successfully
[2025-11-15 18:28:07] [32minfo[39m: 	redis connected succefuly
[2025-11-15 18:28:07] [32minfo[39m: 	Server running on port 4000 in development node
[2025-11-15 18:28:17] [32minfo[39m: 	MongoDB is connected successfully
[2025-11-15 18:28:17] [32minfo[39m: 	redis connected succefuly
[2025-11-15 18:28:17] [32minfo[39m: 	Server running on port 4000 in development node
[2025-11-15 18:28:20] [32minfo[39m: 	MongoDB is connected successfully
[2025-11-15 18:28:20] [32minfo[39m: 	redis connected succefuly
[2025-11-15 18:28:20] [32minfo[39m: 	Server running on port 4000 in development node
[2025-11-15 18:29:56] [32minfo[39m: 	Incoming request: GET /api/admin/foodie-listing from  REQLOGGER
[2025-11-15 18:31:04] [32minfo[39m: 	MongoDB is connected successfully
[2025-11-15 18:31:04] [32minfo[39m: 	redis connected succefuly
[2025-11-15 18:31:04] [32minfo[39m: 	Server running on port 4000 in development node
[2025-11-15 18:31:05] [32minfo[39m: 	Incoming request: GET /api/admin/foodie-listing from  REQLOGGER
[2025-11-15 18:31:27] [32minfo[39m: 	MongoDB is connected successfully
[2025-11-15 18:31:27] [32minfo[39m: 	redis connected succefuly
[2025-11-15 18:31:27] [32minfo[39m: 	Server running on port 4000 in development node
[2025-11-15 18:31:29] [32minfo[39m: 	MongoDB is connected successfully
[2025-11-15 18:31:29] [32minfo[39m: 	redis connected succefuly
[2025-11-15 18:31:29] [32minfo[39m: 	Server running on port 4000 in development node
[2025-11-15 18:32:24] [32minfo[39m: 	MongoDB is connected successfully
[2025-11-15 18:32:24] [32minfo[39m: 	redis connected succefuly
[2025-11-15 18:32:24] [32minfo[39m: 	Server running on port 4000 in development node
[2025-11-15 18:32:27] [32minfo[39m: 	MongoDB is connected successfully
[2025-11-15 18:32:27] [32minfo[39m: 	redis connected succefuly
[2025-11-15 18:32:27] [32minfo[39m: 	Server running on port 4000 in development node
[2025-11-15 18:32:29] [32minfo[39m: 	MongoDB is connected successfully
[2025-11-15 18:32:29] [32minfo[39m: 	redis connected succefuly
[2025-11-15 18:32:29] [32minfo[39m: 	Server running on port 4000 in development node
[2025-11-15 18:32:31] [32minfo[39m: 	MongoDB is connected successfully
[2025-11-15 18:32:31] [32minfo[39m: 	redis connected succefuly
[2025-11-15 18:32:31] [32minfo[39m: 	Server running on port 4000 in development node
[2025-11-15 18:32:34] [32minfo[39m: 	MongoDB is connected successfully
[2025-11-15 18:32:34] [32minfo[39m: 	redis connected succefuly
[2025-11-15 18:32:34] [32minfo[39m: 	Server running on port 4000 in development node
[2025-11-15 18:32:36] [32minfo[39m: 	MongoDB is connected successfully
[2025-11-15 18:32:36] [32minfo[39m: 	redis connected succefuly
[2025-11-15 18:32:36] [32minfo[39m: 	Server running on port 4000 in development node
[2025-11-15 18:32:37] [32minfo[39m: 	MongoDB is connected successfully
[2025-11-15 18:32:37] [32minfo[39m: 	redis connected succefuly
[2025-11-15 18:32:37] [32minfo[39m: 	Server running on port 4000 in development node
[2025-11-15 18:32:38] [32minfo[39m: 	MongoDB is connected successfully
[2025-11-15 18:32:38] [32minfo[39m: 	redis connected succefuly
[2025-11-15 18:32:38] [32minfo[39m: 	Server running on port 4000 in development node
[2025-11-15 18:32:41] [32minfo[39m: 	MongoDB is connected successfully
[2025-11-15 18:32:41] [32minfo[39m: 	redis connected succefuly
[2025-11-15 18:32:41] [32minfo[39m: 	Server running on port 4000 in development node
[2025-11-15 18:32:44] [32minfo[39m: 	MongoDB is connected successfully
[2025-11-15 18:32:44] [32minfo[39m: 	redis connected succefuly
[2025-11-15 18:32:44] [32minfo[39m: 	Server running on port 4000 in development node
[2025-11-15 18:32:53] [32minfo[39m: 	MongoDB is connected successfully
[2025-11-15 18:32:53] [32minfo[39m: 	redis connected succefuly
[2025-11-15 18:32:53] [32minfo[39m: 	Server running on port 4000 in development node
[2025-11-15 18:32:54] [32minfo[39m: 	MongoDB is connected successfully
[2025-11-15 18:32:54] [32minfo[39m: 	redis connected succefuly
[2025-11-15 18:32:54] [32minfo[39m: 	Server running on port 4000 in development node
[2025-11-15 18:32:56] [32minfo[39m: 	MongoDB is connected successfully
[2025-11-15 18:32:56] [32minfo[39m: 	redis connected succefuly
[2025-11-15 18:32:56] [32minfo[39m: 	Server running on port 4000 in development node
[2025-11-15 18:32:57] [32minfo[39m: 	MongoDB is connected successfully
[2025-11-15 18:32:57] [32minfo[39m: 	redis connected succefuly
[2025-11-15 18:32:57] [32minfo[39m: 	Server running on port 4000 in development node
[2025-11-15 18:32:59] [32minfo[39m: 	MongoDB is connected successfully
[2025-11-15 18:32:59] [32minfo[39m: 	redis connected succefuly
[2025-11-15 18:32:59] [32minfo[39m: 	Server running on port 4000 in development node
[2025-11-15 18:33:17] [32minfo[39m: 	MongoDB is connected successfully
[2025-11-15 18:33:17] [32minfo[39m: 	redis connected succefuly
[2025-11-15 18:33:17] [32minfo[39m: 	Server running on port 4000 in development node
[2025-11-15 18:33:18] [32minfo[39m: 	MongoDB is connected successfully
[2025-11-15 18:33:18] [32minfo[39m: 	redis connected succefuly
[2025-11-15 18:33:18] [32minfo[39m: 	Server running on port 4000 in development node
[2025-11-15 18:33:19] [32minfo[39m: 	MongoDB is connected successfully
[2025-11-15 18:33:19] [32minfo[39m: 	redis connected succefuly
[2025-11-15 18:33:19] [32minfo[39m: 	Server running on port 4000 in development node
[2025-11-15 18:33:22] [32minfo[39m: 	MongoDB is connected successfully
[2025-11-15 18:33:22] [32minfo[39m: 	redis connected succefuly
[2025-11-15 18:33:22] [32minfo[39m: 	Server running on port 4000 in development node
[2025-11-15 18:33:28] [32minfo[39m: 	MongoDB is connected successfully
[2025-11-15 18:33:28] [32minfo[39m: 	redis connected succefuly
[2025-11-15 18:33:28] [32minfo[39m: 	Server running on port 4000 in development node
[2025-11-15 18:33:29] [32minfo[39m: 	MongoDB is connected successfully
[2025-11-15 18:33:29] [32minfo[39m: 	redis connected succefuly
[2025-11-15 18:33:29] [32minfo[39m: 	Server running on port 4000 in development node
[2025-11-15 18:33:31] [32minfo[39m: 	MongoDB is connected successfully
[2025-11-15 18:33:31] [32minfo[39m: 	redis connected succefuly
[2025-11-15 18:33:31] [32minfo[39m: 	Server running on port 4000 in development node
[2025-11-15 18:33:32] [32minfo[39m: 	MongoDB is connected successfully
[2025-11-15 18:33:32] [32minfo[39m: 	redis connected succefuly
[2025-11-15 18:33:32] [32minfo[39m: 	Server running on port 4000 in development node
[2025-11-15 18:33:40] [32minfo[39m: 	MongoDB is connected successfully
[2025-11-15 18:33:40] [32minfo[39m: 	redis connected succefuly
[2025-11-15 18:33:40] [32minfo[39m: 	Server running on port 4000 in development node
[2025-11-15 18:33:41] [32minfo[39m: 	MongoDB is connected successfully
[2025-11-15 18:33:41] [32minfo[39m: 	redis connected succefuly
[2025-11-15 18:33:41] [32minfo[39m: 	Server running on port 4000 in development node
[2025-11-15 18:33:43] [32minfo[39m: 	MongoDB is connected successfully
[2025-11-15 18:33:43] [32minfo[39m: 	redis connected succefuly
[2025-11-15 18:33:43] [32minfo[39m: 	Server running on port 4000 in development node
[2025-11-15 18:33:46] [32minfo[39m: 	MongoDB is connected successfully
[2025-11-15 18:33:46] [32minfo[39m: 	redis connected succefuly
[2025-11-15 18:33:46] [32minfo[39m: 	Server running on port 4000 in development node
[2025-11-15 18:33:48] [32minfo[39m: 	MongoDB is connected successfully
[2025-11-15 18:33:48] [32minfo[39m: 	redis connected succefuly
[2025-11-15 18:33:48] [32minfo[39m: 	Server running on port 4000 in development node
[2025-11-15 18:33:50] [32minfo[39m: 	MongoDB is connected successfully
[2025-11-15 18:33:50] [32minfo[39m: 	redis connected succefuly
[2025-11-15 18:33:50] [32minfo[39m: 	Server running on port 4000 in development node
[2025-11-15 18:37:43] [32minfo[39m: 	MongoDB is connected successfully
[2025-11-15 18:37:43] [32minfo[39m: 	redis connected succefuly
[2025-11-15 18:37:43] [32minfo[39m: 	Server running on port 4000 in development node
[2025-11-15 18:37:45] [32minfo[39m: 	MongoDB is connected successfully
[2025-11-15 18:37:45] [32minfo[39m: 	redis connected succefuly
[2025-11-15 18:37:45] [32minfo[39m: 	Server running on port 4000 in development node
[2025-11-15 18:37:48] [32minfo[39m: 	MongoDB is connected successfully
[2025-11-15 18:37:48] [32minfo[39m: 	redis connected succefuly
[2025-11-15 18:37:48] [32minfo[39m: 	Server running on port 4000 in development node
[2025-11-15 18:38:13] [32minfo[39m: 	MongoDB is connected successfully
[2025-11-15 18:38:13] [32minfo[39m: 	redis connected succefuly
[2025-11-15 18:38:13] [32minfo[39m: 	Server running on port 4000 in development node
[2025-11-15 18:38:17] [32minfo[39m: 	MongoDB is connected successfully
[2025-11-15 18:38:17] [32minfo[39m: 	redis connected succefuly
[2025-11-15 18:38:17] [32minfo[39m: 	Server running on port 4000 in development node
[2025-11-15 18:38:39] [32minfo[39m: 	MongoDB is connected successfully
[2025-11-15 18:38:39] [32minfo[39m: 	redis connected succefuly
[2025-11-15 18:38:39] [32minfo[39m: 	Server running on port 4000 in development node
[2025-11-15 18:38:40] [32minfo[39m: 	MongoDB is connected successfully
[2025-11-15 18:38:40] [32minfo[39m: 	redis connected succefuly
[2025-11-15 18:38:40] [32minfo[39m: 	Server running on port 4000 in development node
[2025-11-15 18:39:01] [32minfo[39m: 	MongoDB is connected successfully
[2025-11-15 18:39:01] [32minfo[39m: 	redis connected succefuly
[2025-11-15 18:39:01] [32minfo[39m: 	Server running on port 4000 in development node
[2025-11-15 18:39:04] [32minfo[39m: 	MongoDB is connected successfully
[2025-11-15 18:39:04] [32minfo[39m: 	redis connected succefuly
[2025-11-15 18:39:04] [32minfo[39m: 	Server running on port 4000 in development node
[2025-11-15 18:39:07] [32minfo[39m: 	MongoDB is connected successfully
[2025-11-15 18:39:07] [32minfo[39m: 	redis connected succefuly
[2025-11-15 18:39:07] [32minfo[39m: 	Server running on port 4000 in development node
[2025-11-15 18:39:08] [32minfo[39m: 	MongoDB is connected successfully
[2025-11-15 18:39:08] [32minfo[39m: 	redis connected succefuly
[2025-11-15 18:39:08] [32minfo[39m: 	Server running on port 4000 in development node
[2025-11-15 18:39:10] [32minfo[39m: 	MongoDB is connected successfully
[2025-11-15 18:39:10] [32minfo[39m: 	redis connected succefuly
[2025-11-15 18:39:10] [32minfo[39m: 	Server running on port 4000 in development node
[2025-11-15 18:39:11] [32minfo[39m: 	MongoDB is connected successfully
[2025-11-15 18:39:11] [32minfo[39m: 	redis connected succefuly
[2025-11-15 18:39:11] [32minfo[39m: 	Server running on port 4000 in development node
[2025-11-15 18:39:13] [32minfo[39m: 	MongoDB is connected successfully
[2025-11-15 18:39:13] [32minfo[39m: 	redis connected succefuly
[2025-11-15 18:39:13] [32minfo[39m: 	Server running on port 4000 in development node
[2025-11-15 18:39:15] [32minfo[39m: 	MongoDB is connected successfully
[2025-11-15 18:39:15] [32minfo[39m: 	redis connected succefuly
[2025-11-15 18:39:15] [32minfo[39m: 	Server running on port 4000 in development node
[2025-11-15 18:39:16] [32minfo[39m: 	MongoDB is connected successfully
[2025-11-15 18:39:16] [32minfo[39m: 	redis connected succefuly
[2025-11-15 18:39:16] [32minfo[39m: 	Server running on port 4000 in development node
[2025-11-15 18:39:18] [32minfo[39m: 	MongoDB is connected successfully
[2025-11-15 18:39:18] [32minfo[39m: 	redis connected succefuly
[2025-11-15 18:39:18] [32minfo[39m: 	Server running on port 4000 in development node
[2025-11-15 18:39:20] [32minfo[39m: 	MongoDB is connected successfully
[2025-11-15 18:39:20] [32minfo[39m: 	redis connected succefuly
[2025-11-15 18:39:20] [32minfo[39m: 	Server running on port 4000 in development node
[2025-11-15 18:39:22] [32minfo[39m: 	MongoDB is connected successfully
[2025-11-15 18:39:22] [32minfo[39m: 	redis connected succefuly
[2025-11-15 18:39:22] [32minfo[39m: 	Server running on port 4000 in development node
[2025-11-15 18:39:29] [32minfo[39m: 	MongoDB is connected successfully
[2025-11-15 18:39:29] [32minfo[39m: 	redis connected succefuly
[2025-11-15 18:39:29] [32minfo[39m: 	Server running on port 4000 in development node
[2025-11-15 18:39:33] [32minfo[39m: 	MongoDB is connected successfully
[2025-11-15 18:39:33] [32minfo[39m: 	redis connected succefuly
[2025-11-15 18:39:33] [32minfo[39m: 	Server running on port 4000 in development node
[2025-11-15 18:39:34] [32minfo[39m: 	MongoDB is connected successfully
[2025-11-15 18:39:34] [32minfo[39m: 	redis connected succefuly
[2025-11-15 18:39:34] [32minfo[39m: 	Server running on port 4000 in development node
[2025-11-15 18:39:35] [32minfo[39m: 	MongoDB is connected successfully
[2025-11-15 18:39:35] [32minfo[39m: 	redis connected succefuly
[2025-11-15 18:39:35] [32minfo[39m: 	Server running on port 4000 in development node
[2025-11-15 18:39:38] [32minfo[39m: 	MongoDB is connected successfully
[2025-11-15 18:39:38] [32minfo[39m: 	redis connected succefuly
[2025-11-15 18:39:38] [32minfo[39m: 	Server running on port 4000 in development node
[2025-11-15 18:39:40] [32minfo[39m: 	MongoDB is connected successfully
[2025-11-15 18:39:40] [32minfo[39m: 	redis connected succefuly
[2025-11-15 18:39:40] [32minfo[39m: 	Server running on port 4000 in development node
[2025-11-15 18:39:42] [32minfo[39m: 	MongoDB is connected successfully
[2025-11-15 18:39:42] [32minfo[39m: 	redis connected succefuly
[2025-11-15 18:39:42] [32minfo[39m: 	Server running on port 4000 in development node
[2025-11-15 18:39:55] [32minfo[39m: 	MongoDB is connected successfully
[2025-11-15 18:39:55] [32minfo[39m: 	redis connected succefuly
[2025-11-15 18:39:55] [32minfo[39m: 	Server running on port 4000 in development node
[2025-11-15 18:40:26] [32minfo[39m: 	MongoDB is connected successfully
[2025-11-15 18:40:26] [32minfo[39m: 	redis connected succefuly
[2025-11-15 18:40:26] [32minfo[39m: 	Server running on port 4000 in development node
[2025-11-15 18:40:28] [32minfo[39m: 	MongoDB is connected successfully
[2025-11-15 18:40:28] [32minfo[39m: 	redis connected succefuly
[2025-11-15 18:40:28] [32minfo[39m: 	Server running on port 4000 in development node
[2025-11-15 18:40:30] [32minfo[39m: 	MongoDB is connected successfully
[2025-11-15 18:40:30] [32minfo[39m: 	redis connected succefuly
[2025-11-15 18:40:30] [32minfo[39m: 	Server running on port 4000 in development node
[2025-11-15 18:59:48] [32minfo[39m: 	MongoDB is connected successfully
[2025-11-15 18:59:48] [32minfo[39m: 	redis connected succefuly
[2025-11-15 18:59:48] [32minfo[39m: 	Server running on port 4000 in development node
[2025-11-15 18:59:49] [32minfo[39m: 	MongoDB is connected successfully
[2025-11-15 18:59:49] [32minfo[39m: 	redis connected succefuly
[2025-11-15 18:59:49] [32minfo[39m: 	Server running on port 4000 in development node
[2025-11-15 19:00:26] [32minfo[39m: 	MongoDB is connected successfully
[2025-11-15 19:00:26] [32minfo[39m: 	redis connected succefuly
[2025-11-15 19:00:26] [32minfo[39m: 	Server running on port 4000 in development node
[2025-11-15 19:00:28] [32minfo[39m: 	MongoDB is connected successfully
[2025-11-15 19:00:28] [32minfo[39m: 	redis connected succefuly
[2025-11-15 19:00:28] [32minfo[39m: 	Server running on port 4000 in development node
[2025-11-15 19:00:29] [32minfo[39m: 	MongoDB is connected successfully
[2025-11-15 19:00:29] [32minfo[39m: 	redis connected succefuly
[2025-11-15 19:00:29] [32minfo[39m: 	Server running on port 4000 in development node
[2025-11-15 19:00:30] [32minfo[39m: 	MongoDB is connected successfully
[2025-11-15 19:00:30] [32minfo[39m: 	redis connected succefuly
[2025-11-15 19:00:30] [32minfo[39m: 	Server running on port 4000 in development node
[2025-11-15 19:00:33] [32minfo[39m: 	MongoDB is connected successfully
[2025-11-15 19:00:33] [32minfo[39m: 	redis connected succefuly
[2025-11-15 19:00:33] [32minfo[39m: 	Server running on port 4000 in development node
[2025-11-15 19:00:38] [32minfo[39m: 	MongoDB is connected successfully
[2025-11-15 19:00:38] [32minfo[39m: 	redis connected succefuly
[2025-11-15 19:00:38] [32minfo[39m: 	Server running on port 4000 in development node
[2025-11-15 19:00:41] [32minfo[39m: 	Incoming request: GET /api/admin/chef-listing from  REQLOGGER
[2025-11-15 19:03:40] [32minfo[39m: 	MongoDB is connected successfully
[2025-11-15 19:03:40] [32minfo[39m: 	redis connected succefuly
[2025-11-15 19:03:40] [32minfo[39m: 	Server running on port 4000 in development node
[2025-11-15 19:03:41] [32minfo[39m: 	MongoDB is connected successfully
[2025-11-15 19:03:41] [32minfo[39m: 	redis connected succefuly
[2025-11-15 19:03:41] [32minfo[39m: 	Server running on port 4000 in development node
[2025-11-15 19:03:44] [32minfo[39m: 	MongoDB is connected successfully
[2025-11-15 19:03:44] [32minfo[39m: 	redis connected succefuly
[2025-11-15 19:03:44] [32minfo[39m: 	Server running on port 4000 in development node
[2025-11-15 20:17:44] [32minfo[39m: 	MongoDB is connected successfully
[2025-11-15 20:17:44] [32minfo[39m: 	redis connected succefuly
[2025-11-15 20:17:44] [32minfo[39m: 	Server running on port 4000 in development node
[2025-11-15 20:17:46] [32minfo[39m: 	MongoDB is connected successfully
[2025-11-15 20:17:47] [32minfo[39m: 	redis connected succefuly
[2025-11-15 20:17:47] [32minfo[39m: 	Server running on port 4000 in development node
[2025-11-15 20:17:48] [32minfo[39m: 	MongoDB is connected successfully
[2025-11-15 20:17:48] [32minfo[39m: 	redis connected succefuly
[2025-11-15 20:17:48] [32minfo[39m: 	Server running on port 4000 in development node
[2025-11-15 20:17:52] [32minfo[39m: 	MongoDB is connected successfully
[2025-11-15 20:17:52] [32minfo[39m: 	redis connected succefuly
[2025-11-15 20:17:52] [32minfo[39m: 	Server running on port 4000 in development node
[2025-11-15 20:17:55] [32minfo[39m: 	Incoming request: PATCH /api/admin/toggle-block/6917603ddeae765fb6a89d1b from  REQLOGGER
[2025-11-15 20:18:05] [32minfo[39m: 	MongoDB is connected successfully
[2025-11-15 20:18:05] [32minfo[39m: 	redis connected succefuly
[2025-11-15 20:18:05] [32minfo[39m: 	Server running on port 4000 in development node
[2025-11-15 20:18:08] [32minfo[39m: 	MongoDB is connected successfully
[2025-11-15 20:18:08] [32minfo[39m: 	redis connected succefuly
[2025-11-15 20:18:09] [32minfo[39m: 	Server running on port 4000 in development node
[2025-11-15 20:18:10] [32minfo[39m: 	MongoDB is connected successfully
[2025-11-15 20:18:10] [32minfo[39m: 	redis connected succefuly
[2025-11-15 20:18:10] [32minfo[39m: 	Server running on port 4000 in development node
[2025-11-15 20:18:12] [32minfo[39m: 	MongoDB is connected successfully
[2025-11-15 20:18:12] [32minfo[39m: 	redis connected succefuly
[2025-11-15 20:18:14] [32minfo[39m: 	MongoDB is connected successfully
[2025-11-15 20:18:14] [32minfo[39m: 	redis connected succefuly
[2025-11-15 20:18:14] [32minfo[39m: 	Server running on port 4000 in development node
[2025-11-15 20:19:02] [32minfo[39m: 	MongoDB is connected successfully
[2025-11-15 20:19:02] [32minfo[39m: 	redis connected succefuly
[2025-11-15 20:19:02] [32minfo[39m: 	Server running on port 4000 in development node
[2025-11-15 20:19:09] [32minfo[39m: 	MongoDB is connected successfully
[2025-11-15 20:19:09] [32minfo[39m: 	redis connected succefuly
[2025-11-15 20:19:09] [32minfo[39m: 	Server running on port 4000 in development node
[2025-11-15 20:19:10] [32minfo[39m: 	MongoDB is connected successfully
[2025-11-15 20:19:10] [32minfo[39m: 	redis connected succefuly
[2025-11-15 20:19:10] [32minfo[39m: 	Server running on port 4000 in development node
[2025-11-15 20:19:12] [32minfo[39m: 	MongoDB is connected successfully
[2025-11-15 20:19:12] [32minfo[39m: 	redis connected succefuly
[2025-11-15 20:19:12] [32minfo[39m: 	Server running on port 4000 in development node
[2025-11-15 20:19:13] [32minfo[39m: 	MongoDB is connected successfully
[2025-11-15 20:19:13] [32minfo[39m: 	redis connected succefuly
[2025-11-15 20:19:13] [32minfo[39m: 	Server running on port 4000 in development node
[2025-11-15 20:19:22] [32minfo[39m: 	MongoDB is connected successfully
[2025-11-15 20:19:22] [32minfo[39m: 	redis connected succefuly
[2025-11-15 20:19:22] [32minfo[39m: 	Server running on port 4000 in development node
[2025-11-15 20:19:24] [32minfo[39m: 	MongoDB is connected successfully
[2025-11-15 20:19:24] [32minfo[39m: 	redis connected succefuly
[2025-11-15 20:19:24] [32minfo[39m: 	Server running on port 4000 in development node
[2025-11-15 20:19:26] [32minfo[39m: 	MongoDB is connected successfully
[2025-11-15 20:19:26] [32minfo[39m: 	redis connected succefuly
[2025-11-15 20:19:26] [32minfo[39m: 	Server running on port 4000 in development node
[2025-11-15 20:19:28] [32minfo[39m: 	MongoDB is connected successfully
[2025-11-15 20:19:28] [32minfo[39m: 	redis connected succefuly
[2025-11-15 20:19:28] [32minfo[39m: 	Server running on port 4000 in development node
[2025-11-15 20:19:53] [32minfo[39m: 	MongoDB is connected successfully
[2025-11-15 20:19:53] [32minfo[39m: 	redis connected succefuly
[2025-11-15 20:19:53] [32minfo[39m: 	Server running on port 4000 in development node
[2025-11-15 20:20:30] [32minfo[39m: 	MongoDB is connected successfully
[2025-11-15 20:20:30] [32minfo[39m: 	redis connected succefuly
[2025-11-15 20:20:30] [32minfo[39m: 	Server running on port 4000 in development node
[2025-11-15 20:20:39] [32minfo[39m: 	MongoDB is connected successfully
[2025-11-15 20:20:39] [32minfo[39m: 	redis connected succefuly
[2025-11-15 20:20:39] [32minfo[39m: 	Server running on port 4000 in development node
[2025-11-15 20:23:02] [32minfo[39m: 	MongoDB is connected successfully
[2025-11-15 20:23:02] [32minfo[39m: 	redis connected succefuly
[2025-11-15 20:23:02] [32minfo[39m: 	Server running on port 4000 in development node
[2025-11-15 20:23:05] [32minfo[39m: 	MongoDB is connected successfully
[2025-11-15 20:23:05] [32minfo[39m: 	redis connected succefuly
[2025-11-15 20:23:05] [32minfo[39m: 	Server running on port 4000 in development node
[2025-11-15 20:23:09] [32minfo[39m: 	MongoDB is connected successfully
[2025-11-15 20:23:09] [32minfo[39m: 	redis connected succefuly
[2025-11-15 20:23:09] [32minfo[39m: 	Server running on port 4000 in development node
[2025-11-15 20:23:21] [32minfo[39m: 	MongoDB is connected successfully
[2025-11-15 20:23:21] [32minfo[39m: 	redis connected succefuly
[2025-11-15 20:23:21] [32minfo[39m: 	Server running on port 4000 in development node
[2025-11-15 20:23:50] [32minfo[39m: 	MongoDB is connected successfully
[2025-11-15 20:23:50] [32minfo[39m: 	redis connected succefuly
[2025-11-15 20:23:50] [32minfo[39m: 	Server running on port 4000 in development node
[2025-11-15 20:23:53] [32minfo[39m: 	MongoDB is connected successfully
[2025-11-15 20:23:53] [32minfo[39m: 	redis connected succefuly
[2025-11-15 20:23:53] [32minfo[39m: 	Server running on port 4000 in development node
[2025-11-15 20:23:56] [32minfo[39m: 	MongoDB is connected successfully
[2025-11-15 20:23:56] [32minfo[39m: 	redis connected succefuly
[2025-11-15 20:23:56] [32minfo[39m: 	Server running on port 4000 in development node
[2025-11-15 20:24:15] [32minfo[39m: 	Incoming request: PATCH /api/admin/toggle-unblock/6917603ddeae765fb6a89d1b from  REQLOGGER
[2025-11-15 20:24:17] [32minfo[39m: 	Incoming request: PATCH /api/admin/toggle-unblock/6917603ddeae765fb6a89d1b from  REQLOGGER
