[2025-11-21 08:25:02] [32minfo[39m: 	Incoming request: GET /api/chef/chef-dashboard from  REQLOGGER
[2025-11-21 08:25:02] [32minfo[39m: 	middleware 1
[2025-11-21 08:25:02] [32minfo[39m: TokenExpiredError: jwt expired
    at D:\brototype\Dishcovery\server\node_modules\jsonwebtoken\verify.js:190:21
    at getSecret (D:\brototype\Dishcovery\server\node_modules\jsonwebtoken\verify.js:97:14)
    at Object.module.exports [as verify] (D:\brototype\Dishcovery\server\node_modules\jsonwebtoken\verify.js:101:10)
    at verifyAccess (D:\brototype\Dishcovery\server\src\middlewares\verifyAccess.ts:27:29)
    at Layer.handleRequest (D:\brototype\Dishcovery\server\node_modules\router\lib\layer.js:152:17)
    at next (D:\brototype\Dishcovery\server\node_modules\router\lib\route.js:157:13)
    at Route.dispatch (D:\brototype\Dishcovery\server\node_modules\router\lib\route.js:117:3)
    at handle (D:\brototype\Dishcovery\server\node_modules\router\index.js:435:11)
    at Layer.handleRequest (D:\brototype\Dishcovery\server\node_modules\router\lib\layer.js:152:17)
    at D:\brototype\Dishcovery\server\node_modules\router\index.js:295:15
[2025-11-21 08:25:02] [32minfo[39m: 	Incoming request: GET /api/chef/chef-dashboard from  REQLOGGER
[2025-11-21 08:25:02] [32minfo[39m: 	middleware 1
[2025-11-21 08:25:02] [32minfo[39m: TokenExpiredError: jwt expired
    at D:\brototype\Dishcovery\server\node_modules\jsonwebtoken\verify.js:190:21
    at getSecret (D:\brototype\Dishcovery\server\node_modules\jsonwebtoken\verify.js:97:14)
    at Object.module.exports [as verify] (D:\brototype\Dishcovery\server\node_modules\jsonwebtoken\verify.js:101:10)
    at verifyAccess (D:\brototype\Dishcovery\server\src\middlewares\verifyAccess.ts:27:29)
    at Layer.handleRequest (D:\brototype\Dishcovery\server\node_modules\router\lib\layer.js:152:17)
    at next (D:\brototype\Dishcovery\server\node_modules\router\lib\route.js:157:13)
    at Route.dispatch (D:\brototype\Dishcovery\server\node_modules\router\lib\route.js:117:3)
    at handle (D:\brototype\Dishcovery\server\node_modules\router\index.js:435:11)
    at Layer.handleRequest (D:\brototype\Dishcovery\server\node_modules\router\lib\layer.js:152:17)
    at D:\brototype\Dishcovery\server\node_modules\router\index.js:295:15
[2025-11-21 08:25:02] [32minfo[39m: 	Incoming request: POST /api/auth/refresh from  REQLOGGER
[2025-11-21 08:25:02] [32minfo[39m: 	Incoming request: POST /api/auth/refresh from  REQLOGGER
[2025-11-21 08:25:02] [32minfo[39m: 	Incoming request: GET /api/chef/chef-dashboard from  REQLOGGER
[2025-11-21 08:25:02] [32minfo[39m: 	middleware 1
[2025-11-21 08:25:02] [32minfo[39m: 	Incoming request: GET /api/chef/chef-dashboard from  REQLOGGER
[2025-11-21 08:25:02] [32minfo[39m: 	middleware 1
[2025-11-21 08:25:06] [32minfo[39m: 	Incoming request: GET /api/chef/chef-dashboard from  REQLOGGER
[2025-11-21 08:25:06] [32minfo[39m: 	middleware 1
[2025-11-21 08:25:06] [32minfo[39m: 	Incoming request: GET /api/chef/chef-dashboard from  REQLOGGER
[2025-11-21 08:25:06] [32minfo[39m: 	middleware 1
[2025-11-21 08:25:15] [32minfo[39m: 	Incoming request: GET /api/chef/chef-dashboard from  REQLOGGER
[2025-11-21 08:25:15] [32minfo[39m: 	middleware 1
[2025-11-21 08:25:15] [32minfo[39m: 	Incoming request: GET /api/chef/chef-dashboard from  REQLOGGER
[2025-11-21 08:25:15] [32minfo[39m: 	middleware 1
[2025-11-21 11:19:06] [32minfo[39m: 	MongoDB is connected successfully
[2025-11-21 11:19:06] [32minfo[39m: 	redis connected succefuly
[2025-11-21 11:19:06] [32minfo[39m: 	Server running on port 4000 in development node
[2025-11-21 11:19:09] [32minfo[39m: 	MongoDB is connected successfully
[2025-11-21 11:19:09] [32minfo[39m: 	redis connected succefuly
[2025-11-21 11:19:09] [32minfo[39m: 	Server running on port 4000 in development node
[2025-11-21 11:19:14] [32minfo[39m: 	MongoDB is connected successfully
[2025-11-21 11:19:14] [32minfo[39m: 	redis connected succefuly
[2025-11-21 11:19:14] [32minfo[39m: 	Server running on port 4000 in development node
[2025-11-21 11:19:21] [32minfo[39m: 	MongoDB is connected successfully
[2025-11-21 11:19:21] [32minfo[39m: 	redis connected succefuly
[2025-11-21 11:19:21] [32minfo[39m: 	Server running on port 4000 in development node
[2025-11-21 11:19:24] [32minfo[39m: 	MongoDB is connected successfully
[2025-11-21 11:19:24] [32minfo[39m: 	redis connected succefuly
[2025-11-21 11:19:24] [32minfo[39m: 	Server running on port 4000 in development node
[2025-11-21 11:19:29] [32minfo[39m: 	MongoDB is connected successfully
[2025-11-21 11:19:29] [32minfo[39m: 	redis connected succefuly
[2025-11-21 11:19:29] [32minfo[39m: 	Server running on port 4000 in development node
[2025-11-21 11:19:31] [32minfo[39m: 	MongoDB is connected successfully
[2025-11-21 11:19:31] [32minfo[39m: 	redis connected succefuly
[2025-11-21 11:19:31] [32minfo[39m: 	Server running on port 4000 in development node
[2025-11-21 11:19:35] [32minfo[39m: 	MongoDB is connected successfully
[2025-11-21 11:19:35] [32minfo[39m: 	redis connected succefuly
[2025-11-21 11:19:35] [32minfo[39m: 	Server running on port 4000 in development node
[2025-11-21 11:19:37] [32minfo[39m: 	MongoDB is connected successfully
[2025-11-21 11:19:37] [32minfo[39m: 	redis connected succefuly
[2025-11-21 11:19:37] [32minfo[39m: 	Server running on port 4000 in development node
[2025-11-21 11:19:39] [32minfo[39m: 	MongoDB is connected successfully
[2025-11-21 11:19:39] [32minfo[39m: 	redis connected succefuly
[2025-11-21 11:19:39] [32minfo[39m: 	Server running on port 4000 in development node
[2025-11-21 11:19:47] [32minfo[39m: 	MongoDB is connected successfully
[2025-11-21 11:19:47] [32minfo[39m: 	redis connected succefuly
[2025-11-21 11:19:47] [32minfo[39m: 	Server running on port 4000 in development node
[2025-11-21 11:20:01] [32minfo[39m: 	MongoDB is connected successfully
[2025-11-21 11:20:01] [32minfo[39m: 	redis connected succefuly
[2025-11-21 11:20:01] [32minfo[39m: 	Server running on port 4000 in development node
[2025-11-21 11:20:06] [32minfo[39m: 	MongoDB is connected successfully
[2025-11-21 11:20:06] [32minfo[39m: 	redis connected succefuly
[2025-11-21 11:20:06] [32minfo[39m: 	Server running on port 4000 in development node
[2025-11-21 11:20:17] [32minfo[39m: 	MongoDB is connected successfully
[2025-11-21 11:20:17] [32minfo[39m: 	redis connected succefuly
[2025-11-21 11:20:17] [32minfo[39m: 	Server running on port 4000 in development node
[2025-11-21 11:20:19] [32minfo[39m: 	MongoDB is connected successfully
[2025-11-21 11:20:19] [32minfo[39m: 	redis connected succefuly
[2025-11-21 11:20:19] [32minfo[39m: 	Server running on port 4000 in development node
[2025-11-21 11:20:20] [32minfo[39m: 	MongoDB is connected successfully
[2025-11-21 11:20:20] [32minfo[39m: 	redis connected succefuly
[2025-11-21 11:20:20] [32minfo[39m: 	Server running on port 4000 in development node
[2025-11-21 11:20:23] [32minfo[39m: 	MongoDB is connected successfully
[2025-11-21 11:20:23] [32minfo[39m: 	redis connected succefuly
[2025-11-21 11:20:23] [32minfo[39m: 	Server running on port 4000 in development node
[2025-11-21 11:20:29] [32minfo[39m: 	MongoDB is connected successfully
[2025-11-21 11:20:29] [32minfo[39m: 	redis connected succefuly
[2025-11-21 11:20:29] [32minfo[39m: 	Server running on port 4000 in development node
[2025-11-21 11:20:32] [32minfo[39m: 	MongoDB is connected successfully
[2025-11-21 11:20:32] [32minfo[39m: 	redis connected succefuly
[2025-11-21 11:20:32] [32minfo[39m: 	Server running on port 4000 in development node
[2025-11-21 11:20:41] [32minfo[39m: 	MongoDB is connected successfully
[2025-11-21 11:20:41] [32minfo[39m: 	redis connected succefuly
[2025-11-21 11:20:41] [32minfo[39m: 	Server running on port 4000 in development node
[2025-11-21 11:20:43] [32minfo[39m: 	MongoDB is connected successfully
[2025-11-21 11:20:43] [32minfo[39m: 	redis connected succefuly
[2025-11-21 11:20:43] [32minfo[39m: 	Server running on port 4000 in development node
[2025-11-21 11:20:54] [32minfo[39m: 	MongoDB is connected successfully
[2025-11-21 11:20:54] [32minfo[39m: 	redis connected succefuly
[2025-11-21 11:20:54] [32minfo[39m: 	Server running on port 4000 in development node
[2025-11-21 11:20:58] [32minfo[39m: 	MongoDB is connected successfully
[2025-11-21 11:20:58] [32minfo[39m: 	redis connected succefuly
[2025-11-21 11:20:58] [32minfo[39m: 	Server running on port 4000 in development node
[2025-11-21 11:21:32] [32minfo[39m: 	MongoDB is connected successfully
[2025-11-21 11:21:32] [32minfo[39m: 	redis connected succefuly
[2025-11-21 11:21:32] [32minfo[39m: 	Server running on port 4000 in development node
[2025-11-21 11:24:24] [32minfo[39m: 	MongoDB is connected successfully
[2025-11-21 11:24:24] [32minfo[39m: 	redis connected succefuly
[2025-11-21 11:24:24] [32minfo[39m: 	Server running on port 4000 in development node
[2025-11-21 11:24:25] [32minfo[39m: 	MongoDB is connected successfully
[2025-11-21 11:24:25] [32minfo[39m: 	redis connected succefuly
[2025-11-21 11:24:25] [32minfo[39m: 	Server running on port 4000 in development node
[2025-11-21 11:26:32] [32minfo[39m: 	MongoDB is connected successfully
[2025-11-21 11:26:32] [32minfo[39m: 	redis connected succefuly
[2025-11-21 11:26:32] [32minfo[39m: 	Server running on port 4000 in development node
[2025-11-21 11:26:34] [32minfo[39m: 	MongoDB is connected successfully
[2025-11-21 11:26:34] [32minfo[39m: 	redis connected succefuly
[2025-11-21 11:26:34] [32minfo[39m: 	Server running on port 4000 in development node
[2025-11-21 11:26:37] [32minfo[39m: 	MongoDB is connected successfully
[2025-11-21 11:26:37] [32minfo[39m: 	redis connected succefuly
[2025-11-21 11:26:37] [32minfo[39m: 	Server running on port 4000 in development node
[2025-11-21 11:26:40] [32minfo[39m: 	MongoDB is connected successfully
[2025-11-21 11:26:40] [32minfo[39m: 	redis connected succefuly
[2025-11-21 11:26:40] [32minfo[39m: 	Server running on port 4000 in development node
[2025-11-21 11:26:42] [32minfo[39m: 	MongoDB is connected successfully
[2025-11-21 11:26:42] [32minfo[39m: 	redis connected succefuly
[2025-11-21 11:26:42] [32minfo[39m: 	Server running on port 4000 in development node
[2025-11-21 11:26:46] [32minfo[39m: 	MongoDB is connected successfully
[2025-11-21 11:26:46] [32minfo[39m: 	redis connected succefuly
[2025-11-21 11:26:46] [32minfo[39m: 	Server running on port 4000 in development node
[2025-11-21 11:26:47] [32minfo[39m: 	MongoDB is connected successfully
[2025-11-21 11:26:47] [32minfo[39m: 	redis connected succefuly
[2025-11-21 11:26:47] [32minfo[39m: 	Server running on port 4000 in development node
[2025-11-21 11:26:50] [32minfo[39m: 	MongoDB is connected successfully
[2025-11-21 11:26:50] [32minfo[39m: 	redis connected succefuly
[2025-11-21 11:26:50] [32minfo[39m: 	Server running on port 4000 in development node
[2025-11-21 11:26:51] [32minfo[39m: 	MongoDB is connected successfully
[2025-11-21 11:26:51] [32minfo[39m: 	redis connected succefuly
[2025-11-21 11:26:51] [32minfo[39m: 	Server running on port 4000 in development node
[2025-11-21 11:26:53] [32minfo[39m: 	MongoDB is connected successfully
[2025-11-21 11:26:53] [32minfo[39m: 	redis connected succefuly
[2025-11-21 11:26:53] [32minfo[39m: 	Server running on port 4000 in development node
[2025-11-21 11:26:54] [32minfo[39m: 	MongoDB is connected successfully
[2025-11-21 11:26:54] [32minfo[39m: 	redis connected succefuly
[2025-11-21 11:26:54] [32minfo[39m: 	Server running on port 4000 in development node
[2025-11-21 11:26:55] [32minfo[39m: 	MongoDB is connected successfully
[2025-11-21 11:26:55] [32minfo[39m: 	redis connected succefuly
[2025-11-21 11:26:55] [32minfo[39m: 	Server running on port 4000 in development node
[2025-11-21 11:27:04] [32minfo[39m: 	MongoDB is connected successfully
[2025-11-21 11:27:04] [32minfo[39m: 	redis connected succefuly
[2025-11-21 11:27:04] [32minfo[39m: 	Server running on port 4000 in development node
[2025-11-21 11:27:08] [32minfo[39m: 	MongoDB is connected successfully
[2025-11-21 11:27:08] [32minfo[39m: 	redis connected succefuly
[2025-11-21 11:27:08] [32minfo[39m: 	Server running on port 4000 in development node
[2025-11-21 11:27:10] [32minfo[39m: 	MongoDB is connected successfully
[2025-11-21 11:27:10] [32minfo[39m: 	redis connected succefuly
[2025-11-21 11:27:10] [32minfo[39m: 	Server running on port 4000 in development node
[2025-11-21 11:27:34] [32minfo[39m: 	MongoDB is connected successfully
[2025-11-21 11:27:34] [32minfo[39m: 	redis connected succefuly
[2025-11-21 11:27:34] [32minfo[39m: 	Server running on port 4000 in development node
[2025-11-21 11:27:43] [32minfo[39m: 	MongoDB is connected successfully
[2025-11-21 11:27:43] [32minfo[39m: 	redis connected succefuly
[2025-11-21 11:27:44] [32minfo[39m: 	Server running on port 4000 in development node
[2025-11-21 11:27:46] [32minfo[39m: 	MongoDB is connected successfully
[2025-11-21 11:27:46] [32minfo[39m: 	redis connected succefuly
[2025-11-21 11:27:46] [32minfo[39m: 	Server running on port 4000 in development node
[2025-11-21 11:27:53] [32minfo[39m: 	MongoDB is connected successfully
[2025-11-21 11:27:53] [32minfo[39m: 	redis connected succefuly
[2025-11-21 11:27:53] [32minfo[39m: 	Server running on port 4000 in development node
[2025-11-21 11:27:55] [32minfo[39m: 	MongoDB is connected successfully
[2025-11-21 11:27:55] [32minfo[39m: 	redis connected succefuly
[2025-11-21 11:27:55] [32minfo[39m: 	Server running on port 4000 in development node
[2025-11-21 11:28:17] [32minfo[39m: 	MongoDB is connected successfully
[2025-11-21 11:28:17] [32minfo[39m: 	redis connected succefuly
[2025-11-21 11:28:17] [32minfo[39m: 	Server running on port 4000 in development node
[2025-11-21 11:28:18] [32minfo[39m: 	MongoDB is connected successfully
[2025-11-21 11:28:18] [32minfo[39m: 	redis connected succefuly
[2025-11-21 11:28:18] [32minfo[39m: 	Server running on port 4000 in development node
[2025-11-21 11:28:19] [32minfo[39m: 	MongoDB is connected successfully
[2025-11-21 11:28:19] [32minfo[39m: 	redis connected succefuly
[2025-11-21 11:28:19] [32minfo[39m: 	Server running on port 4000 in development node
[2025-11-21 11:28:21] [32minfo[39m: 	MongoDB is connected successfully
[2025-11-21 11:28:21] [32minfo[39m: 	redis connected succefuly
[2025-11-21 11:28:21] [32minfo[39m: 	Server running on port 4000 in development node
[2025-11-21 11:28:24] [32minfo[39m: 	MongoDB is connected successfully
[2025-11-21 11:28:24] [32minfo[39m: 	redis connected succefuly
[2025-11-21 11:28:24] [32minfo[39m: 	Server running on port 4000 in development node
[2025-11-21 11:28:25] [32minfo[39m: 	MongoDB is connected successfully
[2025-11-21 11:28:25] [32minfo[39m: 	redis connected succefuly
[2025-11-21 11:28:25] [32minfo[39m: 	Server running on port 4000 in development node
[2025-11-21 11:28:27] [32minfo[39m: 	MongoDB is connected successfully
[2025-11-21 11:28:27] [32minfo[39m: 	redis connected succefuly
[2025-11-21 11:28:27] [32minfo[39m: 	Server running on port 4000 in development node
[2025-11-21 11:28:28] [32minfo[39m: 	MongoDB is connected successfully
[2025-11-21 11:28:28] [32minfo[39m: 	redis connected succefuly
[2025-11-21 11:28:28] [32minfo[39m: 	Server running on port 4000 in development node
[2025-11-21 11:28:29] [32minfo[39m: 	MongoDB is connected successfully
[2025-11-21 11:28:29] [32minfo[39m: 	redis connected succefuly
[2025-11-21 11:28:29] [32minfo[39m: 	Server running on port 4000 in development node
[2025-11-21 11:28:31] [32minfo[39m: 	MongoDB is connected successfully
[2025-11-21 11:28:31] [32minfo[39m: 	redis connected succefuly
[2025-11-21 11:28:31] [32minfo[39m: 	Server running on port 4000 in development node
[2025-11-21 11:28:43] [32minfo[39m: 	MongoDB is connected successfully
[2025-11-21 11:28:43] [32minfo[39m: 	redis connected succefuly
[2025-11-21 11:28:43] [32minfo[39m: 	Server running on port 4000 in development node
[2025-11-21 11:28:48] [32minfo[39m: 	MongoDB is connected successfully
[2025-11-21 11:28:48] [32minfo[39m: 	redis connected succefuly
[2025-11-21 11:28:48] [32minfo[39m: 	Server running on port 4000 in development node
[2025-11-21 11:28:50] [32minfo[39m: 	MongoDB is connected successfully
[2025-11-21 11:28:50] [32minfo[39m: 	redis connected succefuly
[2025-11-21 11:28:50] [32minfo[39m: 	Server running on port 4000 in development node
[2025-11-21 11:29:08] [32minfo[39m: 	MongoDB is connected successfully
[2025-11-21 11:29:08] [32minfo[39m: 	redis connected succefuly
[2025-11-21 11:29:08] [32minfo[39m: 	Server running on port 4000 in development node
[2025-11-21 11:29:31] [32minfo[39m: 	MongoDB is connected successfully
[2025-11-21 11:29:31] [32minfo[39m: 	redis connected succefuly
[2025-11-21 11:29:31] [32minfo[39m: 	Server running on port 4000 in development node
[2025-11-21 11:35:59] [32minfo[39m: 	MongoDB is connected successfully
[2025-11-21 11:35:59] [32minfo[39m: 	redis connected succefuly
[2025-11-21 11:35:59] [32minfo[39m: 	Server running on port 4000 in development node
[2025-11-21 11:36:00] [32minfo[39m: 	MongoDB is connected successfully
[2025-11-21 11:36:00] [32minfo[39m: 	redis connected succefuly
[2025-11-21 11:36:00] [32minfo[39m: 	Server running on port 4000 in development node
[2025-11-21 11:36:05] [32minfo[39m: 	MongoDB is connected successfully
[2025-11-21 11:36:05] [32minfo[39m: 	redis connected succefuly
[2025-11-21 11:36:05] [32minfo[39m: 	Server running on port 4000 in development node
[2025-11-21 11:36:08] [32minfo[39m: 	MongoDB is connected successfully
[2025-11-21 11:36:08] [32minfo[39m: 	redis connected succefuly
[2025-11-21 11:36:08] [32minfo[39m: 	Server running on port 4000 in development node
[2025-11-21 11:36:11] [32minfo[39m: 	MongoDB is connected successfully
[2025-11-21 11:36:11] [32minfo[39m: 	redis connected succefuly
[2025-11-21 11:36:11] [32minfo[39m: 	Server running on port 4000 in development node
[2025-11-21 11:37:08] [32minfo[39m: 	MongoDB is connected successfully
[2025-11-21 11:37:08] [32minfo[39m: 	redis connected succefuly
[2025-11-21 11:37:08] [32minfo[39m: 	Server running on port 4000 in development node
[2025-11-21 11:37:10] [32minfo[39m: 	MongoDB is connected successfully
[2025-11-21 11:37:10] [32minfo[39m: 	redis connected succefuly
[2025-11-21 11:37:10] [32minfo[39m: 	Server running on port 4000 in development node
[2025-11-21 11:37:14] [32minfo[39m: 	MongoDB is connected successfully
[2025-11-21 11:37:14] [32minfo[39m: 	redis connected succefuly
[2025-11-21 11:37:14] [32minfo[39m: 	Server running on port 4000 in development node
[2025-11-21 11:37:15] [32minfo[39m: 	MongoDB is connected successfully
[2025-11-21 11:37:15] [32minfo[39m: 	redis connected succefuly
[2025-11-21 11:37:15] [32minfo[39m: 	Server running on port 4000 in development node
[2025-11-21 11:37:20] [32minfo[39m: 	MongoDB is connected successfully
[2025-11-21 11:37:20] [32minfo[39m: 	redis connected succefuly
[2025-11-21 11:37:20] [32minfo[39m: 	Server running on port 4000 in development node
[2025-11-21 11:37:21] [32minfo[39m: 	MongoDB is connected successfully
[2025-11-21 11:37:21] [32minfo[39m: 	redis connected succefuly
[2025-11-21 11:37:21] [32minfo[39m: 	Server running on port 4000 in development node
[2025-11-21 11:37:22] [32minfo[39m: 	MongoDB is connected successfully
[2025-11-21 11:37:22] [32minfo[39m: 	redis connected succefuly
[2025-11-21 11:37:22] [32minfo[39m: 	Server running on port 4000 in development node
[2025-11-21 11:37:24] [32minfo[39m: 	MongoDB is connected successfully
[2025-11-21 11:37:24] [32minfo[39m: 	redis connected succefuly
[2025-11-21 11:37:24] [32minfo[39m: 	Server running on port 4000 in development node
[2025-11-21 11:37:25] [32minfo[39m: 	MongoDB is connected successfully
[2025-11-21 11:37:25] [32minfo[39m: 	redis connected succefuly
[2025-11-21 11:37:25] [32minfo[39m: 	Server running on port 4000 in development node
[2025-11-21 11:40:48] [32minfo[39m: 	MongoDB is connected successfully
[2025-11-21 11:40:48] [32minfo[39m: 	redis connected succefuly
[2025-11-21 11:40:48] [32minfo[39m: 	Server running on port 4000 in development node
[2025-11-21 11:40:51] [32minfo[39m: 	MongoDB is connected successfully
[2025-11-21 11:40:51] [32minfo[39m: 	redis connected succefuly
[2025-11-21 11:40:51] [32minfo[39m: 	Server running on port 4000 in development node
[2025-11-21 11:40:54] [32minfo[39m: 	MongoDB is connected successfully
[2025-11-21 11:40:54] [32minfo[39m: 	redis connected succefuly
[2025-11-21 11:40:54] [32minfo[39m: 	Server running on port 4000 in development node
[2025-11-21 11:40:55] [32minfo[39m: 	MongoDB is connected successfully
[2025-11-21 11:40:55] [32minfo[39m: 	redis connected succefuly
[2025-11-21 11:40:55] [32minfo[39m: 	Server running on port 4000 in development node
[2025-11-21 11:40:58] [32minfo[39m: 	MongoDB is connected successfully
[2025-11-21 11:40:58] [32minfo[39m: 	redis connected succefuly
[2025-11-21 11:40:58] [32minfo[39m: 	Server running on port 4000 in development node
[2025-11-21 11:41:29] [32minfo[39m: 	MongoDB is connected successfully
[2025-11-21 11:41:29] [32minfo[39m: 	redis connected succefuly
[2025-11-21 11:41:29] [32minfo[39m: 	Server running on port 4000 in development node
[2025-11-21 11:41:32] [32minfo[39m: 	MongoDB is connected successfully
[2025-11-21 11:41:32] [32minfo[39m: 	redis connected succefuly
[2025-11-21 11:41:32] [32minfo[39m: 	Server running on port 4000 in development node
[2025-11-21 11:41:39] [32minfo[39m: 	MongoDB is connected successfully
[2025-11-21 11:41:39] [32minfo[39m: 	redis connected succefuly
[2025-11-21 11:41:39] [32minfo[39m: 	Server running on port 4000 in development node
[2025-11-21 11:41:40] [32minfo[39m: 	MongoDB is connected successfully
[2025-11-21 11:41:40] [32minfo[39m: 	redis connected succefuly
[2025-11-21 11:41:40] [32minfo[39m: 	Server running on port 4000 in development node
[2025-11-21 11:41:42] [32minfo[39m: 	MongoDB is connected successfully
[2025-11-21 11:41:42] [32minfo[39m: 	redis connected succefuly
[2025-11-21 11:41:42] [32minfo[39m: 	Server running on port 4000 in development node
[2025-11-21 11:41:53] [32minfo[39m: 	MongoDB is connected successfully
[2025-11-21 11:41:53] [32minfo[39m: 	redis connected succefuly
[2025-11-21 11:41:53] [32minfo[39m: 	Server running on port 4000 in development node
[2025-11-21 11:41:55] [32minfo[39m: 	MongoDB is connected successfully
[2025-11-21 11:41:55] [32minfo[39m: 	redis connected succefuly
[2025-11-21 11:41:55] [32minfo[39m: 	Server running on port 4000 in development node
[2025-11-21 11:41:59] [32minfo[39m: 	MongoDB is connected successfully
[2025-11-21 11:41:59] [32minfo[39m: 	redis connected succefuly
[2025-11-21 11:41:59] [32minfo[39m: 	Server running on port 4000 in development node
[2025-11-21 11:42:04] [32minfo[39m: 	MongoDB is connected successfully
[2025-11-21 11:42:04] [32minfo[39m: 	redis connected succefuly
[2025-11-21 11:42:04] [32minfo[39m: 	Server running on port 4000 in development node
[2025-11-21 11:45:02] [32minfo[39m: 	MongoDB is connected successfully
[2025-11-21 11:45:02] [32minfo[39m: 	redis connected succefuly
[2025-11-21 11:45:02] [32minfo[39m: 	Server running on port 4000 in development node
[2025-11-21 11:45:07] [32minfo[39m: 	MongoDB is connected successfully
[2025-11-21 11:45:07] [32minfo[39m: 	redis connected succefuly
[2025-11-21 11:45:07] [32minfo[39m: 	Server running on port 4000 in development node
[2025-11-21 11:45:11] [32minfo[39m: 	MongoDB is connected successfully
[2025-11-21 11:45:11] [32minfo[39m: 	redis connected succefuly
[2025-11-21 11:45:11] [32minfo[39m: 	Server running on port 4000 in development node
[2025-11-21 11:45:22] [32minfo[39m: 	MongoDB is connected successfully
[2025-11-21 11:45:22] [32minfo[39m: 	redis connected succefuly
[2025-11-21 11:45:22] [32minfo[39m: 	Server running on port 4000 in development node
[2025-11-21 11:45:37] [32minfo[39m: 	MongoDB is connected successfully
[2025-11-21 11:45:37] [32minfo[39m: 	redis connected succefuly
[2025-11-21 11:45:37] [32minfo[39m: 	Server running on port 4000 in development node
[2025-11-21 11:45:39] [32minfo[39m: 	MongoDB is connected successfully
[2025-11-21 11:45:39] [32minfo[39m: 	redis connected succefuly
[2025-11-21 11:45:39] [32minfo[39m: 	Server running on port 4000 in development node
[2025-11-21 11:45:42] [32minfo[39m: 	MongoDB is connected successfully
[2025-11-21 11:45:42] [32minfo[39m: 	redis connected succefuly
[2025-11-21 11:45:42] [32minfo[39m: 	Server running on port 4000 in development node
[2025-11-21 11:45:44] [32minfo[39m: 	MongoDB is connected successfully
[2025-11-21 11:45:44] [32minfo[39m: 	redis connected succefuly
[2025-11-21 11:45:44] [32minfo[39m: 	Server running on port 4000 in development node
[2025-11-21 11:45:46] [32minfo[39m: 	MongoDB is connected successfully
[2025-11-21 11:45:46] [32minfo[39m: 	redis connected succefuly
[2025-11-21 11:45:46] [32minfo[39m: 	Server running on port 4000 in development node
[2025-11-21 11:46:00] [32minfo[39m: 	MongoDB is connected successfully
[2025-11-21 11:46:00] [32minfo[39m: 	redis connected succefuly
[2025-11-21 11:46:00] [32minfo[39m: 	Server running on port 4000 in development node
[2025-11-21 11:46:01] [32minfo[39m: 	MongoDB is connected successfully
[2025-11-21 11:46:01] [32minfo[39m: 	redis connected succefuly
[2025-11-21 11:46:01] [32minfo[39m: 	Server running on port 4000 in development node
[2025-11-21 11:46:16] [32minfo[39m: 	MongoDB is connected successfully
[2025-11-21 11:46:16] [32minfo[39m: 	redis connected succefuly
[2025-11-21 11:46:16] [32minfo[39m: 	Server running on port 4000 in development node
[2025-11-21 11:46:17] [32minfo[39m: 	MongoDB is connected successfully
[2025-11-21 11:46:17] [32minfo[39m: 	redis connected succefuly
[2025-11-21 11:46:17] [32minfo[39m: 	Server running on port 4000 in development node
[2025-11-21 11:46:19] [32minfo[39m: 	MongoDB is connected successfully
[2025-11-21 11:46:19] [32minfo[39m: 	redis connected succefuly
[2025-11-21 11:46:19] [32minfo[39m: 	Server running on port 4000 in development node
[2025-11-21 11:46:20] [32minfo[39m: 	MongoDB is connected successfully
[2025-11-21 11:46:20] [32minfo[39m: 	redis connected succefuly
[2025-11-21 11:46:20] [32minfo[39m: 	Server running on port 4000 in development node
[2025-11-21 11:46:21] [32minfo[39m: 	MongoDB is connected successfully
[2025-11-21 11:46:21] [32minfo[39m: 	redis connected succefuly
[2025-11-21 11:46:21] [32minfo[39m: 	Server running on port 4000 in development node
[2025-11-21 11:46:32] [32minfo[39m: 	MongoDB is connected successfully
[2025-11-21 11:46:32] [32minfo[39m: 	redis connected succefuly
[2025-11-21 11:46:32] [32minfo[39m: 	Server running on port 4000 in development node
[2025-11-21 11:46:34] [32minfo[39m: 	MongoDB is connected successfully
[2025-11-21 11:46:34] [32minfo[39m: 	redis connected succefuly
[2025-11-21 11:46:34] [32minfo[39m: 	Server running on port 4000 in development node
[2025-11-21 11:46:43] [32minfo[39m: 	MongoDB is connected successfully
[2025-11-21 11:46:43] [32minfo[39m: 	redis connected succefuly
[2025-11-21 11:46:43] [32minfo[39m: 	Server running on port 4000 in development node
[2025-11-21 11:46:50] [32minfo[39m: 	MongoDB is connected successfully
[2025-11-21 11:46:50] [32minfo[39m: 	redis connected succefuly
[2025-11-21 11:46:50] [32minfo[39m: 	Server running on port 4000 in development node
[2025-11-21 11:46:51] [32minfo[39m: 	MongoDB is connected successfully
[2025-11-21 11:46:51] [32minfo[39m: 	redis connected succefuly
[2025-11-21 11:46:51] [32minfo[39m: 	Server running on port 4000 in development node
[2025-11-21 11:46:53] [32minfo[39m: 	MongoDB is connected successfully
[2025-11-21 11:46:53] [32minfo[39m: 	redis connected succefuly
[2025-11-21 11:46:53] [32minfo[39m: 	Server running on port 4000 in development node
[2025-11-21 11:46:56] [32minfo[39m: 	MongoDB is connected successfully
[2025-11-21 11:46:56] [32minfo[39m: 	redis connected succefuly
[2025-11-21 11:46:56] [32minfo[39m: 	Server running on port 4000 in development node
[2025-11-21 11:47:01] [32minfo[39m: 	MongoDB is connected successfully
[2025-11-21 11:47:01] [32minfo[39m: 	redis connected succefuly
[2025-11-21 11:47:01] [32minfo[39m: 	Server running on port 4000 in development node
[2025-11-21 11:47:07] [32minfo[39m: 	MongoDB is connected successfully
[2025-11-21 11:47:07] [32minfo[39m: 	redis connected succefuly
[2025-11-21 11:47:07] [32minfo[39m: 	Server running on port 4000 in development node
[2025-11-21 11:48:10] [32minfo[39m: 	MongoDB is connected successfully
[2025-11-21 11:48:10] [32minfo[39m: 	redis connected succefuly
[2025-11-21 11:48:10] [32minfo[39m: 	Server running on port 4000 in development node
[2025-11-21 11:48:12] [32minfo[39m: 	MongoDB is connected successfully
[2025-11-21 11:48:12] [32minfo[39m: 	redis connected succefuly
[2025-11-21 11:48:12] [32minfo[39m: 	Server running on port 4000 in development node
[2025-11-21 11:48:20] [32minfo[39m: 	MongoDB is connected successfully
[2025-11-21 11:48:20] [32minfo[39m: 	redis connected succefuly
[2025-11-21 11:48:20] [32minfo[39m: 	Server running on port 4000 in development node
[2025-11-21 11:48:23] [32minfo[39m: 	MongoDB is connected successfully
[2025-11-21 11:48:23] [32minfo[39m: 	redis connected succefuly
[2025-11-21 11:48:23] [32minfo[39m: 	Server running on port 4000 in development node
[2025-11-21 11:48:25] [32minfo[39m: 	MongoDB is connected successfully
[2025-11-21 11:48:25] [32minfo[39m: 	redis connected succefuly
[2025-11-21 11:48:25] [32minfo[39m: 	Server running on port 4000 in development node
[2025-11-21 11:48:26] [32minfo[39m: 	MongoDB is connected successfully
[2025-11-21 11:48:26] [32minfo[39m: 	redis connected succefuly
[2025-11-21 11:48:26] [32minfo[39m: 	Server running on port 4000 in development node
[2025-11-21 11:48:27] [32minfo[39m: 	MongoDB is connected successfully
[2025-11-21 11:48:27] [32minfo[39m: 	redis connected succefuly
[2025-11-21 11:48:27] [32minfo[39m: 	Server running on port 4000 in development node
[2025-11-21 11:48:28] [32minfo[39m: 	MongoDB is connected successfully
[2025-11-21 11:48:28] [32minfo[39m: 	redis connected succefuly
[2025-11-21 11:48:28] [32minfo[39m: 	Server running on port 4000 in development node
[2025-11-21 11:48:30] [32minfo[39m: 	MongoDB is connected successfully
[2025-11-21 11:48:30] [32minfo[39m: 	redis connected succefuly
[2025-11-21 11:48:30] [32minfo[39m: 	Server running on port 4000 in development node
[2025-11-21 11:48:32] [32minfo[39m: 	MongoDB is connected successfully
[2025-11-21 11:48:32] [32minfo[39m: 	redis connected succefuly
[2025-11-21 11:48:32] [32minfo[39m: 	Server running on port 4000 in development node
[2025-11-21 11:48:36] [32minfo[39m: 	MongoDB is connected successfully
[2025-11-21 11:48:36] [32minfo[39m: 	redis connected succefuly
[2025-11-21 11:48:36] [32minfo[39m: 	Server running on port 4000 in development node
[2025-11-21 11:48:44] [32minfo[39m: 	MongoDB is connected successfully
[2025-11-21 11:48:44] [32minfo[39m: 	redis connected succefuly
[2025-11-21 11:48:44] [32minfo[39m: 	Server running on port 4000 in development node
[2025-11-21 11:48:47] [32minfo[39m: 	MongoDB is connected successfully
[2025-11-21 11:48:47] [32minfo[39m: 	redis connected succefuly
[2025-11-21 11:48:47] [32minfo[39m: 	Server running on port 4000 in development node
[2025-11-21 11:48:49] [32minfo[39m: 	MongoDB is connected successfully
[2025-11-21 11:48:49] [32minfo[39m: 	redis connected succefuly
[2025-11-21 11:48:49] [32minfo[39m: 	Server running on port 4000 in development node
[2025-11-21 11:49:05] [32minfo[39m: 	MongoDB is connected successfully
[2025-11-21 11:49:05] [32minfo[39m: 	redis connected succefuly
[2025-11-21 11:49:05] [32minfo[39m: 	Server running on port 4000 in development node
[2025-11-21 11:49:06] [32minfo[39m: 	MongoDB is connected successfully
[2025-11-21 11:49:06] [32minfo[39m: 	redis connected succefuly
[2025-11-21 11:49:06] [32minfo[39m: 	Server running on port 4000 in development node
[2025-11-21 11:49:09] [32minfo[39m: 	MongoDB is connected successfully
[2025-11-21 11:49:09] [32minfo[39m: 	redis connected succefuly
[2025-11-21 11:49:09] [32minfo[39m: 	Server running on port 4000 in development node
[2025-11-21 11:49:11] [32minfo[39m: 	MongoDB is connected successfully
[2025-11-21 11:49:11] [32minfo[39m: 	redis connected succefuly
[2025-11-21 11:49:11] [32minfo[39m: 	Server running on port 4000 in development node
[2025-11-21 11:49:18] [32minfo[39m: 	MongoDB is connected successfully
[2025-11-21 11:49:18] [32minfo[39m: 	redis connected succefuly
[2025-11-21 11:49:18] [32minfo[39m: 	Server running on port 4000 in development node
[2025-11-21 11:49:22] [32minfo[39m: 	MongoDB is connected successfully
[2025-11-21 11:49:22] [32minfo[39m: 	redis connected succefuly
[2025-11-21 11:49:22] [32minfo[39m: 	Server running on port 4000 in development node
[2025-11-21 11:49:28] [32minfo[39m: 	MongoDB is connected successfully
[2025-11-21 11:49:28] [32minfo[39m: 	redis connected succefuly
[2025-11-21 11:49:28] [32minfo[39m: 	Server running on port 4000 in development node
[2025-11-21 11:49:30] [32minfo[39m: 	MongoDB is connected successfully
[2025-11-21 11:49:30] [32minfo[39m: 	redis connected succefuly
[2025-11-21 11:49:30] [32minfo[39m: 	Server running on port 4000 in development node
[2025-11-21 11:49:32] [32minfo[39m: 	MongoDB is connected successfully
[2025-11-21 11:49:32] [32minfo[39m: 	redis connected succefuly
[2025-11-21 11:49:32] [32minfo[39m: 	Server running on port 4000 in development node
[2025-11-21 11:49:33] [32minfo[39m: 	MongoDB is connected successfully
[2025-11-21 11:49:33] [32minfo[39m: 	redis connected succefuly
[2025-11-21 11:49:33] [32minfo[39m: 	Server running on port 4000 in development node
[2025-11-21 11:49:35] [32minfo[39m: 	MongoDB is connected successfully
[2025-11-21 11:49:35] [32minfo[39m: 	redis connected succefuly
[2025-11-21 11:49:35] [32minfo[39m: 	Server running on port 4000 in development node
[2025-11-21 11:49:38] [32minfo[39m: 	MongoDB is connected successfully
[2025-11-21 11:49:38] [32minfo[39m: 	redis connected succefuly
[2025-11-21 11:49:38] [32minfo[39m: 	Server running on port 4000 in development node
[2025-11-21 11:49:41] [32minfo[39m: 	MongoDB is connected successfully
[2025-11-21 11:49:41] [32minfo[39m: 	redis connected succefuly
[2025-11-21 11:49:41] [32minfo[39m: 	Server running on port 4000 in development node
[2025-11-21 11:49:43] [32minfo[39m: 	MongoDB is connected successfully
[2025-11-21 11:49:43] [32minfo[39m: 	redis connected succefuly
[2025-11-21 11:49:43] [32minfo[39m: 	Server running on port 4000 in development node
[2025-11-21 11:49:47] [32minfo[39m: 	MongoDB is connected successfully
[2025-11-21 11:49:47] [32minfo[39m: 	redis connected succefuly
[2025-11-21 11:49:47] [32minfo[39m: 	Server running on port 4000 in development node
[2025-11-21 11:50:07] [32minfo[39m: 	MongoDB is connected successfully
[2025-11-21 11:50:07] [32minfo[39m: 	redis connected succefuly
[2025-11-21 11:50:07] [32minfo[39m: 	Server running on port 4000 in development node
[2025-11-21 11:50:11] [32minfo[39m: 	MongoDB is connected successfully
[2025-11-21 11:50:11] [32minfo[39m: 	redis connected succefuly
[2025-11-21 11:50:11] [32minfo[39m: 	Server running on port 4000 in development node
[2025-11-21 11:50:27] [32minfo[39m: 	MongoDB is connected successfully
[2025-11-21 11:50:27] [32minfo[39m: 	redis connected succefuly
[2025-11-21 11:50:27] [32minfo[39m: 	Server running on port 4000 in development node
[2025-11-21 11:50:31] [32minfo[39m: 	MongoDB is connected successfully
[2025-11-21 11:50:31] [32minfo[39m: 	redis connected succefuly
[2025-11-21 11:50:31] [32minfo[39m: 	Server running on port 4000 in development node
[2025-11-21 11:50:33] [32minfo[39m: 	MongoDB is connected successfully
[2025-11-21 11:50:33] [32minfo[39m: 	redis connected succefuly
[2025-11-21 11:50:33] [32minfo[39m: 	Server running on port 4000 in development node
[2025-11-21 11:50:38] [32minfo[39m: 	MongoDB is connected successfully
[2025-11-21 11:50:38] [32minfo[39m: 	redis connected succefuly
[2025-11-21 11:50:38] [32minfo[39m: 	Server running on port 4000 in development node
[2025-11-21 11:50:41] [32minfo[39m: 	MongoDB is connected successfully
[2025-11-21 11:50:41] [32minfo[39m: 	redis connected succefuly
[2025-11-21 11:50:41] [32minfo[39m: 	Server running on port 4000 in development node
[2025-11-21 11:50:46] [32minfo[39m: 	MongoDB is connected successfully
[2025-11-21 11:50:46] [32minfo[39m: 	redis connected succefuly
[2025-11-21 11:50:46] [32minfo[39m: 	Server running on port 4000 in development node
[2025-11-21 11:50:50] [32minfo[39m: 	MongoDB is connected successfully
[2025-11-21 11:50:50] [32minfo[39m: 	redis connected succefuly
[2025-11-21 11:50:50] [32minfo[39m: 	Server running on port 4000 in development node
[2025-11-21 11:50:51] [32minfo[39m: 	MongoDB is connected successfully
[2025-11-21 11:50:51] [32minfo[39m: 	redis connected succefuly
[2025-11-21 11:50:51] [32minfo[39m: 	Server running on port 4000 in development node
[2025-11-21 11:50:57] [32minfo[39m: 	MongoDB is connected successfully
[2025-11-21 11:50:57] [32minfo[39m: 	redis connected succefuly
[2025-11-21 11:50:57] [32minfo[39m: 	Server running on port 4000 in development node
[2025-11-21 11:50:58] [32minfo[39m: 	MongoDB is connected successfully
[2025-11-21 11:50:58] [32minfo[39m: 	redis connected succefuly
[2025-11-21 11:50:58] [32minfo[39m: 	Server running on port 4000 in development node
[2025-11-21 11:51:01] [32minfo[39m: 	MongoDB is connected successfully
[2025-11-21 11:51:01] [32minfo[39m: 	redis connected succefuly
[2025-11-21 11:51:01] [32minfo[39m: 	Server running on port 4000 in development node
[2025-11-21 11:51:02] [32minfo[39m: 	MongoDB is connected successfully
[2025-11-21 11:51:02] [32minfo[39m: 	redis connected succefuly
[2025-11-21 11:51:03] [32minfo[39m: 	MongoDB is connected successfully
[2025-11-21 11:51:03] [32minfo[39m: 	redis connected succefuly
[2025-11-21 11:51:04] [32minfo[39m: 	Server running on port 4000 in development node
[2025-11-21 11:51:05] [32minfo[39m: 	MongoDB is connected successfully
[2025-11-21 11:51:05] [32minfo[39m: 	redis connected succefuly
[2025-11-21 11:51:05] [32minfo[39m: 	Server running on port 4000 in development node
[2025-11-21 11:51:13] [32minfo[39m: 	MongoDB is connected successfully
[2025-11-21 11:51:13] [32minfo[39m: 	redis connected succefuly
[2025-11-21 11:51:13] [32minfo[39m: 	Server running on port 4000 in development node
[2025-11-21 11:51:14] [32minfo[39m: 	MongoDB is connected successfully
[2025-11-21 11:51:14] [32minfo[39m: 	redis connected succefuly
[2025-11-21 11:51:14] [32minfo[39m: 	Server running on port 4000 in development node
[2025-11-21 11:51:32] [32minfo[39m: 	MongoDB is connected successfully
[2025-11-21 11:51:32] [32minfo[39m: 	redis connected succefuly
[2025-11-21 11:51:32] [32minfo[39m: 	Server running on port 4000 in development node
[2025-11-21 11:58:34] [32minfo[39m: 	MongoDB is connected successfully
[2025-11-21 12:00:12] [32minfo[39m: 	MongoDB is connected successfully
[2025-11-21 12:00:12] [32minfo[39m: 	redis connected succefuly
[2025-11-21 12:00:12] [32minfo[39m: 	Server running on port 4000 in development node
[2025-11-21 12:00:16] [32minfo[39m: 	MongoDB is connected successfully
[2025-11-21 12:00:16] [32minfo[39m: 	redis connected succefuly
[2025-11-21 12:00:16] [32minfo[39m: 	Server running on port 4000 in development node
[2025-11-21 12:00:19] [32minfo[39m: 	MongoDB is connected successfully
[2025-11-21 12:00:19] [32minfo[39m: 	redis connected succefuly
[2025-11-21 12:00:19] [32minfo[39m: 	Server running on port 4000 in development node
[2025-11-21 12:00:20] [32minfo[39m: 	MongoDB is connected successfully
[2025-11-21 12:00:20] [32minfo[39m: 	redis connected succefuly
[2025-11-21 12:00:20] [32minfo[39m: 	Server running on port 4000 in development node
[2025-11-21 12:00:21] [32minfo[39m: 	MongoDB is connected successfully
[2025-11-21 12:00:21] [32minfo[39m: 	redis connected succefuly
[2025-11-21 12:00:21] [32minfo[39m: 	Server running on port 4000 in development node
[2025-11-21 12:00:35] [32minfo[39m: 	MongoDB is connected successfully
[2025-11-21 12:00:35] [32minfo[39m: 	redis connected succefuly
[2025-11-21 12:00:35] [32minfo[39m: 	Server running on port 4000 in development node
[2025-11-21 12:00:44] [32minfo[39m: 	MongoDB is connected successfully
[2025-11-21 12:00:44] [32minfo[39m: 	redis connected succefuly
[2025-11-21 12:00:46] [32minfo[39m: 	MongoDB is connected successfully
[2025-11-21 12:00:46] [32minfo[39m: 	redis connected succefuly
[2025-11-21 12:00:46] [32minfo[39m: 	Server running on port 4000 in development node
[2025-11-21 12:01:37] [32minfo[39m: 	MongoDB is connected successfully
[2025-11-21 12:01:37] [32minfo[39m: 	redis connected succefuly
[2025-11-21 12:01:37] [32minfo[39m: 	Server running on port 4000 in development node
[2025-11-21 12:01:39] [32minfo[39m: 	MongoDB is connected successfully
[2025-11-21 12:01:39] [32minfo[39m: 	redis connected succefuly
[2025-11-21 12:01:39] [32minfo[39m: 	Server running on port 4000 in development node
[2025-11-21 12:02:11] [32minfo[39m: 	MongoDB is connected successfully
[2025-11-21 12:02:11] [32minfo[39m: 	redis connected succefuly
[2025-11-21 12:02:11] [32minfo[39m: 	Server running on port 4000 in development node
[2025-11-21 12:02:13] [32minfo[39m: 	MongoDB is connected successfully
[2025-11-21 12:02:13] [32minfo[39m: 	redis connected succefuly
[2025-11-21 12:02:13] [32minfo[39m: 	Server running on port 4000 in development node
[2025-11-21 12:02:14] [32minfo[39m: 	MongoDB is connected successfully
[2025-11-21 12:02:14] [32minfo[39m: 	redis connected succefuly
[2025-11-21 12:02:14] [32minfo[39m: 	Server running on port 4000 in development node
[2025-11-21 12:02:21] [32minfo[39m: 	MongoDB is connected successfully
[2025-11-21 12:02:21] [32minfo[39m: 	redis connected succefuly
[2025-11-21 12:02:21] [32minfo[39m: 	Server running on port 4000 in development node
[2025-11-21 12:02:33] [32minfo[39m: 	MongoDB is connected successfully
[2025-11-21 12:02:33] [32minfo[39m: 	redis connected succefuly
[2025-11-21 12:02:33] [32minfo[39m: 	Server running on port 4000 in development node
[2025-11-21 12:02:38] [32minfo[39m: 	MongoDB is connected successfully
[2025-11-21 12:02:39] [32minfo[39m: 	redis connected succefuly
[2025-11-21 12:02:39] [32minfo[39m: 	Server running on port 4000 in development node
[2025-11-21 12:02:44] [32minfo[39m: 	MongoDB is connected successfully
[2025-11-21 12:02:44] [32minfo[39m: 	redis connected succefuly
[2025-11-21 12:02:44] [32minfo[39m: 	Server running on port 4000 in development node
[2025-11-21 12:02:47] [32minfo[39m: 	MongoDB is connected successfully
[2025-11-21 12:02:47] [32minfo[39m: 	redis connected succefuly
[2025-11-21 12:02:47] [32minfo[39m: 	Server running on port 4000 in development node
[2025-11-21 12:02:50] [32minfo[39m: 	MongoDB is connected successfully
[2025-11-21 12:02:50] [32minfo[39m: 	redis connected succefuly
[2025-11-21 12:02:50] [32minfo[39m: 	Server running on port 4000 in development node
[2025-11-21 12:02:52] [32minfo[39m: 	MongoDB is connected successfully
[2025-11-21 12:02:52] [32minfo[39m: 	redis connected succefuly
[2025-11-21 12:02:52] [32minfo[39m: 	Server running on port 4000 in development node
[2025-11-21 12:02:55] [32minfo[39m: 	MongoDB is connected successfully
[2025-11-21 12:02:55] [32minfo[39m: 	redis connected succefuly
[2025-11-21 12:02:55] [32minfo[39m: 	Server running on port 4000 in development node
[2025-11-21 12:02:57] [32minfo[39m: 	MongoDB is connected successfully
[2025-11-21 12:02:57] [32minfo[39m: 	redis connected succefuly
[2025-11-21 12:02:57] [32minfo[39m: 	Server running on port 4000 in development node
[2025-11-21 12:03:10] [32minfo[39m: 	MongoDB is connected successfully
[2025-11-21 12:03:10] [32minfo[39m: 	redis connected succefuly
[2025-11-21 12:03:10] [32minfo[39m: 	Server running on port 4000 in development node
[2025-11-21 12:03:16] [32minfo[39m: 	MongoDB is connected successfully
[2025-11-21 12:03:16] [32minfo[39m: 	redis connected succefuly
[2025-11-21 12:03:16] [32minfo[39m: 	Server running on port 4000 in development node
[2025-11-21 12:03:18] [32minfo[39m: 	MongoDB is connected successfully
[2025-11-21 12:03:18] [32minfo[39m: 	redis connected succefuly
[2025-11-21 12:03:18] [32minfo[39m: 	Server running on port 4000 in development node
[2025-11-21 12:03:20] [32minfo[39m: 	MongoDB is connected successfully
[2025-11-21 12:03:20] [32minfo[39m: 	redis connected succefuly
[2025-11-21 12:03:20] [32minfo[39m: 	Server running on port 4000 in development node
[2025-11-21 12:03:22] [32minfo[39m: 	MongoDB is connected successfully
[2025-11-21 12:03:22] [32minfo[39m: 	redis connected succefuly
[2025-11-21 12:03:22] [32minfo[39m: 	Server running on port 4000 in development node
[2025-11-21 12:03:23] [32minfo[39m: 	MongoDB is connected successfully
[2025-11-21 12:03:23] [32minfo[39m: 	redis connected succefuly
[2025-11-21 12:03:23] [32minfo[39m: 	Server running on port 4000 in development node
[2025-11-21 12:03:25] [32minfo[39m: 	MongoDB is connected successfully
[2025-11-21 12:03:25] [32minfo[39m: 	redis connected succefuly
[2025-11-21 12:03:25] [32minfo[39m: 	Server running on port 4000 in development node
[2025-11-21 12:03:26] [32minfo[39m: 	MongoDB is connected successfully
[2025-11-21 12:03:26] [32minfo[39m: 	redis connected succefuly
[2025-11-21 12:03:26] [32minfo[39m: 	Server running on port 4000 in development node
[2025-11-21 12:03:29] [32minfo[39m: 	MongoDB is connected successfully
[2025-11-21 12:03:29] [32minfo[39m: 	redis connected succefuly
[2025-11-21 12:03:29] [32minfo[39m: 	Server running on port 4000 in development node
[2025-11-21 12:03:30] [32minfo[39m: 	MongoDB is connected successfully
[2025-11-21 12:03:30] [32minfo[39m: 	redis connected succefuly
[2025-11-21 12:03:30] [32minfo[39m: 	Server running on port 4000 in development node
[2025-11-21 12:03:33] [32minfo[39m: 	MongoDB is connected successfully
[2025-11-21 12:03:33] [32minfo[39m: 	redis connected succefuly
[2025-11-21 12:03:33] [32minfo[39m: 	Server running on port 4000 in development node
[2025-11-21 12:03:35] [32minfo[39m: 	MongoDB is connected successfully
[2025-11-21 12:03:35] [32minfo[39m: 	redis connected succefuly
[2025-11-21 12:03:35] [32minfo[39m: 	Server running on port 4000 in development node
[2025-11-21 12:03:44] [32minfo[39m: 	MongoDB is connected successfully
[2025-11-21 12:03:44] [32minfo[39m: 	redis connected succefuly
[2025-11-21 12:03:44] [32minfo[39m: 	Server running on port 4000 in development node
[2025-11-21 12:03:50] [32minfo[39m: 	MongoDB is connected successfully
[2025-11-21 12:03:50] [32minfo[39m: 	redis connected succefuly
[2025-11-21 12:03:50] [32minfo[39m: 	Server running on port 4000 in development node
[2025-11-21 12:06:22] [32minfo[39m: 	MongoDB is connected successfully
[2025-11-21 12:06:22] [32minfo[39m: 	redis connected succefuly
[2025-11-21 12:06:22] [32minfo[39m: 	Server running on port 4000 in development node
[2025-11-21 12:06:24] [32minfo[39m: 	MongoDB is connected successfully
[2025-11-21 12:06:24] [32minfo[39m: 	redis connected succefuly
[2025-11-21 12:06:24] [32minfo[39m: 	Server running on port 4000 in development node
[2025-11-21 12:06:27] [32minfo[39m: 	MongoDB is connected successfully
[2025-11-21 12:06:27] [32minfo[39m: 	redis connected succefuly
[2025-11-21 12:06:27] [32minfo[39m: 	Server running on port 4000 in development node
[2025-11-21 12:06:28] [32minfo[39m: 	MongoDB is connected successfully
[2025-11-21 12:06:28] [32minfo[39m: 	redis connected succefuly
[2025-11-21 12:06:28] [32minfo[39m: 	Server running on port 4000 in development node
[2025-11-21 12:09:27] [32minfo[39m: 	MongoDB is connected successfully
[2025-11-21 12:09:27] [32minfo[39m: 	redis connected succefuly
[2025-11-21 12:09:27] [32minfo[39m: 	Server running on port 4000 in development node
[2025-11-21 12:09:28] [32minfo[39m: 	MongoDB is connected successfully
[2025-11-21 12:09:28] [32minfo[39m: 	redis connected succefuly
[2025-11-21 12:09:28] [32minfo[39m: 	Server running on port 4000 in development node
[2025-11-21 12:09:30] [32minfo[39m: 	MongoDB is connected successfully
[2025-11-21 12:09:30] [32minfo[39m: 	redis connected succefuly
[2025-11-21 12:09:30] [32minfo[39m: 	Server running on port 4000 in development node
[2025-11-21 12:09:31] [32minfo[39m: 	MongoDB is connected successfully
[2025-11-21 12:09:31] [32minfo[39m: 	redis connected succefuly
[2025-11-21 12:09:31] [32minfo[39m: 	Server running on port 4000 in development node
[2025-11-21 12:09:33] [32minfo[39m: 	MongoDB is connected successfully
[2025-11-21 12:09:33] [32minfo[39m: 	redis connected succefuly
[2025-11-21 12:09:33] [32minfo[39m: 	Server running on port 4000 in development node
[2025-11-21 12:09:35] [32minfo[39m: 	MongoDB is connected successfully
[2025-11-21 12:09:35] [32minfo[39m: 	redis connected succefuly
[2025-11-21 12:09:35] [32minfo[39m: 	Server running on port 4000 in development node
[2025-11-21 12:09:36] [32minfo[39m: 	MongoDB is connected successfully
[2025-11-21 12:09:36] [32minfo[39m: 	redis connected succefuly
[2025-11-21 12:09:36] [32minfo[39m: 	Server running on port 4000 in development node
[2025-11-21 12:11:53] [32minfo[39m: 	MongoDB is connected successfully
[2025-11-21 12:11:53] [32minfo[39m: 	redis connected succefuly
[2025-11-21 12:11:53] [32minfo[39m: 	Server running on port 4000 in development node
[2025-11-21 12:12:17] [32minfo[39m: 	MongoDB is connected successfully
[2025-11-21 12:12:17] [32minfo[39m: 	redis connected succefuly
[2025-11-21 12:12:17] [32minfo[39m: 	Server running on port 4000 in development node
[2025-11-21 12:12:19] [32minfo[39m: 	MongoDB is connected successfully
[2025-11-21 12:12:19] [32minfo[39m: 	redis connected succefuly
[2025-11-21 12:12:19] [32minfo[39m: 	Server running on port 4000 in development node
[2025-11-21 12:12:20] [32minfo[39m: 	MongoDB is connected successfully
[2025-11-21 12:12:20] [32minfo[39m: 	redis connected succefuly
[2025-11-21 12:12:20] [32minfo[39m: 	Server running on port 4000 in development node
[2025-11-21 12:12:21] [32minfo[39m: 	MongoDB is connected successfully
[2025-11-21 12:12:21] [32minfo[39m: 	redis connected succefuly
[2025-11-21 12:12:21] [32minfo[39m: 	Server running on port 4000 in development node
[2025-11-21 18:57:39] [32minfo[39m: 	MongoDB is connected successfully
[2025-11-21 18:57:39] [32minfo[39m: 	redis connected succefuly
[2025-11-21 18:57:39] [32minfo[39m: 	Server running on port 4000 in development node
[2025-11-21 18:57:40] [32minfo[39m: 	MongoDB is connected successfully
[2025-11-21 18:57:40] [32minfo[39m: 	redis connected succefuly
[2025-11-21 18:57:40] [32minfo[39m: 	Server running on port 4000 in development node
[2025-11-21 18:57:55] [32minfo[39m: 	MongoDB is connected successfully
[2025-11-21 18:57:55] [32minfo[39m: 	redis connected succefuly
[2025-11-21 18:57:55] [32minfo[39m: 	Server running on port 4000 in development node
[2025-11-21 18:57:58] [32minfo[39m: 	MongoDB is connected successfully
[2025-11-21 18:57:58] [32minfo[39m: 	redis connected succefuly
[2025-11-21 18:57:58] [32minfo[39m: 	Server running on port 4000 in development node
[2025-11-21 18:57:59] [32minfo[39m: 	MongoDB is connected successfully
[2025-11-21 18:57:59] [32minfo[39m: 	redis connected succefuly
[2025-11-21 18:57:59] [32minfo[39m: 	Server running on port 4000 in development node
[2025-11-21 18:58:00] [32minfo[39m: 	MongoDB is connected successfully
[2025-11-21 18:58:00] [32minfo[39m: 	redis connected succefuly
[2025-11-21 18:58:00] [32minfo[39m: 	Server running on port 4000 in development node
[2025-11-21 18:58:03] [32minfo[39m: 	MongoDB is connected successfully
[2025-11-21 18:58:03] [32minfo[39m: 	redis connected succefuly
[2025-11-21 18:58:03] [32minfo[39m: 	Server running on port 4000 in development node
[2025-11-21 18:58:06] [32minfo[39m: 	MongoDB is connected successfully
[2025-11-21 18:58:06] [32minfo[39m: 	redis connected succefuly
[2025-11-21 18:58:06] [32minfo[39m: 	Server running on port 4000 in development node
[2025-11-21 18:58:08] [32minfo[39m: 	MongoDB is connected successfully
[2025-11-21 18:58:08] [32minfo[39m: 	redis connected succefuly
[2025-11-21 18:58:08] [32minfo[39m: 	Server running on port 4000 in development node
[2025-11-21 18:58:09] [32minfo[39m: 	MongoDB is connected successfully
[2025-11-21 18:58:09] [32minfo[39m: 	redis connected succefuly
[2025-11-21 18:58:09] [32minfo[39m: 	Server running on port 4000 in development node
[2025-11-21 18:58:11] [32minfo[39m: 	MongoDB is connected successfully
[2025-11-21 18:58:11] [32minfo[39m: 	redis connected succefuly
[2025-11-21 18:58:11] [32minfo[39m: 	Server running on port 4000 in development node
[2025-11-21 18:58:16] [32minfo[39m: 	MongoDB is connected successfully
[2025-11-21 18:58:16] [32minfo[39m: 	redis connected succefuly
[2025-11-21 18:58:16] [32minfo[39m: 	Server running on port 4000 in development node
[2025-11-21 18:58:19] [32minfo[39m: 	MongoDB is connected successfully
[2025-11-21 18:58:19] [32minfo[39m: 	redis connected succefuly
[2025-11-21 18:58:19] [32minfo[39m: 	Server running on port 4000 in development node
[2025-11-21 18:58:30] [32minfo[39m: 	MongoDB is connected successfully
[2025-11-21 18:58:30] [32minfo[39m: 	redis connected succefuly
[2025-11-21 18:58:30] [32minfo[39m: 	Server running on port 4000 in development node
[2025-11-21 18:58:31] [32minfo[39m: 	MongoDB is connected successfully
[2025-11-21 18:58:31] [32minfo[39m: 	redis connected succefuly
[2025-11-21 18:58:31] [32minfo[39m: 	Server running on port 4000 in development node
[2025-11-21 18:58:33] [32minfo[39m: 	MongoDB is connected successfully
[2025-11-21 18:58:33] [32minfo[39m: 	redis connected succefuly
[2025-11-21 18:58:33] [32minfo[39m: 	Server running on port 4000 in development node
[2025-11-21 18:58:37] [32minfo[39m: 	MongoDB is connected successfully
[2025-11-21 18:58:37] [32minfo[39m: 	redis connected succefuly
[2025-11-21 18:58:37] [32minfo[39m: 	Server running on port 4000 in development node
[2025-11-21 18:58:42] [32minfo[39m: 	MongoDB is connected successfully
[2025-11-21 18:58:42] [32minfo[39m: 	redis connected succefuly
[2025-11-21 18:58:42] [32minfo[39m: 	Server running on port 4000 in development node
[2025-11-21 18:58:43] [32minfo[39m: 	MongoDB is connected successfully
[2025-11-21 18:58:43] [32minfo[39m: 	redis connected succefuly
[2025-11-21 18:58:43] [32minfo[39m: 	Server running on port 4000 in development node
[2025-11-21 18:58:47] [32minfo[39m: 	MongoDB is connected successfully
[2025-11-21 18:58:47] [32minfo[39m: 	redis connected succefuly
[2025-11-21 18:58:47] [32minfo[39m: 	Server running on port 4000 in development node
[2025-11-21 18:58:51] [32minfo[39m: 	MongoDB is connected successfully
[2025-11-21 18:58:51] [32minfo[39m: 	redis connected succefuly
[2025-11-21 18:58:51] [32minfo[39m: 	Server running on port 4000 in development node
[2025-11-21 18:58:53] [32minfo[39m: 	MongoDB is connected successfully
[2025-11-21 18:58:53] [32minfo[39m: 	redis connected succefuly
[2025-11-21 18:58:53] [32minfo[39m: 	Server running on port 4000 in development node
[2025-11-21 18:58:54] [32minfo[39m: 	MongoDB is connected successfully
[2025-11-21 18:58:54] [32minfo[39m: 	redis connected succefuly
[2025-11-21 18:58:54] [32minfo[39m: 	Server running on port 4000 in development node
[2025-11-21 18:58:55] [32minfo[39m: 	MongoDB is connected successfully
[2025-11-21 18:58:55] [32minfo[39m: 	redis connected succefuly
[2025-11-21 18:58:55] [32minfo[39m: 	Server running on port 4000 in development node
[2025-11-21 18:59:01] [32minfo[39m: 	MongoDB is connected successfully
[2025-11-21 18:59:01] [32minfo[39m: 	redis connected succefuly
[2025-11-21 18:59:01] [32minfo[39m: 	Server running on port 4000 in development node
[2025-11-21 18:59:25] [32minfo[39m: 	MongoDB is connected successfully
[2025-11-21 18:59:25] [32minfo[39m: 	redis connected succefuly
[2025-11-21 18:59:25] [32minfo[39m: 	Server running on port 4000 in development node
[2025-11-21 18:59:27] [32minfo[39m: 	MongoDB is connected successfully
[2025-11-21 18:59:27] [32minfo[39m: 	redis connected succefuly
[2025-11-21 18:59:27] [32minfo[39m: 	Server running on port 4000 in development node
[2025-11-21 18:59:28] [32minfo[39m: 	MongoDB is connected successfully
[2025-11-21 18:59:28] [32minfo[39m: 	redis connected succefuly
[2025-11-21 18:59:28] [32minfo[39m: 	Server running on port 4000 in development node
[2025-11-21 18:59:32] [32minfo[39m: 	MongoDB is connected successfully
[2025-11-21 18:59:32] [32minfo[39m: 	redis connected succefuly
[2025-11-21 18:59:32] [32minfo[39m: 	Server running on port 4000 in development node
[2025-11-21 18:59:33] [32minfo[39m: 	MongoDB is connected successfully
[2025-11-21 18:59:33] [32minfo[39m: 	redis connected succefuly
[2025-11-21 18:59:33] [32minfo[39m: 	Server running on port 4000 in development node
[2025-11-21 18:59:39] [32minfo[39m: 	MongoDB is connected successfully
[2025-11-21 18:59:39] [32minfo[39m: 	redis connected succefuly
[2025-11-21 18:59:42] [32minfo[39m: 	MongoDB is connected successfully
[2025-11-21 18:59:42] [32minfo[39m: 	redis connected succefuly
[2025-11-21 18:59:42] [32minfo[39m: 	Server running on port 4000 in development node
[2025-11-21 18:59:43] [32minfo[39m: 	MongoDB is connected successfully
[2025-11-21 18:59:43] [32minfo[39m: 	redis connected succefuly
[2025-11-21 18:59:43] [32minfo[39m: 	Server running on port 4000 in development node
[2025-11-21 18:59:47] [32minfo[39m: 	MongoDB is connected successfully
[2025-11-21 18:59:47] [32minfo[39m: 	redis connected succefuly
[2025-11-21 18:59:47] [32minfo[39m: 	Server running on port 4000 in development node
[2025-11-21 18:59:50] [32minfo[39m: 	MongoDB is connected successfully
[2025-11-21 18:59:50] [32minfo[39m: 	redis connected succefuly
[2025-11-21 18:59:50] [32minfo[39m: 	Server running on port 4000 in development node
[2025-11-21 18:59:53] [32minfo[39m: 	MongoDB is connected successfully
[2025-11-21 18:59:53] [32minfo[39m: 	redis connected succefuly
[2025-11-21 18:59:53] [32minfo[39m: 	Server running on port 4000 in development node
[2025-11-21 18:59:54] [32minfo[39m: 	MongoDB is connected successfully
[2025-11-21 18:59:54] [32minfo[39m: 	redis connected succefuly
[2025-11-21 18:59:54] [32minfo[39m: 	Server running on port 4000 in development node
[2025-11-21 18:59:57] [32minfo[39m: 	MongoDB is connected successfully
[2025-11-21 18:59:57] [32minfo[39m: 	redis connected succefuly
[2025-11-21 18:59:57] [32minfo[39m: 	Server running on port 4000 in development node
[2025-11-21 19:00:10] [32minfo[39m: 	MongoDB is connected successfully
[2025-11-21 19:00:10] [32minfo[39m: 	redis connected succefuly
[2025-11-21 19:00:10] [32minfo[39m: 	Server running on port 4000 in development node
[2025-11-21 19:00:11] [32minfo[39m: 	MongoDB is connected successfully
[2025-11-21 19:00:11] [32minfo[39m: 	redis connected succefuly
[2025-11-21 19:00:11] [32minfo[39m: 	Server running on port 4000 in development node
[2025-11-21 19:00:12] [32minfo[39m: 	MongoDB is connected successfully
[2025-11-21 19:00:12] [32minfo[39m: 	redis connected succefuly
[2025-11-21 19:00:12] [32minfo[39m: 	Server running on port 4000 in development node
[2025-11-21 19:00:14] [32minfo[39m: 	MongoDB is connected successfully
[2025-11-21 19:00:14] [32minfo[39m: 	redis connected succefuly
[2025-11-21 19:00:14] [32minfo[39m: 	Server running on port 4000 in development node
[2025-11-21 19:00:16] [32minfo[39m: 	MongoDB is connected successfully
[2025-11-21 19:00:16] [32minfo[39m: 	redis connected succefuly
[2025-11-21 19:00:16] [32minfo[39m: 	Server running on port 4000 in development node
[2025-11-21 19:00:17] [32minfo[39m: 	MongoDB is connected successfully
[2025-11-21 19:00:17] [32minfo[39m: 	redis connected succefuly
[2025-11-21 19:00:17] [32minfo[39m: 	Server running on port 4000 in development node
[2025-11-21 19:00:22] [32minfo[39m: 	MongoDB is connected successfully
[2025-11-21 19:00:22] [32minfo[39m: 	redis connected succefuly
[2025-11-21 19:00:22] [32minfo[39m: 	Server running on port 4000 in development node
[2025-11-21 19:01:07] [32minfo[39m: 	MongoDB is connected successfully
[2025-11-21 19:01:07] [32minfo[39m: 	redis connected succefuly
[2025-11-21 19:01:07] [32minfo[39m: 	Server running on port 4000 in development node
[2025-11-21 19:01:09] [32minfo[39m: 	MongoDB is connected successfully
[2025-11-21 19:01:09] [32minfo[39m: 	redis connected succefuly
[2025-11-21 19:01:09] [32minfo[39m: 	Server running on port 4000 in development node
[2025-11-21 19:01:12] [32minfo[39m: 	MongoDB is connected successfully
[2025-11-21 19:01:12] [32minfo[39m: 	redis connected succefuly
[2025-11-21 19:01:12] [32minfo[39m: 	Server running on port 4000 in development node
[2025-11-21 19:01:14] [32minfo[39m: 	MongoDB is connected successfully
[2025-11-21 19:01:14] [32minfo[39m: 	redis connected succefuly
[2025-11-21 19:01:14] [32minfo[39m: 	Server running on port 4000 in development node
[2025-11-21 19:01:20] [32minfo[39m: 	MongoDB is connected successfully
[2025-11-21 19:01:20] [32minfo[39m: 	redis connected succefuly
[2025-11-21 19:01:20] [32minfo[39m: 	Server running on port 4000 in development node
[2025-11-21 19:02:09] [32minfo[39m: 	MongoDB is connected successfully
[2025-11-21 19:02:09] [32minfo[39m: 	redis connected succefuly
[2025-11-21 19:02:09] [32minfo[39m: 	Server running on port 4000 in development node
[2025-11-21 19:02:12] [32minfo[39m: 	MongoDB is connected successfully
[2025-11-21 19:02:12] [32minfo[39m: 	redis connected succefuly
[2025-11-21 19:02:12] [32minfo[39m: 	Server running on port 4000 in development node
[2025-11-21 19:02:37] [32minfo[39m: 	Incoming request: POST /api/chef/recipe-edit from  REQLOGGER
[2025-11-21 19:02:51] [32minfo[39m: 	Incoming request: PUT /api/chef/recipe-edit from  REQLOGGER
[2025-11-21 19:02:51] [32minfo[39m: 	new recipe data updated!
[2025-11-21 19:02:51] [31merror[39m: Error: 	error in updated recipe
    at RecipeService.editRecipe (D:\brototype\Dishcovery\server\src\services\implementation\recipe.service.ts:32:36)
    at processTicksAndRejections (node:internal/process/task_queues:105:5)
    at RecipeController.editRecipe (D:\brototype\Dishcovery\server\src\controllers\implementation\recipe.controller.ts:29:26)
[2025-11-21 19:52:40] [32minfo[39m: 	Incoming request: POST /api/chef/recipe-add from  REQLOGGER
[2025-11-21 19:52:40] [32minfo[39m: 	recipedata got on controller ==>
[2025-11-21 19:52:40] [32minfo[39m: 	recipe created
[2025-11-21 19:53:41] [32minfo[39m: 	Incoming request: PUT /api/chef/recipe-edit from  REQLOGGER
[2025-11-21 19:53:41] [32minfo[39m: 	new recipe data updated!
[2025-11-21 19:53:41] [31merror[39m: Error: 	error in updated recipe
    at RecipeService.editRecipe (D:\brototype\Dishcovery\server\src\services\implementation\recipe.service.ts:32:36)
    at processTicksAndRejections (node:internal/process/task_queues:105:5)
    at RecipeController.editRecipe (D:\brototype\Dishcovery\server\src\controllers\implementation\recipe.controller.ts:29:26)
[2025-11-21 19:54:37] [32minfo[39m: 	Incoming request: PUT /api/chef/recipe-edit from  REQLOGGER
[2025-11-21 19:54:37] [32minfo[39m: 	new recipe data updated!
[2025-11-21 19:55:20] [32minfo[39m: 	MongoDB is connected successfully
[2025-11-21 19:55:20] [32minfo[39m: 	redis connected succefuly
[2025-11-21 19:55:20] [32minfo[39m: 	Server running on port 4000 in development node
[2025-11-21 19:55:45] [32minfo[39m: 	MongoDB is connected successfully
[2025-11-21 19:55:45] [32minfo[39m: 	redis connected succefuly
[2025-11-21 19:55:45] [32minfo[39m: 	Server running on port 4000 in development node
[2025-11-21 19:55:47] [32minfo[39m: 	MongoDB is connected successfully
[2025-11-21 19:55:47] [32minfo[39m: 	redis connected succefuly
[2025-11-21 19:55:47] [32minfo[39m: 	Server running on port 4000 in development node
[2025-11-21 19:55:48] [32minfo[39m: 	MongoDB is connected successfully
[2025-11-21 19:55:48] [32minfo[39m: 	redis connected succefuly
[2025-11-21 19:55:48] [32minfo[39m: 	Server running on port 4000 in development node
[2025-11-21 19:55:50] [32minfo[39m: 	MongoDB is connected successfully
[2025-11-21 19:55:50] [32minfo[39m: 	redis connected succefuly
[2025-11-21 19:55:50] [32minfo[39m: 	Server running on port 4000 in development node
[2025-11-21 19:55:56] [32minfo[39m: 	MongoDB is connected successfully
[2025-11-21 19:55:56] [32minfo[39m: 	redis connected succefuly
[2025-11-21 19:55:56] [32minfo[39m: 	Server running on port 4000 in development node
[2025-11-21 19:55:58] [32minfo[39m: 	MongoDB is connected successfully
[2025-11-21 19:55:58] [32minfo[39m: 	redis connected succefuly
[2025-11-21 19:55:58] [32minfo[39m: 	Server running on port 4000 in development node
[2025-11-21 19:56:01] [32minfo[39m: 	MongoDB is connected successfully
[2025-11-21 19:56:01] [32minfo[39m: 	redis connected succefuly
[2025-11-21 19:56:01] [32minfo[39m: 	Server running on port 4000 in development node
[2025-11-21 19:56:02] [32minfo[39m: 	MongoDB is connected successfully
[2025-11-21 19:56:02] [32minfo[39m: 	redis connected succefuly
[2025-11-21 19:56:02] [32minfo[39m: 	Server running on port 4000 in development node
[2025-11-21 19:58:32] [32minfo[39m: 	Incoming request: PUT /api/chef/recipe-edit from  REQLOGGER
[2025-11-21 19:58:32] [32minfo[39m: 	new recipe data updated!
[2025-11-21 19:58:32] [31merror[39m: Error: 	error in updated recipe
    at RecipeService.editRecipe (D:\brototype\Dishcovery\server\src\services\implementation\recipe.service.ts:32:36)
    at processTicksAndRejections (node:internal/process/task_queues:105:5)
    at RecipeController.editRecipe (D:\brototype\Dishcovery\server\src\controllers\implementation\recipe.controller.ts:29:26)
[2025-11-21 19:59:51] [32minfo[39m: 	Incoming request: PUT /api/chef/recipe-edit from  REQLOGGER
[2025-11-21 19:59:51] [32minfo[39m: 	new recipe data updated!
[2025-11-21 19:59:51] [31merror[39m: Error: 	error in updated recipe
    at RecipeService.editRecipe (D:\brototype\Dishcovery\server\src\services\implementation\recipe.service.ts:32:36)
    at processTicksAndRejections (node:internal/process/task_queues:105:5)
    at RecipeController.editRecipe (D:\brototype\Dishcovery\server\src\controllers\implementation\recipe.controller.ts:29:26)
[2025-11-21 20:00:13] [32minfo[39m: 	Incoming request: PUT /api/chef/recipe-add from  REQLOGGER
[2025-11-21 20:00:54] [32minfo[39m: 	Incoming request: POST /api/chef/recipe-add from  REQLOGGER
[2025-11-21 20:00:54] [32minfo[39m: 	recipedata got on controller ==>
[2025-11-21 20:00:54] [32minfo[39m: 	recipe created
[2025-11-21 20:01:23] [32minfo[39m: 	Incoming request: POST /api/chef/recipe-add from  REQLOGGER
[2025-11-21 20:01:23] [32minfo[39m: 	recipedata got on controller ==>
[2025-11-21 20:01:23] [32minfo[39m: 	recipe created
[2025-11-21 20:01:38] [32minfo[39m: 	Incoming request: POST /api/chef/recipe-add from  REQLOGGER
[2025-11-21 20:01:38] [32minfo[39m: 	recipedata got on controller ==>
[2025-11-21 20:01:38] [32minfo[39m: 	recipe created
[2025-11-21 20:02:06] [32minfo[39m: 	Incoming request: POST /api/chef/recipe-add from  REQLOGGER
[2025-11-21 20:02:06] [32minfo[39m: 	recipedata got on controller ==>
[2025-11-21 20:02:06] [32minfo[39m: 	recipe created
[2025-11-21 20:02:18] [32minfo[39m: 	Incoming request: POST /api/chef/recipe-add from  REQLOGGER
[2025-11-21 20:02:18] [32minfo[39m: 	recipedata got on controller ==>
[2025-11-21 20:02:18] [32minfo[39m: 	recipe created
[2025-11-21 20:02:31] [32minfo[39m: 	Incoming request: POST /api/chef/recipe-add from  REQLOGGER
[2025-11-21 20:02:31] [32minfo[39m: 	recipedata got on controller ==>
[2025-11-21 20:02:31] [32minfo[39m: 	recipe created
[2025-11-21 20:03:13] [32minfo[39m: 	MongoDB is connected successfully
[2025-11-21 20:03:13] [32minfo[39m: 	redis connected succefuly
[2025-11-21 20:03:13] [32minfo[39m: 	Server running on port 4000 in development node
[2025-11-21 20:03:15] [32minfo[39m: 	MongoDB is connected successfully
[2025-11-21 20:03:15] [32minfo[39m: 	redis connected succefuly
[2025-11-21 20:03:15] [32minfo[39m: 	Server running on port 4000 in development node
[2025-11-21 20:03:17] [32minfo[39m: 	MongoDB is connected successfully
[2025-11-21 20:03:17] [32minfo[39m: 	redis connected succefuly
[2025-11-21 20:03:17] [32minfo[39m: 	Server running on port 4000 in development node
[2025-11-21 20:03:23] [32minfo[39m: 	MongoDB is connected successfully
[2025-11-21 20:03:23] [32minfo[39m: 	redis connected succefuly
[2025-11-21 20:03:23] [32minfo[39m: 	Server running on port 4000 in development node
[2025-11-21 20:03:24] [32minfo[39m: 	MongoDB is connected successfully
[2025-11-21 20:03:24] [32minfo[39m: 	redis connected succefuly
[2025-11-21 20:03:24] [32minfo[39m: 	Server running on port 4000 in development node
[2025-11-21 20:03:26] [32minfo[39m: 	MongoDB is connected successfully
[2025-11-21 20:03:26] [32minfo[39m: 	redis connected succefuly
[2025-11-21 20:03:26] [32minfo[39m: 	Server running on port 4000 in development node
[2025-11-21 20:03:28] [32minfo[39m: 	MongoDB is connected successfully
[2025-11-21 20:03:28] [32minfo[39m: 	redis connected succefuly
[2025-11-21 20:03:28] [32minfo[39m: 	Server running on port 4000 in development node
[2025-11-21 20:03:30] [32minfo[39m: 	MongoDB is connected successfully
[2025-11-21 20:03:30] [32minfo[39m: 	redis connected succefuly
[2025-11-21 20:03:30] [32minfo[39m: 	Server running on port 4000 in development node
[2025-11-21 20:03:34] [32minfo[39m: 	MongoDB is connected successfully
[2025-11-21 20:03:34] [32minfo[39m: 	redis connected succefuly
[2025-11-21 20:03:34] [32minfo[39m: 	Server running on port 4000 in development node
[2025-11-21 20:07:27] [32minfo[39m: 	MongoDB is connected successfully
[2025-11-21 20:07:27] [32minfo[39m: 	redis connected succefuly
[2025-11-21 20:07:27] [32minfo[39m: 	Server running on port 4000 in development node
[2025-11-21 20:07:31] [32minfo[39m: 	MongoDB is connected successfully
[2025-11-21 20:07:31] [32minfo[39m: 	redis connected succefuly
[2025-11-21 20:07:31] [32minfo[39m: 	Server running on port 4000 in development node
[2025-11-21 20:08:26] [32minfo[39m: 	MongoDB is connected successfully
[2025-11-21 20:08:26] [32minfo[39m: 	redis connected succefuly
[2025-11-21 20:08:26] [32minfo[39m: 	Server running on port 4000 in development node
[2025-11-21 20:08:31] [32minfo[39m: 	MongoDB is connected successfully
[2025-11-21 20:08:31] [32minfo[39m: 	redis connected succefuly
[2025-11-21 20:08:31] [32minfo[39m: 	Server running on port 4000 in development node
[2025-11-21 20:08:32] [32minfo[39m: 	MongoDB is connected successfully
[2025-11-21 20:08:32] [32minfo[39m: 	redis connected succefuly
[2025-11-21 20:08:32] [32minfo[39m: 	Server running on port 4000 in development node
[2025-11-21 20:08:34] [32minfo[39m: 	MongoDB is connected successfully
[2025-11-21 20:08:34] [32minfo[39m: 	redis connected succefuly
[2025-11-21 20:08:34] [32minfo[39m: 	Server running on port 4000 in development node
[2025-11-21 20:08:35] [32minfo[39m: 	MongoDB is connected successfully
[2025-11-21 20:08:35] [32minfo[39m: 	redis connected succefuly
[2025-11-21 20:08:35] [32minfo[39m: 	Server running on port 4000 in development node
[2025-11-21 20:08:38] [32minfo[39m: 	MongoDB is connected successfully
[2025-11-21 20:08:38] [32minfo[39m: 	redis connected succefuly
[2025-11-21 20:08:38] [32minfo[39m: 	Server running on port 4000 in development node
[2025-11-21 20:08:42] [32minfo[39m: 	MongoDB is connected successfully
[2025-11-21 20:08:42] [32minfo[39m: 	redis connected succefuly
[2025-11-21 20:08:42] [32minfo[39m: 	Server running on port 4000 in development node
[2025-11-21 20:08:43] [32minfo[39m: 	MongoDB is connected successfully
[2025-11-21 20:08:43] [32minfo[39m: 	redis connected succefuly
[2025-11-21 20:08:43] [32minfo[39m: 	Server running on port 4000 in development node
[2025-11-21 20:08:53] [32minfo[39m: 	MongoDB is connected successfully
[2025-11-21 20:08:53] [32minfo[39m: 	redis connected succefuly
[2025-11-21 20:08:53] [32minfo[39m: 	Server running on port 4000 in development node
[2025-11-21 20:08:55] [32minfo[39m: 	MongoDB is connected successfully
[2025-11-21 20:08:55] [32minfo[39m: 	redis connected succefuly
[2025-11-21 20:08:55] [32minfo[39m: 	Server running on port 4000 in development node
[2025-11-21 20:09:03] [32minfo[39m: 	MongoDB is connected successfully
[2025-11-21 20:09:03] [32minfo[39m: 	redis connected succefuly
[2025-11-21 20:09:03] [32minfo[39m: 	Server running on port 4000 in development node
[2025-11-21 20:09:04] [32minfo[39m: 	MongoDB is connected successfully
[2025-11-21 20:09:04] [32minfo[39m: 	redis connected succefuly
[2025-11-21 20:09:04] [32minfo[39m: 	Server running on port 4000 in development node
[2025-11-21 20:09:07] [32minfo[39m: 	MongoDB is connected successfully
[2025-11-21 20:09:07] [32minfo[39m: 	redis connected succefuly
[2025-11-21 20:09:07] [32minfo[39m: 	Server running on port 4000 in development node
[2025-11-21 20:09:11] [32minfo[39m: 	MongoDB is connected successfully
[2025-11-21 20:09:11] [32minfo[39m: 	redis connected succefuly
[2025-11-21 20:09:11] [32minfo[39m: 	Server running on port 4000 in development node
[2025-11-21 20:09:12] [32minfo[39m: 	MongoDB is connected successfully
[2025-11-21 20:09:12] [32minfo[39m: 	redis connected succefuly
[2025-11-21 20:09:12] [32minfo[39m: 	Server running on port 4000 in development node
[2025-11-21 20:09:16] [32minfo[39m: 	MongoDB is connected successfully
[2025-11-21 20:09:16] [32minfo[39m: 	redis connected succefuly
[2025-11-21 20:09:16] [32minfo[39m: 	Server running on port 4000 in development node
[2025-11-21 20:09:39] [32minfo[39m: 	MongoDB is connected successfully
[2025-11-21 20:09:39] [32minfo[39m: 	redis connected succefuly
[2025-11-21 20:09:39] [32minfo[39m: 	Server running on port 4000 in development node
[2025-11-21 20:09:44] [32minfo[39m: 	MongoDB is connected successfully
[2025-11-21 20:09:44] [32minfo[39m: 	redis connected succefuly
[2025-11-21 20:09:44] [32minfo[39m: 	Server running on port 4000 in development node
[2025-11-21 20:09:46] [32minfo[39m: 	MongoDB is connected successfully
[2025-11-21 20:09:46] [32minfo[39m: 	redis connected succefuly
[2025-11-21 20:09:46] [32minfo[39m: 	Server running on port 4000 in development node
[2025-11-21 20:09:57] [32minfo[39m: 	MongoDB is connected successfully
[2025-11-21 20:09:57] [32minfo[39m: 	redis connected succefuly
[2025-11-21 20:09:57] [32minfo[39m: 	Server running on port 4000 in development node
[2025-11-21 20:10:04] [32minfo[39m: 	MongoDB is connected successfully
[2025-11-21 20:10:04] [32minfo[39m: 	redis connected succefuly
[2025-11-21 20:10:04] [32minfo[39m: 	Server running on port 4000 in development node
[2025-11-21 20:10:09] [32minfo[39m: 	MongoDB is connected successfully
[2025-11-21 20:10:09] [32minfo[39m: 	redis connected succefuly
[2025-11-21 20:10:09] [32minfo[39m: 	Server running on port 4000 in development node
[2025-11-21 20:10:14] [32minfo[39m: 	MongoDB is connected successfully
[2025-11-21 20:10:14] [32minfo[39m: 	redis connected succefuly
[2025-11-21 20:10:14] [32minfo[39m: 	Server running on port 4000 in development node
[2025-11-21 20:10:16] [32minfo[39m: 	MongoDB is connected successfully
[2025-11-21 20:10:16] [32minfo[39m: 	redis connected succefuly
[2025-11-21 20:10:16] [32minfo[39m: 	Server running on port 4000 in development node
[2025-11-21 20:10:17] [32minfo[39m: 	MongoDB is connected successfully
[2025-11-21 20:10:17] [32minfo[39m: 	redis connected succefuly
[2025-11-21 20:10:17] [32minfo[39m: 	Server running on port 4000 in development node
[2025-11-21 20:10:29] [32minfo[39m: 	MongoDB is connected successfully
[2025-11-21 20:10:29] [32minfo[39m: 	redis connected succefuly
[2025-11-21 20:10:29] [32minfo[39m: 	Server running on port 4000 in development node
[2025-11-21 20:10:30] [32minfo[39m: 	MongoDB is connected successfully
[2025-11-21 20:10:30] [32minfo[39m: 	redis connected succefuly
[2025-11-21 20:10:30] [32minfo[39m: 	Server running on port 4000 in development node
[2025-11-21 20:10:34] [32minfo[39m: 	MongoDB is connected successfully
[2025-11-21 20:10:34] [32minfo[39m: 	redis connected succefuly
[2025-11-21 20:10:34] [32minfo[39m: 	Server running on port 4000 in development node
[2025-11-21 20:10:38] [32minfo[39m: 	MongoDB is connected successfully
[2025-11-21 20:10:38] [32minfo[39m: 	redis connected succefuly
[2025-11-21 20:10:46] [32minfo[39m: 	MongoDB is connected successfully
[2025-11-21 20:10:46] [32minfo[39m: 	redis connected succefuly
[2025-11-21 20:10:46] [32minfo[39m: 	Server running on port 4000 in development node
[2025-11-21 20:10:49] [32minfo[39m: 	MongoDB is connected successfully
[2025-11-21 20:10:49] [32minfo[39m: 	redis connected succefuly
[2025-11-21 20:10:49] [32minfo[39m: 	Server running on port 4000 in development node
[2025-11-21 20:10:50] [32minfo[39m: 	MongoDB is connected successfully
[2025-11-21 20:10:50] [32minfo[39m: 	redis connected succefuly
[2025-11-21 20:10:50] [32minfo[39m: 	Server running on port 4000 in development node
[2025-11-21 20:10:51] [32minfo[39m: 	MongoDB is connected successfully
[2025-11-21 20:10:51] [32minfo[39m: 	redis connected succefuly
[2025-11-21 20:10:51] [32minfo[39m: 	Server running on port 4000 in development node
[2025-11-21 20:10:53] [32minfo[39m: 	MongoDB is connected successfully
[2025-11-21 20:10:53] [32minfo[39m: 	redis connected succefuly
[2025-11-21 20:10:53] [32minfo[39m: 	Server running on port 4000 in development node
[2025-11-21 20:10:55] [32minfo[39m: 	MongoDB is connected successfully
[2025-11-21 20:10:56] [32minfo[39m: 	MongoDB is connected successfully
[2025-11-21 20:10:56] [32minfo[39m: 	redis connected succefuly
[2025-11-21 20:10:56] [32minfo[39m: 	Server running on port 4000 in development node
[2025-11-21 20:11:03] [32minfo[39m: 	MongoDB is connected successfully
[2025-11-21 20:11:03] [32minfo[39m: 	redis connected succefuly
[2025-11-21 20:11:03] [32minfo[39m: 	Server running on port 4000 in development node
[2025-11-21 20:11:05] [32minfo[39m: 	MongoDB is connected successfully
[2025-11-21 20:11:05] [32minfo[39m: 	redis connected succefuly
[2025-11-21 20:11:05] [32minfo[39m: 	Server running on port 4000 in development node
[2025-11-21 20:11:07] [32minfo[39m: 	MongoDB is connected successfully
[2025-11-21 20:11:07] [32minfo[39m: 	redis connected succefuly
[2025-11-21 20:11:07] [32minfo[39m: 	Server running on port 4000 in development node
[2025-11-21 20:11:11] [32minfo[39m: 	MongoDB is connected successfully
[2025-11-21 20:11:11] [32minfo[39m: 	redis connected succefuly
[2025-11-21 20:11:11] [32minfo[39m: 	Server running on port 4000 in development node
[2025-11-21 20:11:12] [32minfo[39m: 	MongoDB is connected successfully
[2025-11-21 20:11:12] [32minfo[39m: 	redis connected succefuly
[2025-11-21 20:11:12] [32minfo[39m: 	Server running on port 4000 in development node
[2025-11-21 20:11:16] [32minfo[39m: 	MongoDB is connected successfully
[2025-11-21 20:11:16] [32minfo[39m: 	redis connected succefuly
[2025-11-21 20:11:16] [32minfo[39m: 	Server running on port 4000 in development node
[2025-11-21 20:11:17] [32minfo[39m: 	MongoDB is connected successfully
[2025-11-21 20:11:17] [32minfo[39m: 	redis connected succefuly
[2025-11-21 20:11:17] [32minfo[39m: 	Server running on port 4000 in development node
[2025-11-21 20:11:19] [32minfo[39m: 	MongoDB is connected successfully
[2025-11-21 20:11:19] [32minfo[39m: 	redis connected succefuly
[2025-11-21 20:11:19] [32minfo[39m: 	Server running on port 4000 in development node
[2025-11-21 20:11:22] [32minfo[39m: 	MongoDB is connected successfully
[2025-11-21 20:11:22] [32minfo[39m: 	redis connected succefuly
[2025-11-21 20:11:22] [32minfo[39m: 	Server running on port 4000 in development node
[2025-11-21 20:11:25] [32minfo[39m: 	MongoDB is connected successfully
[2025-11-21 20:11:25] [32minfo[39m: 	redis connected succefuly
[2025-11-21 20:11:25] [32minfo[39m: 	Server running on port 4000 in development node
[2025-11-21 20:11:28] [32minfo[39m: 	MongoDB is connected successfully
[2025-11-21 20:11:28] [32minfo[39m: 	redis connected succefuly
[2025-11-21 20:11:28] [32minfo[39m: 	Server running on port 4000 in development node
[2025-11-21 20:11:29] [32minfo[39m: 	MongoDB is connected successfully
[2025-11-21 20:11:29] [32minfo[39m: 	redis connected succefuly
[2025-11-21 20:11:29] [32minfo[39m: 	Server running on port 4000 in development node
[2025-11-21 20:11:31] [32minfo[39m: 	MongoDB is connected successfully
[2025-11-21 20:11:31] [32minfo[39m: 	redis connected succefuly
[2025-11-21 20:11:31] [32minfo[39m: 	Server running on port 4000 in development node
[2025-11-21 20:11:32] [32minfo[39m: 	MongoDB is connected successfully
[2025-11-21 20:11:32] [32minfo[39m: 	redis connected succefuly
[2025-11-21 20:11:32] [32minfo[39m: 	Server running on port 4000 in development node
[2025-11-21 20:11:33] [32minfo[39m: 	MongoDB is connected successfully
[2025-11-21 20:11:33] [32minfo[39m: 	redis connected succefuly
[2025-11-21 20:11:33] [32minfo[39m: 	Server running on port 4000 in development node
[2025-11-21 20:11:35] [32minfo[39m: 	MongoDB is connected successfully
[2025-11-21 20:11:35] [32minfo[39m: 	redis connected succefuly
[2025-11-21 20:11:35] [32minfo[39m: 	Server running on port 4000 in development node
[2025-11-21 20:11:36] [32minfo[39m: 	MongoDB is connected successfully
[2025-11-21 20:11:36] [32minfo[39m: 	redis connected succefuly
[2025-11-21 20:11:36] [32minfo[39m: 	Server running on port 4000 in development node
[2025-11-21 20:11:38] [32minfo[39m: 	MongoDB is connected successfully
[2025-11-21 20:11:38] [32minfo[39m: 	redis connected succefuly
[2025-11-21 20:11:38] [32minfo[39m: 	Server running on port 4000 in development node
[2025-11-21 20:11:57] [32minfo[39m: 	MongoDB is connected successfully
[2025-11-21 20:11:57] [32minfo[39m: 	redis connected succefuly
[2025-11-21 20:11:57] [32minfo[39m: 	Server running on port 4000 in development node
[2025-11-21 20:12:02] [32minfo[39m: 	MongoDB is connected successfully
[2025-11-21 20:12:02] [32minfo[39m: 	redis connected succefuly
[2025-11-21 20:12:02] [32minfo[39m: 	Server running on port 4000 in development node
[2025-11-21 20:12:04] [32minfo[39m: 	MongoDB is connected successfully
[2025-11-21 20:12:04] [32minfo[39m: 	redis connected succefuly
[2025-11-21 20:12:04] [32minfo[39m: 	Server running on port 4000 in development node
[2025-11-21 20:12:06] [32minfo[39m: 	MongoDB is connected successfully
[2025-11-21 20:12:06] [32minfo[39m: 	redis connected succefuly
[2025-11-21 20:12:06] [32minfo[39m: 	Server running on port 4000 in development node
[2025-11-21 20:12:50] [32minfo[39m: 	MongoDB is connected successfully
[2025-11-21 20:12:50] [32minfo[39m: 	redis connected succefuly
[2025-11-21 20:12:50] [32minfo[39m: 	Server running on port 4000 in development node
[2025-11-21 20:12:53] [32minfo[39m: 	MongoDB is connected successfully
[2025-11-21 20:12:53] [32minfo[39m: 	redis connected succefuly
[2025-11-21 20:12:53] [32minfo[39m: 	Server running on port 4000 in development node
[2025-11-21 20:12:54] [32minfo[39m: 	MongoDB is connected successfully
[2025-11-21 20:12:54] [32minfo[39m: 	redis connected succefuly
[2025-11-21 20:12:54] [32minfo[39m: 	Server running on port 4000 in development node
[2025-11-21 20:12:55] [32minfo[39m: 	MongoDB is connected successfully
[2025-11-21 20:12:55] [32minfo[39m: 	redis connected succefuly
[2025-11-21 20:12:55] [32minfo[39m: 	Server running on port 4000 in development node
[2025-11-21 20:12:58] [32minfo[39m: 	MongoDB is connected successfully
[2025-11-21 20:12:58] [32minfo[39m: 	redis connected succefuly
[2025-11-21 20:12:58] [32minfo[39m: 	Server running on port 4000 in development node
[2025-11-21 20:12:59] [32minfo[39m: 	MongoDB is connected successfully
[2025-11-21 20:12:59] [32minfo[39m: 	redis connected succefuly
[2025-11-21 20:12:59] [32minfo[39m: 	Server running on port 4000 in development node
[2025-11-21 20:13:01] [32minfo[39m: 	MongoDB is connected successfully
[2025-11-21 20:13:01] [32minfo[39m: 	redis connected succefuly
[2025-11-21 20:13:01] [32minfo[39m: 	Server running on port 4000 in development node
[2025-11-21 20:13:04] [32minfo[39m: 	MongoDB is connected successfully
[2025-11-21 20:13:04] [32minfo[39m: 	redis connected succefuly
[2025-11-21 20:13:04] [32minfo[39m: 	Server running on port 4000 in development node
[2025-11-21 20:13:13] [32minfo[39m: 	MongoDB is connected successfully
[2025-11-21 20:13:13] [32minfo[39m: 	redis connected succefuly
[2025-11-21 20:13:13] [32minfo[39m: 	Server running on port 4000 in development node
[2025-11-21 20:13:15] [32minfo[39m: 	MongoDB is connected successfully
[2025-11-21 20:13:15] [32minfo[39m: 	redis connected succefuly
[2025-11-21 20:13:15] [32minfo[39m: 	Server running on port 4000 in development node
[2025-11-21 20:13:16] [32minfo[39m: 	MongoDB is connected successfully
[2025-11-21 20:13:16] [32minfo[39m: 	redis connected succefuly
[2025-11-21 20:13:16] [32minfo[39m: 	Server running on port 4000 in development node
[2025-11-21 20:13:24] [32minfo[39m: 	MongoDB is connected successfully
[2025-11-21 20:13:24] [32minfo[39m: 	redis connected succefuly
[2025-11-21 20:13:24] [32minfo[39m: 	Server running on port 4000 in development node
[2025-11-21 20:13:34] [32minfo[39m: 	MongoDB is connected successfully
[2025-11-21 20:13:34] [32minfo[39m: 	redis connected succefuly
[2025-11-21 20:13:34] [32minfo[39m: 	Server running on port 4000 in development node
[2025-11-21 20:13:41] [32minfo[39m: 	MongoDB is connected successfully
[2025-11-21 20:13:41] [32minfo[39m: 	redis connected succefuly
[2025-11-21 20:13:41] [32minfo[39m: 	Server running on port 4000 in development node
[2025-11-21 20:13:43] [32minfo[39m: 	MongoDB is connected successfully
[2025-11-21 20:13:43] [32minfo[39m: 	redis connected succefuly
[2025-11-21 20:13:43] [32minfo[39m: 	Server running on port 4000 in development node
[2025-11-21 20:13:45] [32minfo[39m: 	MongoDB is connected successfully
[2025-11-21 20:13:45] [32minfo[39m: 	redis connected succefuly
[2025-11-21 20:13:45] [32minfo[39m: 	Server running on port 4000 in development node
[2025-11-21 20:13:51] [32minfo[39m: 	MongoDB is connected successfully
[2025-11-21 20:13:51] [32minfo[39m: 	redis connected succefuly
[2025-11-21 20:13:51] [32minfo[39m: 	Server running on port 4000 in development node
[2025-11-21 20:13:53] [32minfo[39m: 	MongoDB is connected successfully
[2025-11-21 20:13:53] [32minfo[39m: 	redis connected succefuly
[2025-11-21 20:13:53] [32minfo[39m: 	Server running on port 4000 in development node
[2025-11-21 20:13:55] [32minfo[39m: 	MongoDB is connected successfully
[2025-11-21 20:13:55] [32minfo[39m: 	redis connected succefuly
[2025-11-21 20:13:55] [32minfo[39m: 	Server running on port 4000 in development node
[2025-11-21 20:13:57] [32minfo[39m: 	MongoDB is connected successfully
[2025-11-21 20:13:57] [32minfo[39m: 	redis connected succefuly
[2025-11-21 20:13:57] [32minfo[39m: 	Server running on port 4000 in development node
[2025-11-21 20:13:58] [32minfo[39m: 	MongoDB is connected successfully
[2025-11-21 20:13:58] [32minfo[39m: 	redis connected succefuly
[2025-11-21 20:13:58] [32minfo[39m: 	Server running on port 4000 in development node
[2025-11-21 20:13:59] [32minfo[39m: 	MongoDB is connected successfully
[2025-11-21 20:13:59] [32minfo[39m: 	redis connected succefuly
[2025-11-21 20:13:59] [32minfo[39m: 	Server running on port 4000 in development node
[2025-11-21 20:14:02] [32minfo[39m: 	MongoDB is connected successfully
[2025-11-21 20:14:02] [32minfo[39m: 	redis connected succefuly
[2025-11-21 20:14:02] [32minfo[39m: 	Server running on port 4000 in development node
[2025-11-21 20:14:03] [32minfo[39m: 	MongoDB is connected successfully
[2025-11-21 20:14:03] [32minfo[39m: 	redis connected succefuly
[2025-11-21 20:14:03] [32minfo[39m: 	Server running on port 4000 in development node
[2025-11-21 20:14:05] [32minfo[39m: 	MongoDB is connected successfully
[2025-11-21 20:14:05] [32minfo[39m: 	redis connected succefuly
[2025-11-21 20:14:05] [32minfo[39m: 	Server running on port 4000 in development node
[2025-11-21 20:14:08] [32minfo[39m: 	MongoDB is connected successfully
[2025-11-21 20:14:08] [32minfo[39m: 	redis connected succefuly
[2025-11-21 20:14:08] [32minfo[39m: 	Server running on port 4000 in development node
[2025-11-21 20:14:10] [32minfo[39m: 	MongoDB is connected successfully
[2025-11-21 20:14:10] [32minfo[39m: 	redis connected succefuly
[2025-11-21 20:14:10] [32minfo[39m: 	Server running on port 4000 in development node
[2025-11-21 20:14:12] [32minfo[39m: 	MongoDB is connected successfully
[2025-11-21 20:14:12] [32minfo[39m: 	redis connected succefuly
[2025-11-21 20:14:12] [32minfo[39m: 	Server running on port 4000 in development node
[2025-11-21 20:14:13] [32minfo[39m: 	MongoDB is connected successfully
[2025-11-21 20:14:13] [32minfo[39m: 	redis connected succefuly
[2025-11-21 20:14:13] [32minfo[39m: 	Server running on port 4000 in development node
[2025-11-21 20:14:16] [32minfo[39m: 	MongoDB is connected successfully
[2025-11-21 20:14:16] [32minfo[39m: 	redis connected succefuly
[2025-11-21 20:14:16] [32minfo[39m: 	Server running on port 4000 in development node
[2025-11-21 20:14:19] [32minfo[39m: 	MongoDB is connected successfully
[2025-11-21 20:14:19] [32minfo[39m: 	redis connected succefuly
[2025-11-21 20:14:22] [32minfo[39m: 	MongoDB is connected successfully
[2025-11-21 20:14:22] [32minfo[39m: 	redis connected succefuly
[2025-11-21 20:14:22] [32minfo[39m: 	Server running on port 4000 in development node
[2025-11-21 20:14:23] [32minfo[39m: 	MongoDB is connected successfully
[2025-11-21 20:14:23] [32minfo[39m: 	redis connected succefuly
[2025-11-21 20:14:23] [32minfo[39m: 	Server running on port 4000 in development node
[2025-11-21 20:14:25] [32minfo[39m: 	MongoDB is connected successfully
[2025-11-21 20:14:25] [32minfo[39m: 	redis connected succefuly
[2025-11-21 20:14:25] [32minfo[39m: 	Server running on port 4000 in development node
[2025-11-21 20:14:27] [32minfo[39m: 	MongoDB is connected successfully
[2025-11-21 20:14:27] [32minfo[39m: 	redis connected succefuly
[2025-11-21 20:14:27] [32minfo[39m: 	Server running on port 4000 in development node
[2025-11-21 20:14:29] [32minfo[39m: 	MongoDB is connected successfully
[2025-11-21 20:14:29] [32minfo[39m: 	redis connected succefuly
[2025-11-21 20:14:29] [32minfo[39m: 	Server running on port 4000 in development node
[2025-11-21 20:14:31] [32minfo[39m: 	MongoDB is connected successfully
[2025-11-21 20:14:31] [32minfo[39m: 	redis connected succefuly
[2025-11-21 20:14:31] [32minfo[39m: 	Server running on port 4000 in development node
[2025-11-21 20:14:32] [32minfo[39m: 	MongoDB is connected successfully
[2025-11-21 20:14:32] [32minfo[39m: 	redis connected succefuly
[2025-11-21 20:14:32] [32minfo[39m: 	Server running on port 4000 in development node
[2025-11-21 20:14:34] [32minfo[39m: 	MongoDB is connected successfully
[2025-11-21 20:14:34] [32minfo[39m: 	redis connected succefuly
[2025-11-21 20:14:34] [32minfo[39m: 	Server running on port 4000 in development node
[2025-11-21 20:14:37] [32minfo[39m: 	MongoDB is connected successfully
[2025-11-21 20:14:37] [32minfo[39m: 	redis connected succefuly
[2025-11-21 20:14:37] [32minfo[39m: 	Server running on port 4000 in development node
[2025-11-21 20:14:41] [32minfo[39m: 	MongoDB is connected successfully
[2025-11-21 20:14:41] [32minfo[39m: 	redis connected succefuly
[2025-11-21 20:14:41] [32minfo[39m: 	Server running on port 4000 in development node
[2025-11-21 20:14:45] [32minfo[39m: 	MongoDB is connected successfully
[2025-11-21 20:14:45] [32minfo[39m: 	redis connected succefuly
[2025-11-21 20:14:45] [32minfo[39m: 	Server running on port 4000 in development node
[2025-11-21 20:14:47] [32minfo[39m: 	MongoDB is connected successfully
[2025-11-21 20:14:47] [32minfo[39m: 	redis connected succefuly
[2025-11-21 20:14:47] [32minfo[39m: 	Server running on port 4000 in development node
[2025-11-21 20:14:50] [32minfo[39m: 	MongoDB is connected successfully
[2025-11-21 20:14:50] [32minfo[39m: 	redis connected succefuly
[2025-11-21 20:14:50] [32minfo[39m: 	Server running on port 4000 in development node
[2025-11-21 20:14:52] [32minfo[39m: 	MongoDB is connected successfully
[2025-11-21 20:14:52] [32minfo[39m: 	redis connected succefuly
[2025-11-21 20:14:52] [32minfo[39m: 	Server running on port 4000 in development node
[2025-11-21 20:15:32] [32minfo[39m: 	MongoDB is connected successfully
[2025-11-21 20:15:32] [32minfo[39m: 	redis connected succefuly
[2025-11-21 20:15:32] [32minfo[39m: 	Server running on port 4000 in development node
[2025-11-21 20:15:38] [32minfo[39m: 	MongoDB is connected successfully
[2025-11-21 20:15:38] [32minfo[39m: 	redis connected succefuly
[2025-11-21 20:15:38] [32minfo[39m: 	Server running on port 4000 in development node
[2025-11-21 20:16:11] [32minfo[39m: 	MongoDB is connected successfully
[2025-11-21 20:16:11] [32minfo[39m: 	redis connected succefuly
[2025-11-21 20:16:11] [32minfo[39m: 	Server running on port 4000 in development node
[2025-11-21 20:16:13] [32minfo[39m: 	MongoDB is connected successfully
[2025-11-21 20:16:13] [32minfo[39m: 	redis connected succefuly
[2025-11-21 20:16:13] [32minfo[39m: 	Server running on port 4000 in development node
[2025-11-21 20:16:16] [32minfo[39m: 	MongoDB is connected successfully
[2025-11-21 20:16:16] [32minfo[39m: 	redis connected succefuly
[2025-11-21 20:16:16] [32minfo[39m: 	Server running on port 4000 in development node
[2025-11-21 20:16:22] [32minfo[39m: 	MongoDB is connected successfully
[2025-11-21 20:16:22] [32minfo[39m: 	redis connected succefuly
[2025-11-21 20:16:22] [32minfo[39m: 	Server running on port 4000 in development node
[2025-11-21 20:17:30] [32minfo[39m: 	Incoming request: GET /api/chef/recipes-list from  REQLOGGER
[2025-11-21 20:18:00] [32minfo[39m: 	MongoDB is connected successfully
[2025-11-21 20:18:00] [32minfo[39m: 	redis connected succefuly
[2025-11-21 20:18:00] [32minfo[39m: 	Server running on port 4000 in development node
[2025-11-21 20:18:03] [32minfo[39m: 	MongoDB is connected successfully
[2025-11-21 20:18:03] [32minfo[39m: 	redis connected succefuly
[2025-11-21 20:18:03] [32minfo[39m: 	Server running on port 4000 in development node
