[2025-11-15 11:52:33] [31merror[39m: Error: Invalid credentials
    at AuthService.loginUser (D:\brototype\Dishcovery\server\src\services\implementation\auth.service.ts:64:29)
    at AuthController.login (D:\brototype\Dishcovery\server\src\controllers\implementation\auth.controller.ts:31:57)
[2025-11-15 11:52:44] [31merror[39m: Error: Invalid credentials
    at AuthService.loginUser (D:\brototype\Dishcovery\server\src\services\implementation\auth.service.ts:64:29)
    at AuthController.login (D:\brototype\Dishcovery\server\src\controllers\implementation\auth.controller.ts:31:57)
[2025-11-15 11:57:51] [31merror[39m: Error: 	userId is not found
    at FoodieController.editFoodieProfile (D:\brototype\Dishcovery\server\src\controllers\implementation\foodie.controller.ts:21:23)
    at Layer.handleRequest (D:\brototype\Dishcovery\server\node_modules\router\lib\layer.js:152:17)
    at next (D:\brototype\Dishcovery\server\node_modules\router\lib\route.js:157:13)
    at Route.dispatch (D:\brototype\Dishcovery\server\node_modules\router\lib\route.js:117:3)
    at handle (D:\brototype\Dishcovery\server\node_modules\router\index.js:435:11)
    at Layer.handleRequest (D:\brototype\Dishcovery\server\node_modules\router\lib\layer.js:152:17)
    at D:\brototype\Dishcovery\server\node_modules\router\index.js:295:15
    at processParams (D:\brototype\Dishcovery\server\node_modules\router\index.js:582:12)
    at next (D:\brototype\Dishcovery\server\node_modules\router\index.js:291:5)
    at Function.handle (D:\brototype\Dishcovery\server\node_modules\router\index.js:186:3)
[2025-11-15 11:58:42] [31merror[39m: ZodError: [
  {
    "origin": "string",
    "code": "too_small",
    "minimum": 8,
    "inclusive": true,
    "path": [
      "password"
    ],
    "message": "Password must be consist atleast 8 characters long"
  }
]
    at AuthController.login (D:\brototype\Dishcovery\server\src\controllers\implementation\auth.controller.ts:30:43)
    at Layer.handleRequest (D:\brototype\Dishcovery\server\node_modules\router\lib\layer.js:152:17)
    at next (D:\brototype\Dishcovery\server\node_modules\router\lib\route.js:157:13)
    at Route.dispatch (D:\brototype\Dishcovery\server\node_modules\router\lib\route.js:117:3)
    at handle (D:\brototype\Dishcovery\server\node_modules\router\index.js:435:11)
    at Layer.handleRequest (D:\brototype\Dishcovery\server\node_modules\router\lib\layer.js:152:17)
    at D:\brototype\Dishcovery\server\node_modules\router\index.js:295:15
    at processParams (D:\brototype\Dishcovery\server\node_modules\router\index.js:582:12)
    at next (D:\brototype\Dishcovery\server\node_modules\router\index.js:291:5)
    at Function.handle (D:\brototype\Dishcovery\server\node_modules\router\index.js:186:3)
[2025-11-15 11:58:55] [31merror[39m: Error: Invalid email or password
    at AuthService.loginUser (D:\brototype\Dishcovery\server\src\services\implementation\auth.service.ts:61:26)
    at processTicksAndRejections (node:internal/process/task_queues:105:5)
    at AuthController.login (D:\brototype\Dishcovery\server\src\controllers\implementation\auth.controller.ts:31:57)
[2025-11-15 12:02:29] [31merror[39m: Error: 	userId is not found
    at FoodieController.editFoodieProfile (D:\brototype\Dishcovery\server\src\controllers\implementation\foodie.controller.ts:21:23)
    at Layer.handleRequest (D:\brototype\Dishcovery\server\node_modules\router\lib\layer.js:152:17)
    at next (D:\brototype\Dishcovery\server\node_modules\router\lib\route.js:157:13)
    at Route.dispatch (D:\brototype\Dishcovery\server\node_modules\router\lib\route.js:117:3)
    at handle (D:\brototype\Dishcovery\server\node_modules\router\index.js:435:11)
    at Layer.handleRequest (D:\brototype\Dishcovery\server\node_modules\router\lib\layer.js:152:17)
    at D:\brototype\Dishcovery\server\node_modules\router\index.js:295:15
    at processParams (D:\brototype\Dishcovery\server\node_modules\router\index.js:582:12)
    at next (D:\brototype\Dishcovery\server\node_modules\router\index.js:291:5)
    at Function.handle (D:\brototype\Dishcovery\server\node_modules\router\index.js:186:3)
[2025-11-15 12:02:47] [31merror[39m: Error: 	userId is not found
    at FoodieController.editFoodieProfile (D:\brototype\Dishcovery\server\src\controllers\implementation\foodie.controller.ts:21:23)
    at Layer.handleRequest (D:\brototype\Dishcovery\server\node_modules\router\lib\layer.js:152:17)
    at next (D:\brototype\Dishcovery\server\node_modules\router\lib\route.js:157:13)
    at Route.dispatch (D:\brototype\Dishcovery\server\node_modules\router\lib\route.js:117:3)
    at handle (D:\brototype\Dishcovery\server\node_modules\router\index.js:435:11)
    at Layer.handleRequest (D:\brototype\Dishcovery\server\node_modules\router\lib\layer.js:152:17)
    at D:\brototype\Dishcovery\server\node_modules\router\index.js:295:15
    at processParams (D:\brototype\Dishcovery\server\node_modules\router\index.js:582:12)
    at next (D:\brototype\Dishcovery\server\node_modules\router\index.js:291:5)
    at Function.handle (D:\brototype\Dishcovery\server\node_modules\router\index.js:186:3)
