[2025-11-26 00:58:31] [31merror[39m: Error: 	refresh token creation failed
    at AuthService.refreshToken (D:\brototype\Dishcovery\server\src\services\implementation\auth.service.ts:192:19)
    at processTicksAndRejections (node:internal/process/task_queues:105:5)
    at AuthController.refreshToken (D:\brototype\Dishcovery\server\src\controllers\implementation\auth.controller.ts:98:28)
[2025-11-26 11:29:51] [31merror[39m: CastError: 	Cast to ObjectId failed for value "undefined" (type string) at path "_id" for model "Recipe"
    at SchemaObjectId.cast (D:\brototype\Dishcovery\server\node_modules\mongoose\lib\schema\objectId.js:251:11)
    at SchemaObjectId.SchemaType.applySetters (D:\brototype\Dishcovery\server\node_modules\mongoose\lib\schemaType.js:1262:12)
    at SchemaObjectId.SchemaType.castForQuery (D:\brototype\Dishcovery\server\node_modules\mongoose\lib\schemaType.js:1698:17)
    at cast (D:\brototype\Dishcovery\server\node_modules\mongoose\lib\cast.js:390:32)
    at model.Query.Query.cast (D:\brototype\Dishcovery\server\node_modules\mongoose\lib\query.js:5060:12)
    at model.Query.Query._castConditions (D:\brototype\Dishcovery\server\node_modules\mongoose\lib\query.js:2374:10)
    at model.Query._findOne (D:\brototype\Dishcovery\server\node_modules\mongoose\lib\query.js:2697:8)
    at model.Query.exec (D:\brototype\Dishcovery\server\node_modules\mongoose\lib\query.js:4627:80)
    at processTicksAndRejections (node:internal/process/task_queues:105:5)
    at RecipeRepository.findById (D:\brototype\Dishcovery\server\src\repostories\implementation\base.repository.ts:20:12)
[2025-11-26 11:29:51] [31merror[39m: CastError: 	Cast to ObjectId failed for value "undefined" (type string) at path "_id" for model "Recipe"
    at SchemaObjectId.cast (D:\brototype\Dishcovery\server\node_modules\mongoose\lib\schema\objectId.js:251:11)
    at SchemaObjectId.SchemaType.applySetters (D:\brototype\Dishcovery\server\node_modules\mongoose\lib\schemaType.js:1262:12)
    at SchemaObjectId.SchemaType.castForQuery (D:\brototype\Dishcovery\server\node_modules\mongoose\lib\schemaType.js:1698:17)
    at cast (D:\brototype\Dishcovery\server\node_modules\mongoose\lib\cast.js:390:32)
    at model.Query.Query.cast (D:\brototype\Dishcovery\server\node_modules\mongoose\lib\query.js:5060:12)
    at model.Query.Query._castConditions (D:\brototype\Dishcovery\server\node_modules\mongoose\lib\query.js:2374:10)
    at model.Query._findOne (D:\brototype\Dishcovery\server\node_modules\mongoose\lib\query.js:2697:8)
    at model.Query.exec (D:\brototype\Dishcovery\server\node_modules\mongoose\lib\query.js:4627:80)
    at processTicksAndRejections (node:internal/process/task_queues:105:5)
    at RecipeRepository.findById (D:\brototype\Dishcovery\server\src\repostories\implementation\base.repository.ts:20:12)
[2025-11-26 11:32:53] [31merror[39m: CastError: 	Cast to ObjectId failed for value "undefined" (type string) at path "_id" for model "Recipe"
    at SchemaObjectId.cast (D:\brototype\Dishcovery\server\node_modules\mongoose\lib\schema\objectId.js:251:11)
    at SchemaObjectId.SchemaType.applySetters (D:\brototype\Dishcovery\server\node_modules\mongoose\lib\schemaType.js:1262:12)
    at SchemaObjectId.SchemaType.castForQuery (D:\brototype\Dishcovery\server\node_modules\mongoose\lib\schemaType.js:1698:17)
    at cast (D:\brototype\Dishcovery\server\node_modules\mongoose\lib\cast.js:390:32)
    at model.Query.Query.cast (D:\brototype\Dishcovery\server\node_modules\mongoose\lib\query.js:5060:12)
    at model.Query.Query._castConditions (D:\brototype\Dishcovery\server\node_modules\mongoose\lib\query.js:2374:10)
    at model.Query._findOne (D:\brototype\Dishcovery\server\node_modules\mongoose\lib\query.js:2697:8)
    at model.Query.exec (D:\brototype\Dishcovery\server\node_modules\mongoose\lib\query.js:4627:80)
    at processTicksAndRejections (node:internal/process/task_queues:105:5)
    at RecipeRepository.findById (D:\brototype\Dishcovery\server\src\repostories\implementation\base.repository.ts:20:12)
[2025-11-26 11:32:53] [31merror[39m: CastError: 	Cast to ObjectId failed for value "undefined" (type string) at path "_id" for model "Recipe"
    at SchemaObjectId.cast (D:\brototype\Dishcovery\server\node_modules\mongoose\lib\schema\objectId.js:251:11)
    at SchemaObjectId.SchemaType.applySetters (D:\brototype\Dishcovery\server\node_modules\mongoose\lib\schemaType.js:1262:12)
    at SchemaObjectId.SchemaType.castForQuery (D:\brototype\Dishcovery\server\node_modules\mongoose\lib\schemaType.js:1698:17)
    at cast (D:\brototype\Dishcovery\server\node_modules\mongoose\lib\cast.js:390:32)
    at model.Query.Query.cast (D:\brototype\Dishcovery\server\node_modules\mongoose\lib\query.js:5060:12)
    at model.Query.Query._castConditions (D:\brototype\Dishcovery\server\node_modules\mongoose\lib\query.js:2374:10)
    at model.Query._findOne (D:\brototype\Dishcovery\server\node_modules\mongoose\lib\query.js:2697:8)
    at model.Query.exec (D:\brototype\Dishcovery\server\node_modules\mongoose\lib\query.js:4627:80)
    at processTicksAndRejections (node:internal/process/task_queues:105:5)
    at RecipeRepository.findById (D:\brototype\Dishcovery\server\src\repostories\implementation\base.repository.ts:20:12)
[2025-11-26 11:32:57] [31merror[39m: CastError: 	Cast to ObjectId failed for value "undefined" (type string) at path "_id" for model "Recipe"
    at SchemaObjectId.cast (D:\brototype\Dishcovery\server\node_modules\mongoose\lib\schema\objectId.js:251:11)
    at SchemaObjectId.SchemaType.applySetters (D:\brototype\Dishcovery\server\node_modules\mongoose\lib\schemaType.js:1262:12)
    at SchemaObjectId.SchemaType.castForQuery (D:\brototype\Dishcovery\server\node_modules\mongoose\lib\schemaType.js:1698:17)
    at cast (D:\brototype\Dishcovery\server\node_modules\mongoose\lib\cast.js:390:32)
    at model.Query.Query.cast (D:\brototype\Dishcovery\server\node_modules\mongoose\lib\query.js:5060:12)
    at model.Query.Query._castConditions (D:\brototype\Dishcovery\server\node_modules\mongoose\lib\query.js:2374:10)
    at model.Query._findOne (D:\brototype\Dishcovery\server\node_modules\mongoose\lib\query.js:2697:8)
    at model.Query.exec (D:\brototype\Dishcovery\server\node_modules\mongoose\lib\query.js:4627:80)
    at processTicksAndRejections (node:internal/process/task_queues:105:5)
    at RecipeRepository.findById (D:\brototype\Dishcovery\server\src\repostories\implementation\base.repository.ts:20:12)
[2025-11-26 11:32:57] [31merror[39m: CastError: 	Cast to ObjectId failed for value "undefined" (type string) at path "_id" for model "Recipe"
    at SchemaObjectId.cast (D:\brototype\Dishcovery\server\node_modules\mongoose\lib\schema\objectId.js:251:11)
    at SchemaObjectId.SchemaType.applySetters (D:\brototype\Dishcovery\server\node_modules\mongoose\lib\schemaType.js:1262:12)
    at SchemaObjectId.SchemaType.castForQuery (D:\brototype\Dishcovery\server\node_modules\mongoose\lib\schemaType.js:1698:17)
    at cast (D:\brototype\Dishcovery\server\node_modules\mongoose\lib\cast.js:390:32)
    at model.Query.Query.cast (D:\brototype\Dishcovery\server\node_modules\mongoose\lib\query.js:5060:12)
    at model.Query.Query._castConditions (D:\brototype\Dishcovery\server\node_modules\mongoose\lib\query.js:2374:10)
    at model.Query._findOne (D:\brototype\Dishcovery\server\node_modules\mongoose\lib\query.js:2697:8)
    at model.Query.exec (D:\brototype\Dishcovery\server\node_modules\mongoose\lib\query.js:4627:80)
    at processTicksAndRejections (node:internal/process/task_queues:105:5)
    at RecipeRepository.findById (D:\brototype\Dishcovery\server\src\repostories\implementation\base.repository.ts:20:12)
[2025-11-26 11:33:32] [31merror[39m: CastError: 	Cast to ObjectId failed for value "undefined" (type string) at path "_id" for model "Recipe"
    at SchemaObjectId.cast (D:\brototype\Dishcovery\server\node_modules\mongoose\lib\schema\objectId.js:251:11)
    at SchemaObjectId.SchemaType.applySetters (D:\brototype\Dishcovery\server\node_modules\mongoose\lib\schemaType.js:1262:12)
    at SchemaObjectId.SchemaType.castForQuery (D:\brototype\Dishcovery\server\node_modules\mongoose\lib\schemaType.js:1698:17)
    at cast (D:\brototype\Dishcovery\server\node_modules\mongoose\lib\cast.js:390:32)
    at model.Query.Query.cast (D:\brototype\Dishcovery\server\node_modules\mongoose\lib\query.js:5060:12)
    at model.Query.Query._castConditions (D:\brototype\Dishcovery\server\node_modules\mongoose\lib\query.js:2374:10)
    at model.Query._findOne (D:\brototype\Dishcovery\server\node_modules\mongoose\lib\query.js:2697:8)
    at model.Query.exec (D:\brototype\Dishcovery\server\node_modules\mongoose\lib\query.js:4627:80)
    at processTicksAndRejections (node:internal/process/task_queues:105:5)
    at RecipeRepository.findById (D:\brototype\Dishcovery\server\src\repostories\implementation\base.repository.ts:20:12)
[2025-11-26 11:33:32] [31merror[39m: CastError: 	Cast to ObjectId failed for value "undefined" (type string) at path "_id" for model "Recipe"
    at SchemaObjectId.cast (D:\brototype\Dishcovery\server\node_modules\mongoose\lib\schema\objectId.js:251:11)
    at SchemaObjectId.SchemaType.applySetters (D:\brototype\Dishcovery\server\node_modules\mongoose\lib\schemaType.js:1262:12)
    at SchemaObjectId.SchemaType.castForQuery (D:\brototype\Dishcovery\server\node_modules\mongoose\lib\schemaType.js:1698:17)
    at cast (D:\brototype\Dishcovery\server\node_modules\mongoose\lib\cast.js:390:32)
    at model.Query.Query.cast (D:\brototype\Dishcovery\server\node_modules\mongoose\lib\query.js:5060:12)
    at model.Query.Query._castConditions (D:\brototype\Dishcovery\server\node_modules\mongoose\lib\query.js:2374:10)
    at model.Query._findOne (D:\brototype\Dishcovery\server\node_modules\mongoose\lib\query.js:2697:8)
    at model.Query.exec (D:\brototype\Dishcovery\server\node_modules\mongoose\lib\query.js:4627:80)
    at processTicksAndRejections (node:internal/process/task_queues:105:5)
    at RecipeRepository.findById (D:\brototype\Dishcovery\server\src\repostories\implementation\base.repository.ts:20:12)
[2025-11-26 12:49:29] [31merror[39m: MissingSchemaError: 	Schema hasn't been registered for model "Chef".
Use mongoose.model(name, schema)
    at NativeConnection.model (D:\brototype\Dishcovery\server\node_modules\mongoose\lib\connection.js:1497:13)
    at _getModelFromConn (D:\brototype\Dishcovery\server\node_modules\mongoose\lib\helpers\populate\getModelsMapForPopulate.js:579:15)
    at addModelNamesToMap (D:\brototype\Dishcovery\server\node_modules\mongoose\lib\helpers\populate\getModelsMapForPopulate.js:507:17)
    at getModelsMapForPopulate (D:\brototype\Dishcovery\server\node_modules\mongoose\lib\helpers\populate\getModelsMapForPopulate.js:208:7)
    at _populatePath (D:\brototype\Dishcovery\server\node_modules\mongoose\lib\model.js:4481:21)
    at Function.populate (D:\brototype\Dishcovery\server\node_modules\mongoose\lib\model.js:4448:21)
    at D:\brototype\Dishcovery\server\node_modules\mongoose\lib\query.js:2654:11
    at _init (D:\brototype\Dishcovery\server\node_modules\mongoose\lib\query.js:3330:5)
    at model.Document.init (D:\brototype\Dishcovery\server\node_modules\mongoose\lib\document.js:654:5)
    at model.Document.$init (D:\brototype\Dishcovery\server\node_modules\mongoose\lib\document.js:667:42)
[2025-11-26 12:49:29] [31merror[39m: MissingSchemaError: 	Schema hasn't been registered for model "Chef".
Use mongoose.model(name, schema)
    at NativeConnection.model (D:\brototype\Dishcovery\server\node_modules\mongoose\lib\connection.js:1497:13)
    at _getModelFromConn (D:\brototype\Dishcovery\server\node_modules\mongoose\lib\helpers\populate\getModelsMapForPopulate.js:579:15)
    at addModelNamesToMap (D:\brototype\Dishcovery\server\node_modules\mongoose\lib\helpers\populate\getModelsMapForPopulate.js:507:17)
    at getModelsMapForPopulate (D:\brototype\Dishcovery\server\node_modules\mongoose\lib\helpers\populate\getModelsMapForPopulate.js:208:7)
    at _populatePath (D:\brototype\Dishcovery\server\node_modules\mongoose\lib\model.js:4481:21)
    at Function.populate (D:\brototype\Dishcovery\server\node_modules\mongoose\lib\model.js:4448:21)
    at D:\brototype\Dishcovery\server\node_modules\mongoose\lib\query.js:2654:11
    at _init (D:\brototype\Dishcovery\server\node_modules\mongoose\lib\query.js:3330:5)
    at model.Document.init (D:\brototype\Dishcovery\server\node_modules\mongoose\lib\document.js:654:5)
    at model.Document.$init (D:\brototype\Dishcovery\server\node_modules\mongoose\lib\document.js:667:42)
[2025-11-26 18:43:02] [31merror[39m: Error: 	invalide Otp!!
    at AuthService.signupOtp (D:\brototype\Dishcovery\server\src\services\implementation\auth.service.ts:94:19)
    at processTicksAndRejections (node:internal/process/task_queues:105:5)
    at AuthController.signupVerifyOtp (D:\brototype\Dishcovery\server\src\controllers\implementation\auth.controller.ts:46:28)
[2025-11-26 18:43:18] [31merror[39m: Error: 	invalide Otp!!
    at AuthService.signupOtp (D:\brototype\Dishcovery\server\src\services\implementation\auth.service.ts:94:19)
    at processTicksAndRejections (node:internal/process/task_queues:105:5)
    at AuthController.signupVerifyOtp (D:\brototype\Dishcovery\server\src\controllers\implementation\auth.controller.ts:46:28)
