[2025-11-17 10:32:40] [31merror[39m: ObjectParameterError: 	Parameter "filter" to find() must be an object, got "user" (type string)
    at model.Query.Query.find (D:\brototype\Dishcovery\server\node_modules\mongoose\lib\query.js:2489:16)
    at Function.find (D:\brototype\Dishcovery\server\node_modules\mongoose\lib\model.js:2101:13)
    at UserRepository.findByRole (D:\brototype\Dishcovery\server\src\repostories\implementation\user.repository.ts:20:22)
    at AdminService.getAllFoodies (D:\brototype\Dishcovery\server\src\services\implementation\admin.service.ts:35:50)
    at AdminController.getAllFoodies (D:\brototype\Dishcovery\server\src\controllers\implementation\admin.controller.ts:19:46)
    at Layer.handleRequest (D:\brototype\Dishcovery\server\node_modules\router\lib\layer.js:152:17)
    at next (D:\brototype\Dishcovery\server\node_modules\router\lib\route.js:157:13)
    at Route.dispatch (D:\brototype\Dishcovery\server\node_modules\router\lib\route.js:117:3)
    at handle (D:\brototype\Dishcovery\server\node_modules\router\index.js:435:11)
    at Layer.handleRequest (D:\brototype\Dishcovery\server\node_modules\router\lib\layer.js:152:17)
[2025-11-17 10:32:40] [31merror[39m: ObjectParameterError: 	Parameter "filter" to find() must be an object, got "user" (type string)
    at model.Query.Query.find (D:\brototype\Dishcovery\server\node_modules\mongoose\lib\query.js:2489:16)
    at Function.find (D:\brototype\Dishcovery\server\node_modules\mongoose\lib\model.js:2101:13)
    at UserRepository.findByRole (D:\brototype\Dishcovery\server\src\repostories\implementation\user.repository.ts:20:22)
    at AdminService.getAllFoodies (D:\brototype\Dishcovery\server\src\services\implementation\admin.service.ts:35:50)
    at AdminController.getAllFoodies (D:\brototype\Dishcovery\server\src\controllers\implementation\admin.controller.ts:19:46)
    at Layer.handleRequest (D:\brototype\Dishcovery\server\node_modules\router\lib\layer.js:152:17)
    at next (D:\brototype\Dishcovery\server\node_modules\router\lib\route.js:157:13)
    at Route.dispatch (D:\brototype\Dishcovery\server\node_modules\router\lib\route.js:117:3)
    at handle (D:\brototype\Dishcovery\server\node_modules\router\index.js:435:11)
    at Layer.handleRequest (D:\brototype\Dishcovery\server\node_modules\router\lib\layer.js:152:17)
[2025-11-17 11:00:59] [31merror[39m: ObjectParameterError: 	Parameter "filter" to find() must be an object, got "user" (type string)
    at model.Query.Query.find (D:\brototype\Dishcovery\server\node_modules\mongoose\lib\query.js:2489:16)
    at Function.find (D:\brototype\Dishcovery\server\node_modules\mongoose\lib\model.js:2101:13)
    at UserRepository.findByRole (D:\brototype\Dishcovery\server\src\repostories\implementation\user.repository.ts:20:22)
    at AdminService.getAllFoodies (D:\brototype\Dishcovery\server\src\services\implementation\admin.service.ts:35:50)
    at AdminController.getAllFoodies (D:\brototype\Dishcovery\server\src\controllers\implementation\admin.controller.ts:19:46)
    at Layer.handleRequest (D:\brototype\Dishcovery\server\node_modules\router\lib\layer.js:152:17)
    at next (D:\brototype\Dishcovery\server\node_modules\router\lib\route.js:157:13)
    at Route.dispatch (D:\brototype\Dishcovery\server\node_modules\router\lib\route.js:117:3)
    at handle (D:\brototype\Dishcovery\server\node_modules\router\index.js:435:11)
    at Layer.handleRequest (D:\brototype\Dishcovery\server\node_modules\router\lib\layer.js:152:17)
[2025-11-17 11:00:59] [31merror[39m: ObjectParameterError: 	Parameter "filter" to find() must be an object, got "user" (type string)
    at model.Query.Query.find (D:\brototype\Dishcovery\server\node_modules\mongoose\lib\query.js:2489:16)
    at Function.find (D:\brototype\Dishcovery\server\node_modules\mongoose\lib\model.js:2101:13)
    at UserRepository.findByRole (D:\brototype\Dishcovery\server\src\repostories\implementation\user.repository.ts:20:22)
    at AdminService.getAllFoodies (D:\brototype\Dishcovery\server\src\services\implementation\admin.service.ts:35:50)
    at AdminController.getAllFoodies (D:\brototype\Dishcovery\server\src\controllers\implementation\admin.controller.ts:19:46)
    at Layer.handleRequest (D:\brototype\Dishcovery\server\node_modules\router\lib\layer.js:152:17)
    at next (D:\brototype\Dishcovery\server\node_modules\router\lib\route.js:157:13)
    at Route.dispatch (D:\brototype\Dishcovery\server\node_modules\router\lib\route.js:117:3)
    at handle (D:\brototype\Dishcovery\server\node_modules\router\index.js:435:11)
    at Layer.handleRequest (D:\brototype\Dishcovery\server\node_modules\router\lib\layer.js:152:17)
[2025-11-17 11:32:50] [31merror[39m: Error: 	Can't use $option with String.
    at SchemaString.castForQuery (D:\brototype\Dishcovery\server\node_modules\mongoose\lib\schema\string.js:691:13)
    at cast (D:\brototype\Dishcovery\server\node_modules\mongoose\lib\cast.js:367:39)
    at cast (D:\brototype\Dishcovery\server\node_modules\mongoose\lib\cast.js:76:20)
    at model.Query.Query.cast (D:\brototype\Dishcovery\server\node_modules\mongoose\lib\query.js:5060:12)
    at model.Query.Query._castConditions (D:\brototype\Dishcovery\server\node_modules\mongoose\lib\query.js:2374:10)
    at model.Query._find (D:\brototype\Dishcovery\server\node_modules\mongoose\lib\query.js:2401:8)
    at model.Query.exec (D:\brototype\Dishcovery\server\node_modules\mongoose\lib\query.js:4627:80)
    at processTicksAndRejections (node:internal/process/task_queues:105:5)
    at AdminService.getAllFoodies (D:\brototype\Dishcovery\server\src\services\implementation\admin.service.ts:36:23)
    at AdminController.getAllFoodies (D:\brototype\Dishcovery\server\src\controllers\implementation\admin.controller.ts:19:22)
[2025-11-17 11:32:50] [31merror[39m: Error: 	Can't use $option with String.
    at SchemaString.castForQuery (D:\brototype\Dishcovery\server\node_modules\mongoose\lib\schema\string.js:691:13)
    at cast (D:\brototype\Dishcovery\server\node_modules\mongoose\lib\cast.js:367:39)
    at cast (D:\brototype\Dishcovery\server\node_modules\mongoose\lib\cast.js:76:20)
    at model.Query.Query.cast (D:\brototype\Dishcovery\server\node_modules\mongoose\lib\query.js:5060:12)
    at model.Query.Query._castConditions (D:\brototype\Dishcovery\server\node_modules\mongoose\lib\query.js:2374:10)
    at model.Query._find (D:\brototype\Dishcovery\server\node_modules\mongoose\lib\query.js:2401:8)
    at model.Query.exec (D:\brototype\Dishcovery\server\node_modules\mongoose\lib\query.js:4627:80)
    at processTicksAndRejections (node:internal/process/task_queues:105:5)
    at AdminService.getAllFoodies (D:\brototype\Dishcovery\server\src\services\implementation\admin.service.ts:36:23)
    at AdminController.getAllFoodies (D:\brototype\Dishcovery\server\src\controllers\implementation\admin.controller.ts:19:22)
[2025-11-17 11:32:51] [31merror[39m: Error: 	Can't use $option with String.
    at SchemaString.castForQuery (D:\brototype\Dishcovery\server\node_modules\mongoose\lib\schema\string.js:691:13)
    at cast (D:\brototype\Dishcovery\server\node_modules\mongoose\lib\cast.js:367:39)
    at cast (D:\brototype\Dishcovery\server\node_modules\mongoose\lib\cast.js:76:20)
    at model.Query.Query.cast (D:\brototype\Dishcovery\server\node_modules\mongoose\lib\query.js:5060:12)
    at model.Query.Query._castConditions (D:\brototype\Dishcovery\server\node_modules\mongoose\lib\query.js:2374:10)
    at model.Query._find (D:\brototype\Dishcovery\server\node_modules\mongoose\lib\query.js:2401:8)
    at model.Query.exec (D:\brototype\Dishcovery\server\node_modules\mongoose\lib\query.js:4627:80)
    at processTicksAndRejections (node:internal/process/task_queues:105:5)
    at AdminService.getAllFoodies (D:\brototype\Dishcovery\server\src\services\implementation\admin.service.ts:36:23)
    at AdminController.getAllFoodies (D:\brototype\Dishcovery\server\src\controllers\implementation\admin.controller.ts:19:22)
[2025-11-17 11:32:51] [31merror[39m: Error: 	Can't use $option with String.
    at SchemaString.castForQuery (D:\brototype\Dishcovery\server\node_modules\mongoose\lib\schema\string.js:691:13)
    at cast (D:\brototype\Dishcovery\server\node_modules\mongoose\lib\cast.js:367:39)
    at cast (D:\brototype\Dishcovery\server\node_modules\mongoose\lib\cast.js:76:20)
    at model.Query.Query.cast (D:\brototype\Dishcovery\server\node_modules\mongoose\lib\query.js:5060:12)
    at model.Query.Query._castConditions (D:\brototype\Dishcovery\server\node_modules\mongoose\lib\query.js:2374:10)
    at model.Query._find (D:\brototype\Dishcovery\server\node_modules\mongoose\lib\query.js:2401:8)
    at model.Query.exec (D:\brototype\Dishcovery\server\node_modules\mongoose\lib\query.js:4627:80)
    at processTicksAndRejections (node:internal/process/task_queues:105:5)
    at AdminService.getAllFoodies (D:\brototype\Dishcovery\server\src\services\implementation\admin.service.ts:36:23)
    at AdminController.getAllFoodies (D:\brototype\Dishcovery\server\src\controllers\implementation\admin.controller.ts:19:22)
[2025-11-17 11:32:52] [31merror[39m: Error: 	Can't use $option with String.
    at SchemaString.castForQuery (D:\brototype\Dishcovery\server\node_modules\mongoose\lib\schema\string.js:691:13)
    at cast (D:\brototype\Dishcovery\server\node_modules\mongoose\lib\cast.js:367:39)
    at cast (D:\brototype\Dishcovery\server\node_modules\mongoose\lib\cast.js:76:20)
    at model.Query.Query.cast (D:\brototype\Dishcovery\server\node_modules\mongoose\lib\query.js:5060:12)
    at model.Query.Query._castConditions (D:\brototype\Dishcovery\server\node_modules\mongoose\lib\query.js:2374:10)
    at model.Query._find (D:\brototype\Dishcovery\server\node_modules\mongoose\lib\query.js:2401:8)
    at model.Query.exec (D:\brototype\Dishcovery\server\node_modules\mongoose\lib\query.js:4627:80)
    at processTicksAndRejections (node:internal/process/task_queues:105:5)
    at AdminService.getAllFoodies (D:\brototype\Dishcovery\server\src\services\implementation\admin.service.ts:36:23)
    at AdminController.getAllFoodies (D:\brototype\Dishcovery\server\src\controllers\implementation\admin.controller.ts:19:22)
[2025-11-17 11:32:52] [31merror[39m: Error: 	Can't use $option with String.
    at SchemaString.castForQuery (D:\brototype\Dishcovery\server\node_modules\mongoose\lib\schema\string.js:691:13)
    at cast (D:\brototype\Dishcovery\server\node_modules\mongoose\lib\cast.js:367:39)
    at cast (D:\brototype\Dishcovery\server\node_modules\mongoose\lib\cast.js:76:20)
    at model.Query.Query.cast (D:\brototype\Dishcovery\server\node_modules\mongoose\lib\query.js:5060:12)
    at model.Query.Query._castConditions (D:\brototype\Dishcovery\server\node_modules\mongoose\lib\query.js:2374:10)
    at model.Query._find (D:\brototype\Dishcovery\server\node_modules\mongoose\lib\query.js:2401:8)
    at model.Query.exec (D:\brototype\Dishcovery\server\node_modules\mongoose\lib\query.js:4627:80)
    at processTicksAndRejections (node:internal/process/task_queues:105:5)
    at AdminService.getAllFoodies (D:\brototype\Dishcovery\server\src\services\implementation\admin.service.ts:36:23)
    at AdminController.getAllFoodies (D:\brototype\Dishcovery\server\src\controllers\implementation\admin.controller.ts:19:22)
[2025-11-17 11:32:52] [31merror[39m: Error: 	Can't use $option with String.
    at SchemaString.castForQuery (D:\brototype\Dishcovery\server\node_modules\mongoose\lib\schema\string.js:691:13)
    at cast (D:\brototype\Dishcovery\server\node_modules\mongoose\lib\cast.js:367:39)
    at cast (D:\brototype\Dishcovery\server\node_modules\mongoose\lib\cast.js:76:20)
    at model.Query.Query.cast (D:\brototype\Dishcovery\server\node_modules\mongoose\lib\query.js:5060:12)
    at model.Query.Query._castConditions (D:\brototype\Dishcovery\server\node_modules\mongoose\lib\query.js:2374:10)
    at model.Query._find (D:\brototype\Dishcovery\server\node_modules\mongoose\lib\query.js:2401:8)
    at model.Query.exec (D:\brototype\Dishcovery\server\node_modules\mongoose\lib\query.js:4627:80)
    at processTicksAndRejections (node:internal/process/task_queues:105:5)
    at AdminService.getAllFoodies (D:\brototype\Dishcovery\server\src\services\implementation\admin.service.ts:36:23)
    at AdminController.getAllFoodies (D:\brototype\Dishcovery\server\src\controllers\implementation\admin.controller.ts:19:22)
[2025-11-17 14:28:40] [31merror[39m: TypeError: Cannot read properties of undefined (reading 'headers')
    at verifyAccess (D:\brototype\Dishcovery\server\src\middlewares\verifyAccess.ts:11:26)
    at Object.<anonymous> (D:\brototype\Dishcovery\server\src\routes\foodie.routes.ts:9:44)
    at Module.<anonymous> (node:internal/modules/cjs/loader:1546:14)
    at Module._compile (D:\brototype\Dishcovery\server\node_modules\source-map-support\source-map-support.js:568:25)
    at Module.m._compile (C:\Users\JALVAJ~1\AppData\Local\Temp\ts-node-dev-hook-6512332243104819.js:69:33)
    at node:internal/modules/cjs/loader:1689:10
    at require.extensions..jsx.require.extensions..js (C:\Users\JALVAJ~1\AppData\Local\Temp\ts-node-dev-hook-6512332243104819.js:114:20)
    at require.extensions.<computed> (C:\Users\JALVAJ~1\AppData\Local\Temp\ts-node-dev-hook-6512332243104819.js:71:20)
    at Object.nodeDevHook [as .ts] (D:\brototype\Dishcovery\server\node_modules\ts-node-dev\lib\hook.js:63:13)
    at Module.load (node:internal/modules/cjs/loader:1318:32)
[2025-11-17 15:56:09] [31merror[39m: Error: Invalid email or password
    at AuthService.loginUser (D:\brototype\Dishcovery\server\src\services\implementation\auth.service.ts:63:26)
    at processTicksAndRejections (node:internal/process/task_queues:105:5)
    at AuthController.login (D:\brototype\Dishcovery\server\src\controllers\implementation\auth.controller.ts:30:57)
[2025-11-17 15:56:10] [31merror[39m: Error: Invalid email or password
    at AuthService.loginUser (D:\brototype\Dishcovery\server\src\services\implementation\auth.service.ts:63:26)
    at processTicksAndRejections (node:internal/process/task_queues:105:5)
    at AuthController.login (D:\brototype\Dishcovery\server\src\controllers\implementation\auth.controller.ts:30:57)
[2025-11-17 15:56:14] [31merror[39m: Error: Invalid email or password
    at AuthService.loginUser (D:\brototype\Dishcovery\server\src\services\implementation\auth.service.ts:63:26)
    at processTicksAndRejections (node:internal/process/task_queues:105:5)
    at AuthController.login (D:\brototype\Dishcovery\server\src\controllers\implementation\auth.controller.ts:30:57)
[2025-11-17 15:56:17] [31merror[39m: Error: Invalid email or password
    at AuthService.loginUser (D:\brototype\Dishcovery\server\src\services\implementation\auth.service.ts:63:26)
    at processTicksAndRejections (node:internal/process/task_queues:105:5)
    at AuthController.login (D:\brototype\Dishcovery\server\src\controllers\implementation\auth.controller.ts:30:57)
[2025-11-17 15:56:18] [31merror[39m: Error: Invalid email or password
    at AuthService.loginUser (D:\brototype\Dishcovery\server\src\services\implementation\auth.service.ts:63:26)
    at processTicksAndRejections (node:internal/process/task_queues:105:5)
    at AuthController.login (D:\brototype\Dishcovery\server\src\controllers\implementation\auth.controller.ts:30:57)
[2025-11-17 15:56:23] [31merror[39m: Error: Invalid email or password
    at AuthService.loginUser (D:\brototype\Dishcovery\server\src\services\implementation\auth.service.ts:63:26)
    at processTicksAndRejections (node:internal/process/task_queues:105:5)
    at AuthController.login (D:\brototype\Dishcovery\server\src\controllers\implementation\auth.controller.ts:30:57)
[2025-11-17 15:57:01] [31merror[39m: ZodError: [
  {
    "origin": "string",
    "code": "invalid_format",
    "format": "email",
    "pattern": "/^(?!\\.)(?!.*\\.\\.)([A-Za-z0-9_'+\\-\\.]*)[A-Za-z0-9_+-]@([A-Za-z0-9][A-Za-z0-9\\-]*\\.)+[A-Za-z]{2,}$/",
    "path": [
      "email"
    ],
    "message": "Invalid email address"
  }
]
    at AuthController.login (D:\brototype\Dishcovery\server\src\controllers\implementation\auth.controller.ts:29:43)
    at Layer.handleRequest (D:\brototype\Dishcovery\server\node_modules\router\lib\layer.js:152:17)
    at next (D:\brototype\Dishcovery\server\node_modules\router\lib\route.js:157:13)
    at Route.dispatch (D:\brototype\Dishcovery\server\node_modules\router\lib\route.js:117:3)
    at handle (D:\brototype\Dishcovery\server\node_modules\router\index.js:435:11)
    at Layer.handleRequest (D:\brototype\Dishcovery\server\node_modules\router\lib\layer.js:152:17)
    at D:\brototype\Dishcovery\server\node_modules\router\index.js:295:15
    at processParams (D:\brototype\Dishcovery\server\node_modules\router\index.js:582:12)
    at next (D:\brototype\Dishcovery\server\node_modules\router\index.js:291:5)
    at Function.handle (D:\brototype\Dishcovery\server\node_modules\router\index.js:186:3)
[2025-11-17 15:57:02] [31merror[39m: ZodError: [
  {
    "origin": "string",
    "code": "invalid_format",
    "format": "email",
    "pattern": "/^(?!\\.)(?!.*\\.\\.)([A-Za-z0-9_'+\\-\\.]*)[A-Za-z0-9_+-]@([A-Za-z0-9][A-Za-z0-9\\-]*\\.)+[A-Za-z]{2,}$/",
    "path": [
      "email"
    ],
    "message": "Invalid email address"
  }
]
    at AuthController.login (D:\brototype\Dishcovery\server\src\controllers\implementation\auth.controller.ts:29:43)
    at Layer.handleRequest (D:\brototype\Dishcovery\server\node_modules\router\lib\layer.js:152:17)
    at next (D:\brototype\Dishcovery\server\node_modules\router\lib\route.js:157:13)
    at Route.dispatch (D:\brototype\Dishcovery\server\node_modules\router\lib\route.js:117:3)
    at handle (D:\brototype\Dishcovery\server\node_modules\router\index.js:435:11)
    at Layer.handleRequest (D:\brototype\Dishcovery\server\node_modules\router\lib\layer.js:152:17)
    at D:\brototype\Dishcovery\server\node_modules\router\index.js:295:15
    at processParams (D:\brototype\Dishcovery\server\node_modules\router\index.js:582:12)
    at next (D:\brototype\Dishcovery\server\node_modules\router\index.js:291:5)
    at Function.handle (D:\brototype\Dishcovery\server\node_modules\router\index.js:186:3)
[2025-11-17 15:58:05] [31merror[39m: ZodError: [
  {
    "origin": "string",
    "code": "invalid_format",
    "format": "email",
    "pattern": "/^(?!\\.)(?!.*\\.\\.)([A-Za-z0-9_'+\\-\\.]*)[A-Za-z0-9_+-]@([A-Za-z0-9][A-Za-z0-9\\-]*\\.)+[A-Za-z]{2,}$/",
    "path": [
      "email"
    ],
    "message": "Invalid email address"
  }
]
    at AuthController.login (D:\brototype\Dishcovery\server\src\controllers\implementation\auth.controller.ts:29:43)
    at Layer.handleRequest (D:\brototype\Dishcovery\server\node_modules\router\lib\layer.js:152:17)
    at next (D:\brototype\Dishcovery\server\node_modules\router\lib\route.js:157:13)
    at Route.dispatch (D:\brototype\Dishcovery\server\node_modules\router\lib\route.js:117:3)
    at handle (D:\brototype\Dishcovery\server\node_modules\router\index.js:435:11)
    at Layer.handleRequest (D:\brototype\Dishcovery\server\node_modules\router\lib\layer.js:152:17)
    at D:\brototype\Dishcovery\server\node_modules\router\index.js:295:15
    at processParams (D:\brototype\Dishcovery\server\node_modules\router\index.js:582:12)
    at next (D:\brototype\Dishcovery\server\node_modules\router\index.js:291:5)
    at Function.handle (D:\brototype\Dishcovery\server\node_modules\router\index.js:186:3)
[2025-11-17 15:58:06] [31merror[39m: ZodError: [
  {
    "origin": "string",
    "code": "invalid_format",
    "format": "email",
    "pattern": "/^(?!\\.)(?!.*\\.\\.)([A-Za-z0-9_'+\\-\\.]*)[A-Za-z0-9_+-]@([A-Za-z0-9][A-Za-z0-9\\-]*\\.)+[A-Za-z]{2,}$/",
    "path": [
      "email"
    ],
    "message": "Invalid email address"
  }
]
    at AuthController.login (D:\brototype\Dishcovery\server\src\controllers\implementation\auth.controller.ts:29:43)
    at Layer.handleRequest (D:\brototype\Dishcovery\server\node_modules\router\lib\layer.js:152:17)
    at next (D:\brototype\Dishcovery\server\node_modules\router\lib\route.js:157:13)
    at Route.dispatch (D:\brototype\Dishcovery\server\node_modules\router\lib\route.js:117:3)
    at handle (D:\brototype\Dishcovery\server\node_modules\router\index.js:435:11)
    at Layer.handleRequest (D:\brototype\Dishcovery\server\node_modules\router\lib\layer.js:152:17)
    at D:\brototype\Dishcovery\server\node_modules\router\index.js:295:15
    at processParams (D:\brototype\Dishcovery\server\node_modules\router\index.js:582:12)
    at next (D:\brototype\Dishcovery\server\node_modules\router\index.js:291:5)
    at Function.handle (D:\brototype\Dishcovery\server\node_modules\router\index.js:186:3)
[2025-11-17 16:26:26] [31merror[39m: ZodError: [
  {
    "origin": "string",
    "code": "invalid_format",
    "format": "email",
    "pattern": "/^(?!\\.)(?!.*\\.\\.)([A-Za-z0-9_'+\\-\\.]*)[A-Za-z0-9_+-]@([A-Za-z0-9][A-Za-z0-9\\-]*\\.)+[A-Za-z]{2,}$/",
    "path": [
      "email"
    ],
    "message": "Invalid email address"
  }
]
    at AuthController.login (D:\brototype\Dishcovery\server\src\controllers\implementation\auth.controller.ts:29:43)
    at Layer.handleRequest (D:\brototype\Dishcovery\server\node_modules\router\lib\layer.js:152:17)
    at next (D:\brototype\Dishcovery\server\node_modules\router\lib\route.js:157:13)
    at Route.dispatch (D:\brototype\Dishcovery\server\node_modules\router\lib\route.js:117:3)
    at handle (D:\brototype\Dishcovery\server\node_modules\router\index.js:435:11)
    at Layer.handleRequest (D:\brototype\Dishcovery\server\node_modules\router\lib\layer.js:152:17)
    at D:\brototype\Dishcovery\server\node_modules\router\index.js:295:15
    at processParams (D:\brototype\Dishcovery\server\node_modules\router\index.js:582:12)
    at next (D:\brototype\Dishcovery\server\node_modules\router\index.js:291:5)
    at Function.handle (D:\brototype\Dishcovery\server\node_modules\router\index.js:186:3)
[2025-11-17 16:29:53] [31merror[39m: 	refreshtoken failed
[2025-11-17 16:29:53] [31merror[39m: Error: 	refresh token creation failed
    at AuthService.refreshToken (D:\brototype\Dishcovery\server\src\services\implementation\auth.service.ts:170:19)
    at processTicksAndRejections (node:internal/process/task_queues:105:5)
    at AuthController.refreshToken (D:\brototype\Dishcovery\server\src\controllers\implementation\auth.controller.ts:99:28)
[2025-11-17 16:32:20] [31merror[39m: 	refreshtoken failed
[2025-11-17 16:32:20] [31merror[39m: Error: 	refresh token creation failed
    at AuthService.refreshToken (D:\brototype\Dishcovery\server\src\services\implementation\auth.service.ts:171:19)
    at processTicksAndRejections (node:internal/process/task_queues:105:5)
    at AuthController.refreshToken (D:\brototype\Dishcovery\server\src\controllers\implementation\auth.controller.ts:99:28)
[2025-11-17 16:33:56] [31merror[39m: 	refreshtoken failed
[2025-11-17 16:33:56] [31merror[39m: Error: 	refresh token creation failed
    at AuthService.refreshToken (D:\brototype\Dishcovery\server\src\services\implementation\auth.service.ts:171:19)
    at processTicksAndRejections (node:internal/process/task_queues:105:5)
    at AuthController.refreshToken (D:\brototype\Dishcovery\server\src\controllers\implementation\auth.controller.ts:99:28)
[2025-11-17 16:35:59] [31merror[39m: 	refreshtoken failed
[2025-11-17 16:35:59] [31merror[39m: Error: 	refresh token creation failed
    at AuthService.refreshToken (D:\brototype\Dishcovery\server\src\services\implementation\auth.service.ts:173:19)
    at processTicksAndRejections (node:internal/process/task_queues:105:5)
    at AuthController.refreshToken (D:\brototype\Dishcovery\server\src\controllers\implementation\auth.controller.ts:99:28)
[2025-11-17 16:36:40] [31merror[39m: 	refreshtoken failed
[2025-11-17 16:36:40] [31merror[39m: Error: 	refresh token creation failed
    at AuthService.refreshToken (D:\brototype\Dishcovery\server\src\services\implementation\auth.service.ts:173:19)
    at processTicksAndRejections (node:internal/process/task_queues:105:5)
    at AuthController.refreshToken (D:\brototype\Dishcovery\server\src\controllers\implementation\auth.controller.ts:99:28)
[2025-11-17 17:19:18] [31merror[39m: 	refreshtoken failed
[2025-11-17 17:19:18] [31merror[39m: Error: 	refresh token creation failed
    at AuthService.refreshToken (D:\brototype\Dishcovery\server\src\services\implementation\auth.service.ts:174:19)
    at AuthController.refreshToken (D:\brototype\Dishcovery\server\src\controllers\implementation\auth.controller.ts:99:28)
[2025-11-17 17:21:37] [31merror[39m: 	refreshtoken failed
[2025-11-17 17:21:37] [31merror[39m: Error: 	refresh token creation failed
    at AuthService.refreshToken (D:\brototype\Dishcovery\server\src\services\implementation\auth.service.ts:174:19)
    at AuthController.refreshToken (D:\brototype\Dishcovery\server\src\controllers\implementation\auth.controller.ts:99:28)
[2025-11-17 17:23:39] [31merror[39m: 	refreshtoken failed
[2025-11-17 17:23:39] [31merror[39m: Error: 	refresh token creation failed
    at AuthService.refreshToken (D:\brototype\Dishcovery\server\src\services\implementation\auth.service.ts:174:19)
    at AuthController.refreshToken (D:\brototype\Dishcovery\server\src\controllers\implementation\auth.controller.ts:99:28)
[2025-11-17 17:28:36] [31merror[39m: 	refreshtoken failed
[2025-11-17 17:28:36] [31merror[39m: Error: 	refresh token creation failed
    at AuthService.refreshToken (D:\brototype\Dishcovery\server\src\services\implementation\auth.service.ts:174:19)
    at AuthController.refreshToken (D:\brototype\Dishcovery\server\src\controllers\implementation\auth.controller.ts:99:28)
[2025-11-17 17:39:45] [31merror[39m: 	no lookup found!
[2025-11-17 17:54:13] [31merror[39m: Error: 	Cannot set headers after they are sent to the client
    at ServerResponse.setHeader (node:_http_outgoing:699:11)
    at ServerResponse.header (D:\brototype\Dishcovery\server\node_modules\express\lib\response.js:684:10)
    at ServerResponse.send (D:\brototype\Dishcovery\server\node_modules\express\lib\response.js:161:12)
    at ServerResponse.json (D:\brototype\Dishcovery\server\node_modules\express\lib\response.js:250:15)
    at verifyAccess (D:\brototype\Dishcovery\server\src\middlewares\verifyAccess.ts:49:32)
    at processTicksAndRejections (node:internal/process/task_queues:105:5)
[2025-11-17 18:32:19] [31merror[39m: Error: 	no user found
    at AuthService.forgetPass (D:\brototype\Dishcovery\server\src\services\implementation\auth.service.ts:113:19)
    at processTicksAndRejections (node:internal/process/task_queues:105:5)
    at AuthController.forgetPass (D:\brototype\Dishcovery\server\src\controllers\implementation\auth.controller.ts:65:28)
[2025-11-17 19:02:02] [31merror[39m: Error: 	no user found
    at AuthService.forgetPass (D:\brototype\Dishcovery\server\src\services\implementation\auth.service.ts:114:19)
    at processTicksAndRejections (node:internal/process/task_queues:105:5)
    at AuthController.forgetPass (D:\brototype\Dishcovery\server\src\controllers\implementation\auth.controller.ts:65:28)
[2025-11-17 19:03:17] [31merror[39m: Error: 	no user found
    at AuthService.forgetPass (D:\brototype\Dishcovery\server\src\services\implementation\auth.service.ts:115:19)
    at processTicksAndRejections (node:internal/process/task_queues:105:5)
    at AuthController.forgetPass (D:\brototype\Dishcovery\server\src\controllers\implementation\auth.controller.ts:65:28)
[2025-11-17 19:07:04] [31merror[39m: Error: 	no user found
    at AuthService.forgetPass (D:\brototype\Dishcovery\server\src\services\implementation\auth.service.ts:115:19)
    at processTicksAndRejections (node:internal/process/task_queues:105:5)
    at AuthController.forgetPass (D:\brototype\Dishcovery\server\src\controllers\implementation\auth.controller.ts:65:28)
[2025-11-17 19:12:36] [31merror[39m: Error: 	no user found
    at AuthService.forgetPass (D:\brototype\Dishcovery\server\src\services\implementation\auth.service.ts:115:19)
    at processTicksAndRejections (node:internal/process/task_queues:105:5)
    at AuthController.forgetPass (D:\brototype\Dishcovery\server\src\controllers\implementation\auth.controller.ts:65:28)
[2025-11-17 19:13:38] [31merror[39m: Error: 	no user found
    at AuthService.forgetPass (D:\brototype\Dishcovery\server\src\services\implementation\auth.service.ts:115:19)
    at processTicksAndRejections (node:internal/process/task_queues:105:5)
    at AuthController.forgetPass (D:\brototype\Dishcovery\server\src\controllers\implementation\auth.controller.ts:65:28)
[2025-11-17 19:14:54] [31merror[39m: Error: 	no user found
    at AuthService.forgetPass (D:\brototype\Dishcovery\server\src\services\implementation\auth.service.ts:115:19)
    at processTicksAndRejections (node:internal/process/task_queues:105:5)
    at AuthController.forgetPass (D:\brototype\Dishcovery\server\src\controllers\implementation\auth.controller.ts:65:28)
[2025-11-17 21:10:04] [31merror[39m: ZodError: [
  {
    "origin": "string",
    "code": "invalid_format",
    "format": "email",
    "pattern": "/^(?!\\.)(?!.*\\.\\.)([A-Za-z0-9_'+\\-\\.]*)[A-Za-z0-9_+-]@([A-Za-z0-9][A-Za-z0-9\\-]*\\.)+[A-Za-z]{2,}$/",
    "path": [
      "email"
    ],
    "message": "Invalid email address"
  },
  {
    "origin": "string",
    "code": "too_small",
    "minimum": 8,
    "inclusive": true,
    "path": [
      "password"
    ],
    "message": "Password must be consist atleast 8 characters long"
  }
]
    at AuthController.login (D:\brototype\Dishcovery\server\src\controllers\implementation\auth.controller.ts:29:43)
    at Layer.handleRequest (D:\brototype\Dishcovery\server\node_modules\router\lib\layer.js:152:17)
    at next (D:\brototype\Dishcovery\server\node_modules\router\lib\route.js:157:13)
    at Route.dispatch (D:\brototype\Dishcovery\server\node_modules\router\lib\route.js:117:3)
    at handle (D:\brototype\Dishcovery\server\node_modules\router\index.js:435:11)
    at Layer.handleRequest (D:\brototype\Dishcovery\server\node_modules\router\lib\layer.js:152:17)
    at D:\brototype\Dishcovery\server\node_modules\router\index.js:295:15
    at processParams (D:\brototype\Dishcovery\server\node_modules\router\index.js:582:12)
    at next (D:\brototype\Dishcovery\server\node_modules\router\index.js:291:5)
    at Function.handle (D:\brototype\Dishcovery\server\node_modules\router\index.js:186:3)
[2025-11-17 21:47:44] [31merror[39m: ZodError: 	[
  {
    "origin": "string",
    "code": "invalid_format",
    "format": "email",
    "pattern": "/^(?!\\.)(?!.*\\.\\.)([A-Za-z0-9_'+\\-\\.]*)[A-Za-z0-9_+-]@([A-Za-z0-9][A-Za-z0-9\\-]*\\.)+[A-Za-z]{2,}$/",
    "path": [
      "email"
    ],
    "message": "Invalid email address"
  },
  {
    "origin": "string",
    "code": "too_small",
    "minimum": 8,
    "inclusive": true,
    "path": [
      "password"
    ],
    "message": "Password must be consist atleast 8 characters long"
  }
]
    at AuthController.login (D:\brototype\Dishcovery\server\src\controllers\implementation\auth.controller.ts:28:43)
    at Layer.handleRequest (D:\brototype\Dishcovery\server\node_modules\router\lib\layer.js:152:17)
    at next (D:\brototype\Dishcovery\server\node_modules\router\lib\route.js:157:13)
    at Route.dispatch (D:\brototype\Dishcovery\server\node_modules\router\lib\route.js:117:3)
    at handle (D:\brototype\Dishcovery\server\node_modules\router\index.js:435:11)
    at Layer.handleRequest (D:\brototype\Dishcovery\server\node_modules\router\lib\layer.js:152:17)
    at D:\brototype\Dishcovery\server\node_modules\router\index.js:295:15
    at processParams (D:\brototype\Dishcovery\server\node_modules\router\index.js:582:12)
    at next (D:\brototype\Dishcovery\server\node_modules\router\index.js:291:5)
    at Function.handle (D:\brototype\Dishcovery\server\node_modules\router\index.js:186:3)
[2025-11-17 21:47:49] [31merror[39m: ZodError: 	[
  {
    "origin": "string",
    "code": "invalid_format",
    "format": "email",
    "pattern": "/^(?!\\.)(?!.*\\.\\.)([A-Za-z0-9_'+\\-\\.]*)[A-Za-z0-9_+-]@([A-Za-z0-9][A-Za-z0-9\\-]*\\.)+[A-Za-z]{2,}$/",
    "path": [
      "email"
    ],
    "message": "Invalid email address"
  },
  {
    "origin": "string",
    "code": "too_small",
    "minimum": 8,
    "inclusive": true,
    "path": [
      "password"
    ],
    "message": "Password must be consist atleast 8 characters long"
  }
]
    at AuthController.login (D:\brototype\Dishcovery\server\src\controllers\implementation\auth.controller.ts:28:43)
    at Layer.handleRequest (D:\brototype\Dishcovery\server\node_modules\router\lib\layer.js:152:17)
    at next (D:\brototype\Dishcovery\server\node_modules\router\lib\route.js:157:13)
    at Route.dispatch (D:\brototype\Dishcovery\server\node_modules\router\lib\route.js:117:3)
    at handle (D:\brototype\Dishcovery\server\node_modules\router\index.js:435:11)
    at Layer.handleRequest (D:\brototype\Dishcovery\server\node_modules\router\lib\layer.js:152:17)
    at D:\brototype\Dishcovery\server\node_modules\router\index.js:295:15
    at processParams (D:\brototype\Dishcovery\server\node_modules\router\index.js:582:12)
    at next (D:\brototype\Dishcovery\server\node_modules\router\index.js:291:5)
    at Function.handle (D:\brototype\Dishcovery\server\node_modules\router\index.js:186:3)
[2025-11-17 21:48:09] [31merror[39m: ZodError: 	[
  {
    "origin": "string",
    "code": "invalid_format",
    "format": "email",
    "pattern": "/^(?!\\.)(?!.*\\.\\.)([A-Za-z0-9_'+\\-\\.]*)[A-Za-z0-9_+-]@([A-Za-z0-9][A-Za-z0-9\\-]*\\.)+[A-Za-z]{2,}$/",
    "path": [
      "email"
    ],
    "message": "Invalid email address"
  },
  {
    "origin": "string",
    "code": "too_small",
    "minimum": 8,
    "inclusive": true,
    "path": [
      "password"
    ],
    "message": "Password must be consist atleast 8 characters long"
  }
]
    at AuthController.login (D:\brototype\Dishcovery\server\src\controllers\implementation\auth.controller.ts:28:43)
    at Layer.handleRequest (D:\brototype\Dishcovery\server\node_modules\router\lib\layer.js:152:17)
    at next (D:\brototype\Dishcovery\server\node_modules\router\lib\route.js:157:13)
    at Route.dispatch (D:\brototype\Dishcovery\server\node_modules\router\lib\route.js:117:3)
    at handle (D:\brototype\Dishcovery\server\node_modules\router\index.js:435:11)
    at Layer.handleRequest (D:\brototype\Dishcovery\server\node_modules\router\lib\layer.js:152:17)
    at D:\brototype\Dishcovery\server\node_modules\router\index.js:295:15
    at processParams (D:\brototype\Dishcovery\server\node_modules\router\index.js:582:12)
    at next (D:\brototype\Dishcovery\server\node_modules\router\index.js:291:5)
    at Function.handle (D:\brototype\Dishcovery\server\node_modules\router\index.js:186:3)
[2025-11-17 21:48:51] [31merror[39m: ZodError: 	[
  {
    "origin": "string",
    "code": "invalid_format",
    "format": "email",
    "pattern": "/^(?!\\.)(?!.*\\.\\.)([A-Za-z0-9_'+\\-\\.]*)[A-Za-z0-9_+-]@([A-Za-z0-9][A-Za-z0-9\\-]*\\.)+[A-Za-z]{2,}$/",
    "path": [
      "email"
    ],
    "message": "Invalid email address"
  },
  {
    "origin": "string",
    "code": "too_small",
    "minimum": 8,
    "inclusive": true,
    "path": [
      "password"
    ],
    "message": "Password must be consist atleast 8 characters long"
  }
]
    at AuthController.login (D:\brototype\Dishcovery\server\src\controllers\implementation\auth.controller.ts:28:43)
    at Layer.handleRequest (D:\brototype\Dishcovery\server\node_modules\router\lib\layer.js:152:17)
    at next (D:\brototype\Dishcovery\server\node_modules\router\lib\route.js:157:13)
    at Route.dispatch (D:\brototype\Dishcovery\server\node_modules\router\lib\route.js:117:3)
    at handle (D:\brototype\Dishcovery\server\node_modules\router\index.js:435:11)
    at Layer.handleRequest (D:\brototype\Dishcovery\server\node_modules\router\lib\layer.js:152:17)
    at D:\brototype\Dishcovery\server\node_modules\router\index.js:295:15
    at processParams (D:\brototype\Dishcovery\server\node_modules\router\index.js:582:12)
    at next (D:\brototype\Dishcovery\server\node_modules\router\index.js:291:5)
    at Function.handle (D:\brototype\Dishcovery\server\node_modules\router\index.js:186:3)
[2025-11-17 21:48:55] [31merror[39m: ZodError: 	[
  {
    "origin": "string",
    "code": "invalid_format",
    "format": "email",
    "pattern": "/^(?!\\.)(?!.*\\.\\.)([A-Za-z0-9_'+\\-\\.]*)[A-Za-z0-9_+-]@([A-Za-z0-9][A-Za-z0-9\\-]*\\.)+[A-Za-z]{2,}$/",
    "path": [
      "email"
    ],
    "message": "Invalid email address"
  },
  {
    "origin": "string",
    "code": "too_small",
    "minimum": 8,
    "inclusive": true,
    "path": [
      "password"
    ],
    "message": "Password must be consist atleast 8 characters long"
  }
]
    at AuthController.login (D:\brototype\Dishcovery\server\src\controllers\implementation\auth.controller.ts:28:43)
    at Layer.handleRequest (D:\brototype\Dishcovery\server\node_modules\router\lib\layer.js:152:17)
    at next (D:\brototype\Dishcovery\server\node_modules\router\lib\route.js:157:13)
    at Route.dispatch (D:\brototype\Dishcovery\server\node_modules\router\lib\route.js:117:3)
    at handle (D:\brototype\Dishcovery\server\node_modules\router\index.js:435:11)
    at Layer.handleRequest (D:\brototype\Dishcovery\server\node_modules\router\lib\layer.js:152:17)
    at D:\brototype\Dishcovery\server\node_modules\router\index.js:295:15
    at processParams (D:\brototype\Dishcovery\server\node_modules\router\index.js:582:12)
    at next (D:\brototype\Dishcovery\server\node_modules\router\index.js:291:5)
    at Function.handle (D:\brototype\Dishcovery\server\node_modules\router\index.js:186:3)
[2025-11-17 21:48:58] [31merror[39m: ZodError: 	[
  {
    "origin": "string",
    "code": "invalid_format",
    "format": "email",
    "pattern": "/^(?!\\.)(?!.*\\.\\.)([A-Za-z0-9_'+\\-\\.]*)[A-Za-z0-9_+-]@([A-Za-z0-9][A-Za-z0-9\\-]*\\.)+[A-Za-z]{2,}$/",
    "path": [
      "email"
    ],
    "message": "Invalid email address"
  },
  {
    "origin": "string",
    "code": "too_small",
    "minimum": 8,
    "inclusive": true,
    "path": [
      "password"
    ],
    "message": "Password must be consist atleast 8 characters long"
  }
]
    at AuthController.login (D:\brototype\Dishcovery\server\src\controllers\implementation\auth.controller.ts:28:43)
    at Layer.handleRequest (D:\brototype\Dishcovery\server\node_modules\router\lib\layer.js:152:17)
    at next (D:\brototype\Dishcovery\server\node_modules\router\lib\route.js:157:13)
    at Route.dispatch (D:\brototype\Dishcovery\server\node_modules\router\lib\route.js:117:3)
    at handle (D:\brototype\Dishcovery\server\node_modules\router\index.js:435:11)
    at Layer.handleRequest (D:\brototype\Dishcovery\server\node_modules\router\lib\layer.js:152:17)
    at D:\brototype\Dishcovery\server\node_modules\router\index.js:295:15
    at processParams (D:\brototype\Dishcovery\server\node_modules\router\index.js:582:12)
    at next (D:\brototype\Dishcovery\server\node_modules\router\index.js:291:5)
    at Function.handle (D:\brototype\Dishcovery\server\node_modules\router\index.js:186:3)
[2025-11-17 21:49:04] [31merror[39m: ZodError: 	[
  {
    "origin": "string",
    "code": "invalid_format",
    "format": "email",
    "pattern": "/^(?!\\.)(?!.*\\.\\.)([A-Za-z0-9_'+\\-\\.]*)[A-Za-z0-9_+-]@([A-Za-z0-9][A-Za-z0-9\\-]*\\.)+[A-Za-z]{2,}$/",
    "path": [
      "email"
    ],
    "message": "Invalid email address"
  },
  {
    "origin": "string",
    "code": "too_small",
    "minimum": 8,
    "inclusive": true,
    "path": [
      "password"
    ],
    "message": "Password must be consist atleast 8 characters long"
  }
]
    at AuthController.login (D:\brototype\Dishcovery\server\src\controllers\implementation\auth.controller.ts:28:43)
    at Layer.handleRequest (D:\brototype\Dishcovery\server\node_modules\router\lib\layer.js:152:17)
    at next (D:\brototype\Dishcovery\server\node_modules\router\lib\route.js:157:13)
    at Route.dispatch (D:\brototype\Dishcovery\server\node_modules\router\lib\route.js:117:3)
    at handle (D:\brototype\Dishcovery\server\node_modules\router\index.js:435:11)
    at Layer.handleRequest (D:\brototype\Dishcovery\server\node_modules\router\lib\layer.js:152:17)
    at D:\brototype\Dishcovery\server\node_modules\router\index.js:295:15
    at processParams (D:\brototype\Dishcovery\server\node_modules\router\index.js:582:12)
    at next (D:\brototype\Dishcovery\server\node_modules\router\index.js:291:5)
    at Function.handle (D:\brototype\Dishcovery\server\node_modules\router\index.js:186:3)
[2025-11-17 21:49:07] [31merror[39m: ZodError: 	[
  {
    "origin": "string",
    "code": "invalid_format",
    "format": "email",
    "pattern": "/^(?!\\.)(?!.*\\.\\.)([A-Za-z0-9_'+\\-\\.]*)[A-Za-z0-9_+-]@([A-Za-z0-9][A-Za-z0-9\\-]*\\.)+[A-Za-z]{2,}$/",
    "path": [
      "email"
    ],
    "message": "Invalid email address"
  },
  {
    "origin": "string",
    "code": "too_small",
    "minimum": 8,
    "inclusive": true,
    "path": [
      "password"
    ],
    "message": "Password must be consist atleast 8 characters long"
  }
]
    at AuthController.login (D:\brototype\Dishcovery\server\src\controllers\implementation\auth.controller.ts:28:43)
    at Layer.handleRequest (D:\brototype\Dishcovery\server\node_modules\router\lib\layer.js:152:17)
    at next (D:\brototype\Dishcovery\server\node_modules\router\lib\route.js:157:13)
    at Route.dispatch (D:\brototype\Dishcovery\server\node_modules\router\lib\route.js:117:3)
    at handle (D:\brototype\Dishcovery\server\node_modules\router\index.js:435:11)
    at Layer.handleRequest (D:\brototype\Dishcovery\server\node_modules\router\lib\layer.js:152:17)
    at D:\brototype\Dishcovery\server\node_modules\router\index.js:295:15
    at processParams (D:\brototype\Dishcovery\server\node_modules\router\index.js:582:12)
    at next (D:\brototype\Dishcovery\server\node_modules\router\index.js:291:5)
    at Function.handle (D:\brototype\Dishcovery\server\node_modules\router\index.js:186:3)
[2025-11-17 21:49:09] [31merror[39m: ZodError: 	[
  {
    "origin": "string",
    "code": "invalid_format",
    "format": "email",
    "pattern": "/^(?!\\.)(?!.*\\.\\.)([A-Za-z0-9_'+\\-\\.]*)[A-Za-z0-9_+-]@([A-Za-z0-9][A-Za-z0-9\\-]*\\.)+[A-Za-z]{2,}$/",
    "path": [
      "email"
    ],
    "message": "Invalid email address"
  },
  {
    "origin": "string",
    "code": "too_small",
    "minimum": 8,
    "inclusive": true,
    "path": [
      "password"
    ],
    "message": "Password must be consist atleast 8 characters long"
  }
]
    at AuthController.login (D:\brototype\Dishcovery\server\src\controllers\implementation\auth.controller.ts:28:43)
    at Layer.handleRequest (D:\brototype\Dishcovery\server\node_modules\router\lib\layer.js:152:17)
    at next (D:\brototype\Dishcovery\server\node_modules\router\lib\route.js:157:13)
    at Route.dispatch (D:\brototype\Dishcovery\server\node_modules\router\lib\route.js:117:3)
    at handle (D:\brototype\Dishcovery\server\node_modules\router\index.js:435:11)
    at Layer.handleRequest (D:\brototype\Dishcovery\server\node_modules\router\lib\layer.js:152:17)
    at D:\brototype\Dishcovery\server\node_modules\router\index.js:295:15
    at processParams (D:\brototype\Dishcovery\server\node_modules\router\index.js:582:12)
    at next (D:\brototype\Dishcovery\server\node_modules\router\index.js:291:5)
    at Function.handle (D:\brototype\Dishcovery\server\node_modules\router\index.js:186:3)
[2025-11-17 21:49:10] [31merror[39m: ZodError: 	[
  {
    "origin": "string",
    "code": "invalid_format",
    "format": "email",
    "pattern": "/^(?!\\.)(?!.*\\.\\.)([A-Za-z0-9_'+\\-\\.]*)[A-Za-z0-9_+-]@([A-Za-z0-9][A-Za-z0-9\\-]*\\.)+[A-Za-z]{2,}$/",
    "path": [
      "email"
    ],
    "message": "Invalid email address"
  },
  {
    "origin": "string",
    "code": "too_small",
    "minimum": 8,
    "inclusive": true,
    "path": [
      "password"
    ],
    "message": "Password must be consist atleast 8 characters long"
  }
]
    at AuthController.login (D:\brototype\Dishcovery\server\src\controllers\implementation\auth.controller.ts:28:43)
    at Layer.handleRequest (D:\brototype\Dishcovery\server\node_modules\router\lib\layer.js:152:17)
    at next (D:\brototype\Dishcovery\server\node_modules\router\lib\route.js:157:13)
    at Route.dispatch (D:\brototype\Dishcovery\server\node_modules\router\lib\route.js:117:3)
    at handle (D:\brototype\Dishcovery\server\node_modules\router\index.js:435:11)
    at Layer.handleRequest (D:\brototype\Dishcovery\server\node_modules\router\lib\layer.js:152:17)
    at D:\brototype\Dishcovery\server\node_modules\router\index.js:295:15
    at processParams (D:\brototype\Dishcovery\server\node_modules\router\index.js:582:12)
    at next (D:\brototype\Dishcovery\server\node_modules\router\index.js:291:5)
    at Function.handle (D:\brototype\Dishcovery\server\node_modules\router\index.js:186:3)
[2025-11-17 21:49:17] [31merror[39m: ZodError: 	[
  {
    "origin": "string",
    "code": "invalid_format",
    "format": "email",
    "pattern": "/^(?!\\.)(?!.*\\.\\.)([A-Za-z0-9_'+\\-\\.]*)[A-Za-z0-9_+-]@([A-Za-z0-9][A-Za-z0-9\\-]*\\.)+[A-Za-z]{2,}$/",
    "path": [
      "email"
    ],
    "message": "Invalid email address"
  },
  {
    "origin": "string",
    "code": "too_small",
    "minimum": 8,
    "inclusive": true,
    "path": [
      "password"
    ],
    "message": "Password must be consist atleast 8 characters long"
  }
]
    at AuthController.login (D:\brototype\Dishcovery\server\src\controllers\implementation\auth.controller.ts:28:43)
    at Layer.handleRequest (D:\brototype\Dishcovery\server\node_modules\router\lib\layer.js:152:17)
    at next (D:\brototype\Dishcovery\server\node_modules\router\lib\route.js:157:13)
    at Route.dispatch (D:\brototype\Dishcovery\server\node_modules\router\lib\route.js:117:3)
    at handle (D:\brototype\Dishcovery\server\node_modules\router\index.js:435:11)
    at Layer.handleRequest (D:\brototype\Dishcovery\server\node_modules\router\lib\layer.js:152:17)
    at D:\brototype\Dishcovery\server\node_modules\router\index.js:295:15
    at processParams (D:\brototype\Dishcovery\server\node_modules\router\index.js:582:12)
    at next (D:\brototype\Dishcovery\server\node_modules\router\index.js:291:5)
    at Function.handle (D:\brototype\Dishcovery\server\node_modules\router\index.js:186:3)
[2025-11-17 21:49:19] [31merror[39m: ZodError: 	[
  {
    "origin": "string",
    "code": "invalid_format",
    "format": "email",
    "pattern": "/^(?!\\.)(?!.*\\.\\.)([A-Za-z0-9_'+\\-\\.]*)[A-Za-z0-9_+-]@([A-Za-z0-9][A-Za-z0-9\\-]*\\.)+[A-Za-z]{2,}$/",
    "path": [
      "email"
    ],
    "message": "Invalid email address"
  },
  {
    "origin": "string",
    "code": "too_small",
    "minimum": 8,
    "inclusive": true,
    "path": [
      "password"
    ],
    "message": "Password must be consist atleast 8 characters long"
  }
]
    at AuthController.login (D:\brototype\Dishcovery\server\src\controllers\implementation\auth.controller.ts:28:43)
    at Layer.handleRequest (D:\brototype\Dishcovery\server\node_modules\router\lib\layer.js:152:17)
    at next (D:\brototype\Dishcovery\server\node_modules\router\lib\route.js:157:13)
    at Route.dispatch (D:\brototype\Dishcovery\server\node_modules\router\lib\route.js:117:3)
    at handle (D:\brototype\Dishcovery\server\node_modules\router\index.js:435:11)
    at Layer.handleRequest (D:\brototype\Dishcovery\server\node_modules\router\lib\layer.js:152:17)
    at D:\brototype\Dishcovery\server\node_modules\router\index.js:295:15
    at processParams (D:\brototype\Dishcovery\server\node_modules\router\index.js:582:12)
    at next (D:\brototype\Dishcovery\server\node_modules\router\index.js:291:5)
    at Function.handle (D:\brototype\Dishcovery\server\node_modules\router\index.js:186:3)
[2025-11-17 21:50:23] [31merror[39m: ZodError: 	[
  {
    "origin": "string",
    "code": "invalid_format",
    "format": "email",
    "pattern": "/^(?!\\.)(?!.*\\.\\.)([A-Za-z0-9_'+\\-\\.]*)[A-Za-z0-9_+-]@([A-Za-z0-9][A-Za-z0-9\\-]*\\.)+[A-Za-z]{2,}$/",
    "path": [
      "email"
    ],
    "message": "Invalid email address"
  },
  {
    "origin": "string",
    "code": "too_small",
    "minimum": 8,
    "inclusive": true,
    "path": [
      "password"
    ],
    "message": "Password must be consist atleast 8 characters long"
  }
]
    at AuthController.login (D:\brototype\Dishcovery\server\src\controllers\implementation\auth.controller.ts:28:43)
    at Layer.handleRequest (D:\brototype\Dishcovery\server\node_modules\router\lib\layer.js:152:17)
    at next (D:\brototype\Dishcovery\server\node_modules\router\lib\route.js:157:13)
    at Route.dispatch (D:\brototype\Dishcovery\server\node_modules\router\lib\route.js:117:3)
    at handle (D:\brototype\Dishcovery\server\node_modules\router\index.js:435:11)
    at Layer.handleRequest (D:\brototype\Dishcovery\server\node_modules\router\lib\layer.js:152:17)
    at D:\brototype\Dishcovery\server\node_modules\router\index.js:295:15
    at processParams (D:\brototype\Dishcovery\server\node_modules\router\index.js:582:12)
    at next (D:\brototype\Dishcovery\server\node_modules\router\index.js:291:5)
    at Function.handle (D:\brototype\Dishcovery\server\node_modules\router\index.js:186:3)
[2025-11-17 23:11:20] [31merror[39m: Error: Connection timeout
    at SMTPConnection._formatError (D:\brototype\Dishcovery\server\node_modules\nodemailer\lib\smtp-connection\index.js:809:19)
    at SMTPConnection._onError (D:\brototype\Dishcovery\server\node_modules\nodemailer\lib\smtp-connection\index.js:795:20)
    at Timeout.<anonymous> (D:\brototype\Dishcovery\server\node_modules\nodemailer\lib\smtp-connection\index.js:237:22)
    at listOnTimeout (node:internal/timers:594:17)
    at processTimers (node:internal/timers:529:7)
