[2025-11-07 22:03:38] [31merror[39m: ReferenceError: client is not defined
    at D:\brototype\Dishcovery\server\src\server.ts:23:3
    at Object.<anonymous> (D:\brototype\Dishcovery\server\src\server.ts:24:3)
    at Module.<anonymous> (node:internal/modules/cjs/loader:1546:14)
    at Module._compile (D:\brototype\Dishcovery\server\node_modules\source-map-support\source-map-support.js:568:25)
    at Module.m._compile (C:\Users\JALVAJ~1\AppData\Local\Temp\ts-node-dev-hook-0533008348096895.js:69:33)
    at node:internal/modules/cjs/loader:1689:10
    at require.extensions..jsx.require.extensions..js (C:\Users\JALVAJ~1\AppData\Local\Temp\ts-node-dev-hook-0533008348096895.js:114:20)
    at require.extensions.<computed> (C:\Users\JALVAJ~1\AppData\Local\Temp\ts-node-dev-hook-0533008348096895.js:71:20)
    at Object.nodeDevHook [as .ts] (D:\brototype\Dishcovery\server\node_modules\ts-node-dev\lib\hook.js:63:13)
    at Module.load (node:internal/modules/cjs/loader:1318:32)
[2025-11-07 23:08:52] [31merror[39m: AggregateError: 
    at internalConnectMultiple (node:net:1121:18)
    at afterConnectMultiple (node:net:1688:7)
[2025-11-07 23:08:59] [31merror[39m: AggregateError: 
    at internalConnectMultiple (node:net:1121:18)
    at afterConnectMultiple (node:net:1688:7)
[2025-11-08 00:01:19] [31merror[39m: Error: The client is closed
    at Class.sendCommand (D:\brototype\Dishcovery\server\node_modules\@redis\client\lib\client\index.ts:912:29)
    at fn (D:\brototype\Dishcovery\server\node_modules\@redis\client\lib\client\index.ts:866:36)
    at Class._executeCommand (D:\brototype\Dishcovery\server\node_modules\@redis\client\lib\client\index.ts:871:27)
    at Class.set (D:\brototype\Dishcovery\server\node_modules\@redis\client\lib\client\index.ts:232:25)
    at AuthService.signupUser (D:\brototype\Dishcovery\server\src\services\implementation\auth.services.ts:26:16)
    at AuthController.signup (D:\brototype\Dishcovery\server\src\controllers\implementation\auth.controller.ts:18:26)
[2025-11-08 00:01:19] [31merror[39m: Error: The client is closed
    at Class.sendCommand (D:\brototype\Dishcovery\server\node_modules\@redis\client\lib\client\index.ts:912:29)
    at fn (D:\brototype\Dishcovery\server\node_modules\@redis\client\lib\client\index.ts:866:36)
    at Class._executeCommand (D:\brototype\Dishcovery\server\node_modules\@redis\client\lib\client\index.ts:871:27)
    at Class.get (D:\brototype\Dishcovery\server\node_modules\@redis\client\lib\client\index.ts:232:25)
    at AuthService.signupUser (D:\brototype\Dishcovery\server\src\services\implementation\auth.services.ts:27:43)
    at AuthController.signup (D:\brototype\Dishcovery\server\src\controllers\implementation\auth.controller.ts:18:26)
[2025-11-08 00:02:43] [31merror[39m: ReferenceError: redisClient is not defined
    at D:\brototype\Dishcovery\server\src\config\redis.config.ts:9:3
    at Object.<anonymous> (D:\brototype\Dishcovery\server\src\config\redis.config.ts:10:3)
    at Module.<anonymous> (node:internal/modules/cjs/loader:1546:14)
    at Module._compile (D:\brototype\Dishcovery\server\node_modules\source-map-support\source-map-support.js:568:25)
    at Module.m._compile (C:\Users\JALVAJ~1\AppData\Local\Temp\ts-node-dev-hook-035243580369549665.js:69:33)
    at node:internal/modules/cjs/loader:1689:10
    at require.extensions..jsx.require.extensions..js (C:\Users\JALVAJ~1\AppData\Local\Temp\ts-node-dev-hook-035243580369549665.js:114:20)
    at require.extensions.<computed> (C:\Users\JALVAJ~1\AppData\Local\Temp\ts-node-dev-hook-035243580369549665.js:71:20)
    at Object.nodeDevHook [as .ts] (D:\brototype\Dishcovery\server\node_modules\ts-node-dev\lib\hook.js:63:13)
    at Module.load (node:internal/modules/cjs/loader:1318:32)
[2025-11-08 00:02:46] [31merror[39m: ReferenceError: cl is not defined
    at D:\brototype\Dishcovery\server\src\config\redis.config.ts:9:3
    at Object.<anonymous> (D:\brototype\Dishcovery\server\src\config\redis.config.ts:10:3)
    at Module.<anonymous> (node:internal/modules/cjs/loader:1546:14)
    at Module._compile (D:\brototype\Dishcovery\server\node_modules\source-map-support\source-map-support.js:568:25)
    at Module.m._compile (C:\Users\JALVAJ~1\AppData\Local\Temp\ts-node-dev-hook-035243580369549665.js:69:33)
    at node:internal/modules/cjs/loader:1689:10
    at require.extensions..jsx.require.extensions..js (C:\Users\JALVAJ~1\AppData\Local\Temp\ts-node-dev-hook-035243580369549665.js:114:20)
    at require.extensions.<computed> (C:\Users\JALVAJ~1\AppData\Local\Temp\ts-node-dev-hook-035243580369549665.js:71:20)
    at Object.nodeDevHook [as .ts] (D:\brototype\Dishcovery\server\node_modules\ts-node-dev\lib\hook.js:63:13)
    at Module.load (node:internal/modules/cjs/loader:1318:32)
[2025-11-08 00:02:47] [31merror[39m: AggregateError: 
    at internalConnectMultiple (node:net:1121:18)
    at afterConnectMultiple (node:net:1688:7)
[2025-11-08 10:31:22] [31merror[39m: ReferenceError: to is not defined
    at D:\brototype\Dishcovery\server\src\server.ts:23:9
    at Object.<anonymous> (D:\brototype\Dishcovery\server\src\server.ts:25:2)
    at Module.<anonymous> (node:internal/modules/cjs/loader:1546:14)
    at Module._compile (D:\brototype\Dishcovery\server\node_modules\source-map-support\source-map-support.js:568:25)
    at Module.m._compile (C:\Users\JALVAJ~1\AppData\Local\Temp\ts-node-dev-hook-5884532747194609.js:69:33)
    at node:internal/modules/cjs/loader:1689:10
    at require.extensions..jsx.require.extensions..js (C:\Users\JALVAJ~1\AppData\Local\Temp\ts-node-dev-hook-5884532747194609.js:114:20)
    at require.extensions.<computed> (C:\Users\JALVAJ~1\AppData\Local\Temp\ts-node-dev-hook-5884532747194609.js:71:20)
    at Object.nodeDevHook [as .ts] (D:\brototype\Dishcovery\server\node_modules\ts-node-dev\lib\hook.js:63:13)
    at Module.load (node:internal/modules/cjs/loader:1318:32)
[2025-11-08 10:31:27] [31merror[39m: ReferenceError: tryc is not defined
    at D:\brototype\Dishcovery\server\src\server.ts:23:9
    at Object.<anonymous> (D:\brototype\Dishcovery\server\src\server.ts:25:2)
    at Module.<anonymous> (node:internal/modules/cjs/loader:1546:14)
    at Module._compile (D:\brototype\Dishcovery\server\node_modules\source-map-support\source-map-support.js:568:25)
    at Module.m._compile (C:\Users\JALVAJ~1\AppData\Local\Temp\ts-node-dev-hook-5884532747194609.js:69:33)
    at node:internal/modules/cjs/loader:1689:10
    at require.extensions..jsx.require.extensions..js (C:\Users\JALVAJ~1\AppData\Local\Temp\ts-node-dev-hook-5884532747194609.js:114:20)
    at require.extensions.<computed> (C:\Users\JALVAJ~1\AppData\Local\Temp\ts-node-dev-hook-5884532747194609.js:71:20)
    at Object.nodeDevHook [as .ts] (D:\brototype\Dishcovery\server\node_modules\ts-node-dev\lib\hook.js:63:13)
    at Module.load (node:internal/modules/cjs/loader:1318:32)
[2025-11-08 10:31:29] [31merror[39m: ReferenceError: trycc is not defined
    at D:\brototype\Dishcovery\server\src\server.ts:23:9
    at Object.<anonymous> (D:\brototype\Dishcovery\server\src\server.ts:25:2)
    at Module.<anonymous> (node:internal/modules/cjs/loader:1546:14)
    at Module._compile (D:\brototype\Dishcovery\server\node_modules\source-map-support\source-map-support.js:568:25)
    at Module.m._compile (C:\Users\JALVAJ~1\AppData\Local\Temp\ts-node-dev-hook-5884532747194609.js:69:33)
    at node:internal/modules/cjs/loader:1689:10
    at require.extensions..jsx.require.extensions..js (C:\Users\JALVAJ~1\AppData\Local\Temp\ts-node-dev-hook-5884532747194609.js:114:20)
    at require.extensions.<computed> (C:\Users\JALVAJ~1\AppData\Local\Temp\ts-node-dev-hook-5884532747194609.js:71:20)
    at Object.nodeDevHook [as .ts] (D:\brototype\Dishcovery\server\node_modules\ts-node-dev\lib\hook.js:63:13)
    at Module.load (node:internal/modules/cjs/loader:1318:32)
[2025-11-08 19:51:45] [31merror[39m: Error: invalide credentials
    at AuthService.verifyOtp (D:\brototype\Dishcovery\server\src\services\implementation\auth.services.ts:68:19)
    at processTicksAndRejections (node:internal/process/task_queues:105:5)
[2025-11-08 19:52:37] [31merror[39m: Error: invalide credentials
    at AuthService.verifyOtp (D:\brototype\Dishcovery\server\src\services\implementation\auth.services.ts:68:19)
    at processTicksAndRejections (node:internal/process/task_queues:105:5)
[2025-11-08 19:53:31] [31merror[39m: Error: invalide credentials
    at AuthService.verifyOtp (D:\brototype\Dishcovery\server\src\services\implementation\auth.services.ts:68:19)
    at processTicksAndRejections (node:internal/process/task_queues:105:5)
[2025-11-08 19:57:26] [31merror[39m: Error: invalide credentials
    at AuthService.verifyOtp (D:\brototype\Dishcovery\server\src\services\implementation\auth.services.ts:68:19)
    at processTicksAndRejections (node:internal/process/task_queues:105:5)
[2025-11-08 20:00:06] [31merror[39m: Error: invalide credentials
    at AuthService.verifyOtp (D:\brototype\Dishcovery\server\src\services\implementation\auth.services.ts:68:19)
    at processTicksAndRejections (node:internal/process/task_queues:105:5)
[2025-11-08 20:07:46] [31merror[39m: Error: invalide credentials
    at AuthService.verifyOtp (D:\brototype\Dishcovery\server\src\services\implementation\auth.services.ts:67:19)
    at processTicksAndRejections (node:internal/process/task_queues:105:5)
[2025-11-09 15:09:51] [31merror[39m: Error: No recipients defined
    at SMTPConnection._formatError (D:\brototype\Dishcovery\server\node_modules\nodemailer\lib\smtp-connection\index.js:809:19)
    at SMTPConnection._setEnvelope (D:\brototype\Dishcovery\server\node_modules\nodemailer\lib\smtp-connection\index.js:1047:34)
    at SMTPConnection.send (D:\brototype\Dishcovery\server\node_modules\nodemailer\lib\smtp-connection\index.js:631:14)
    at sendMessage (D:\brototype\Dishcovery\server\node_modules\nodemailer\lib\smtp-transport\index.js:228:28)
    at D:\brototype\Dishcovery\server\node_modules\nodemailer\lib\smtp-transport\index.js:286:25
    at SMTPConnection._actionAUTHComplete (D:\brototype\Dishcovery\server\node_modules\nodemailer\lib\smtp-connection\index.js:1609:9)
    at SMTPConnection.<anonymous> (D:\brototype\Dishcovery\server\node_modules\nodemailer\lib\smtp-connection\index.js:556:26)
    at SMTPConnection._processResponse (D:\brototype\Dishcovery\server\node_modules\nodemailer\lib\smtp-connection\index.js:993:20)
    at SMTPConnection._onData (D:\brototype\Dishcovery\server\node_modules\nodemailer\lib\smtp-connection\index.js:774:14)
    at TLSSocket.SMTPConnection._onSocketData (D:\brototype\Dishcovery\server\node_modules\nodemailer\lib\smtp-connection\index.js:195:44)
[2025-11-09 15:15:01] [31merror[39m: Error: No recipients defined
    at SMTPConnection._formatError (D:\brototype\Dishcovery\server\node_modules\nodemailer\lib\smtp-connection\index.js:809:19)
    at SMTPConnection._setEnvelope (D:\brototype\Dishcovery\server\node_modules\nodemailer\lib\smtp-connection\index.js:1047:34)
    at SMTPConnection.send (D:\brototype\Dishcovery\server\node_modules\nodemailer\lib\smtp-connection\index.js:631:14)
    at sendMessage (D:\brototype\Dishcovery\server\node_modules\nodemailer\lib\smtp-transport\index.js:228:28)
    at D:\brototype\Dishcovery\server\node_modules\nodemailer\lib\smtp-transport\index.js:286:25
    at SMTPConnection._actionAUTHComplete (D:\brototype\Dishcovery\server\node_modules\nodemailer\lib\smtp-connection\index.js:1609:9)
    at SMTPConnection.<anonymous> (D:\brototype\Dishcovery\server\node_modules\nodemailer\lib\smtp-connection\index.js:556:26)
    at SMTPConnection._processResponse (D:\brototype\Dishcovery\server\node_modules\nodemailer\lib\smtp-connection\index.js:993:20)
    at SMTPConnection._onData (D:\brototype\Dishcovery\server\node_modules\nodemailer\lib\smtp-connection\index.js:774:14)
    at TLSSocket.SMTPConnection._onSocketData (D:\brototype\Dishcovery\server\node_modules\nodemailer\lib\smtp-connection\index.js:195:44)
[2025-11-09 15:15:42] [31merror[39m: Error: No recipients defined
    at SMTPConnection._formatError (D:\brototype\Dishcovery\server\node_modules\nodemailer\lib\smtp-connection\index.js:809:19)
    at SMTPConnection._setEnvelope (D:\brototype\Dishcovery\server\node_modules\nodemailer\lib\smtp-connection\index.js:1047:34)
    at SMTPConnection.send (D:\brototype\Dishcovery\server\node_modules\nodemailer\lib\smtp-connection\index.js:631:14)
    at sendMessage (D:\brototype\Dishcovery\server\node_modules\nodemailer\lib\smtp-transport\index.js:228:28)
    at D:\brototype\Dishcovery\server\node_modules\nodemailer\lib\smtp-transport\index.js:286:25
    at SMTPConnection._actionAUTHComplete (D:\brototype\Dishcovery\server\node_modules\nodemailer\lib\smtp-connection\index.js:1609:9)
    at SMTPConnection.<anonymous> (D:\brototype\Dishcovery\server\node_modules\nodemailer\lib\smtp-connection\index.js:556:26)
    at SMTPConnection._processResponse (D:\brototype\Dishcovery\server\node_modules\nodemailer\lib\smtp-connection\index.js:993:20)
    at SMTPConnection._onData (D:\brototype\Dishcovery\server\node_modules\nodemailer\lib\smtp-connection\index.js:774:14)
    at TLSSocket.SMTPConnection._onSocketData (D:\brototype\Dishcovery\server\node_modules\nodemailer\lib\smtp-connection\index.js:195:44)
[2025-11-09 15:19:31] [31merror[39m: Error: No recipients defined
    at SMTPConnection._formatError (D:\brototype\Dishcovery\server\node_modules\nodemailer\lib\smtp-connection\index.js:809:19)
    at SMTPConnection._setEnvelope (D:\brototype\Dishcovery\server\node_modules\nodemailer\lib\smtp-connection\index.js:1047:34)
    at SMTPConnection.send (D:\brototype\Dishcovery\server\node_modules\nodemailer\lib\smtp-connection\index.js:631:14)
    at sendMessage (D:\brototype\Dishcovery\server\node_modules\nodemailer\lib\smtp-transport\index.js:228:28)
    at D:\brototype\Dishcovery\server\node_modules\nodemailer\lib\smtp-transport\index.js:286:25
    at SMTPConnection._actionAUTHComplete (D:\brototype\Dishcovery\server\node_modules\nodemailer\lib\smtp-connection\index.js:1609:9)
    at SMTPConnection.<anonymous> (D:\brototype\Dishcovery\server\node_modules\nodemailer\lib\smtp-connection\index.js:556:26)
    at SMTPConnection._processResponse (D:\brototype\Dishcovery\server\node_modules\nodemailer\lib\smtp-connection\index.js:993:20)
    at SMTPConnection._onData (D:\brototype\Dishcovery\server\node_modules\nodemailer\lib\smtp-connection\index.js:774:14)
    at TLSSocket.SMTPConnection._onSocketData (D:\brototype\Dishcovery\server\node_modules\nodemailer\lib\smtp-connection\index.js:195:44)
[2025-11-14 11:23:51] [31merror[39m: Error: ERR value is not an integer or out of range
    at Decoder.#decodeSimpleError (D:\brototype\Dishcovery\server\node_modules\@redis\client\lib\RESP\decoder.ts:648:7)
    at Decoder.#decodeTypeValue (D:\brototype\Dishcovery\server\node_modules\@redis\client\lib\RESP\decoder.ts:171:34)
    at Decoder.write (D:\brototype\Dishcovery\server\node_modules\@redis\client\lib\RESP\decoder.ts:90:32)
    at RedisSocket.<anonymous> (D:\brototype\Dishcovery\server\node_modules\@redis\client\lib\client\index.ts:789:29)
    at RedisSocket.emit (node:events:518:28)
    at Socket.<anonymous> (D:\brototype\Dishcovery\server\node_modules\@redis\client\lib\client\socket.ts:297:32)
    at Socket.emit (node:events:518:28)
    at addChunk (node:internal/streams/readable:561:12)
    at readableAddChunkPushByteMode (node:internal/streams/readable:512:3)
    at Socket.Readable.push (node:internal/streams/readable:392:5)
[2025-11-14 11:26:44] [31merror[39m: Error: ERR value is not an integer or out of range
    at Decoder.#decodeSimpleError (D:\brototype\Dishcovery\server\node_modules\@redis\client\lib\RESP\decoder.ts:648:7)
    at Decoder.#decodeTypeValue (D:\brototype\Dishcovery\server\node_modules\@redis\client\lib\RESP\decoder.ts:171:34)
    at Decoder.write (D:\brototype\Dishcovery\server\node_modules\@redis\client\lib\RESP\decoder.ts:90:32)
    at RedisSocket.<anonymous> (D:\brototype\Dishcovery\server\node_modules\@redis\client\lib\client\index.ts:789:29)
    at RedisSocket.emit (node:events:518:28)
    at Socket.<anonymous> (D:\brototype\Dishcovery\server\node_modules\@redis\client\lib\client\socket.ts:297:32)
    at Socket.emit (node:events:518:28)
    at addChunk (node:internal/streams/readable:561:12)
    at readableAddChunkPushByteMode (node:internal/streams/readable:512:3)
    at Socket.Readable.push (node:internal/streams/readable:392:5)
[2025-11-14 11:33:43] [31merror[39m: Error: ERR value is not an integer or out of range
    at Decoder.#decodeSimpleError (D:\brototype\Dishcovery\server\node_modules\@redis\client\lib\RESP\decoder.ts:648:7)
    at Decoder.#decodeTypeValue (D:\brototype\Dishcovery\server\node_modules\@redis\client\lib\RESP\decoder.ts:171:34)
    at Decoder.write (D:\brototype\Dishcovery\server\node_modules\@redis\client\lib\RESP\decoder.ts:90:32)
    at RedisSocket.<anonymous> (D:\brototype\Dishcovery\server\node_modules\@redis\client\lib\client\index.ts:789:29)
    at RedisSocket.emit (node:events:518:28)
    at Socket.<anonymous> (D:\brototype\Dishcovery\server\node_modules\@redis\client\lib\client\socket.ts:297:32)
    at Socket.emit (node:events:518:28)
    at addChunk (node:internal/streams/readable:561:12)
    at readableAddChunkPushByteMode (node:internal/streams/readable:512:3)
    at Socket.Readable.push (node:internal/streams/readable:392:5)
[2025-11-14 11:36:41] [31merror[39m: Error: ERR value is not an integer or out of range
    at Decoder.#decodeSimpleError (D:\brototype\Dishcovery\server\node_modules\@redis\client\lib\RESP\decoder.ts:648:7)
    at Decoder.#decodeTypeValue (D:\brototype\Dishcovery\server\node_modules\@redis\client\lib\RESP\decoder.ts:171:34)
    at Decoder.write (D:\brototype\Dishcovery\server\node_modules\@redis\client\lib\RESP\decoder.ts:90:32)
    at RedisSocket.<anonymous> (D:\brototype\Dishcovery\server\node_modules\@redis\client\lib\client\index.ts:789:29)
    at RedisSocket.emit (node:events:518:28)
    at Socket.<anonymous> (D:\brototype\Dishcovery\server\node_modules\@redis\client\lib\client\socket.ts:297:32)
    at Socket.emit (node:events:518:28)
    at addChunk (node:internal/streams/readable:561:12)
    at readableAddChunkPushByteMode (node:internal/streams/readable:512:3)
    at Socket.Readable.push (node:internal/streams/readable:392:5)
[2025-11-14 11:38:57] [31merror[39m: Error: ERR value is not an integer or out of range
    at Decoder.#decodeSimpleError (D:\brototype\Dishcovery\server\node_modules\@redis\client\lib\RESP\decoder.ts:648:7)
    at Decoder.#decodeTypeValue (D:\brototype\Dishcovery\server\node_modules\@redis\client\lib\RESP\decoder.ts:171:34)
    at Decoder.write (D:\brototype\Dishcovery\server\node_modules\@redis\client\lib\RESP\decoder.ts:90:32)
    at RedisSocket.<anonymous> (D:\brototype\Dishcovery\server\node_modules\@redis\client\lib\client\index.ts:789:29)
    at RedisSocket.emit (node:events:518:28)
    at Socket.<anonymous> (D:\brototype\Dishcovery\server\node_modules\@redis\client\lib\client\socket.ts:297:32)
    at Socket.emit (node:events:518:28)
    at addChunk (node:internal/streams/readable:561:12)
    at readableAddChunkPushByteMode (node:internal/streams/readable:512:3)
    at Socket.Readable.push (node:internal/streams/readable:392:5)
[2025-11-14 11:41:37] [31merror[39m: Error: ERR value is not an integer or out of range
    at Decoder.#decodeSimpleError (D:\brototype\Dishcovery\server\node_modules\@redis\client\lib\RESP\decoder.ts:648:7)
    at Decoder.#decodeTypeValue (D:\brototype\Dishcovery\server\node_modules\@redis\client\lib\RESP\decoder.ts:171:34)
    at Decoder.write (D:\brototype\Dishcovery\server\node_modules\@redis\client\lib\RESP\decoder.ts:90:32)
    at RedisSocket.<anonymous> (D:\brototype\Dishcovery\server\node_modules\@redis\client\lib\client\index.ts:789:29)
    at RedisSocket.emit (node:events:518:28)
    at Socket.<anonymous> (D:\brototype\Dishcovery\server\node_modules\@redis\client\lib\client\socket.ts:297:32)
    at Socket.emit (node:events:518:28)
    at addChunk (node:internal/streams/readable:561:12)
    at readableAddChunkPushByteMode (node:internal/streams/readable:512:3)
    at Socket.Readable.push (node:internal/streams/readable:392:5)
[2025-11-14 11:45:23] [31merror[39m: Error: ERR value is not an integer or out of range
    at Decoder.#decodeSimpleError (D:\brototype\Dishcovery\server\node_modules\@redis\client\lib\RESP\decoder.ts:648:7)
    at Decoder.#decodeTypeValue (D:\brototype\Dishcovery\server\node_modules\@redis\client\lib\RESP\decoder.ts:171:34)
    at Decoder.write (D:\brototype\Dishcovery\server\node_modules\@redis\client\lib\RESP\decoder.ts:90:32)
    at RedisSocket.<anonymous> (D:\brototype\Dishcovery\server\node_modules\@redis\client\lib\client\index.ts:789:29)
    at RedisSocket.emit (node:events:518:28)
    at Socket.<anonymous> (D:\brototype\Dishcovery\server\node_modules\@redis\client\lib\client\socket.ts:297:32)
    at Socket.emit (node:events:518:28)
    at addChunk (node:internal/streams/readable:561:12)
    at readableAddChunkPushByteMode (node:internal/streams/readable:512:3)
    at Socket.Readable.push (node:internal/streams/readable:392:5)
[2025-11-14 11:49:21] [31merror[39m: Error: ERR value is not an integer or out of range
    at Decoder.#decodeSimpleError (D:\brototype\Dishcovery\server\node_modules\@redis\client\lib\RESP\decoder.ts:648:7)
    at Decoder.#decodeTypeValue (D:\brototype\Dishcovery\server\node_modules\@redis\client\lib\RESP\decoder.ts:171:34)
    at Decoder.write (D:\brototype\Dishcovery\server\node_modules\@redis\client\lib\RESP\decoder.ts:90:32)
    at RedisSocket.<anonymous> (D:\brototype\Dishcovery\server\node_modules\@redis\client\lib\client\index.ts:789:29)
    at RedisSocket.emit (node:events:518:28)
    at Socket.<anonymous> (D:\brototype\Dishcovery\server\node_modules\@redis\client\lib\client\socket.ts:297:32)
    at Socket.emit (node:events:518:28)
    at addChunk (node:internal/streams/readable:561:12)
    at readableAddChunkPushByteMode (node:internal/streams/readable:512:3)
    at Socket.Readable.push (node:internal/streams/readable:392:5)
[2025-11-14 11:50:23] [31merror[39m: Error: ERR value is not an integer or out of range
    at Decoder.#decodeSimpleError (D:\brototype\Dishcovery\server\node_modules\@redis\client\lib\RESP\decoder.ts:648:7)
    at Decoder.#decodeTypeValue (D:\brototype\Dishcovery\server\node_modules\@redis\client\lib\RESP\decoder.ts:171:34)
    at Decoder.write (D:\brototype\Dishcovery\server\node_modules\@redis\client\lib\RESP\decoder.ts:90:32)
    at RedisSocket.<anonymous> (D:\brototype\Dishcovery\server\node_modules\@redis\client\lib\client\index.ts:789:29)
    at RedisSocket.emit (node:events:518:28)
    at Socket.<anonymous> (D:\brototype\Dishcovery\server\node_modules\@redis\client\lib\client\socket.ts:297:32)
    at Socket.emit (node:events:518:28)
    at addChunk (node:internal/streams/readable:561:12)
    at readableAddChunkPushByteMode (node:internal/streams/readable:512:3)
    at Socket.Readable.push (node:internal/streams/readable:392:5)
[2025-11-14 11:54:19] [31merror[39m: Error: ERR value is not an integer or out of range
    at Decoder.#decodeSimpleError (D:\brototype\Dishcovery\server\node_modules\@redis\client\lib\RESP\decoder.ts:648:7)
    at Decoder.#decodeTypeValue (D:\brototype\Dishcovery\server\node_modules\@redis\client\lib\RESP\decoder.ts:171:34)
    at Decoder.write (D:\brototype\Dishcovery\server\node_modules\@redis\client\lib\RESP\decoder.ts:90:32)
    at RedisSocket.<anonymous> (D:\brototype\Dishcovery\server\node_modules\@redis\client\lib\client\index.ts:789:29)
    at RedisSocket.emit (node:events:518:28)
    at Socket.<anonymous> (D:\brototype\Dishcovery\server\node_modules\@redis\client\lib\client\socket.ts:297:32)
    at Socket.emit (node:events:518:28)
    at addChunk (node:internal/streams/readable:561:12)
    at readableAddChunkPushByteMode (node:internal/streams/readable:512:3)
    at Socket.Readable.push (node:internal/streams/readable:392:5)
[2025-11-14 22:21:02] [31merror[39m: Error: Connection timeout
    at SMTPConnection._formatError (D:\brototype\Dishcovery\server\node_modules\nodemailer\lib\smtp-connection\index.js:809:19)
    at SMTPConnection._onError (D:\brototype\Dishcovery\server\node_modules\nodemailer\lib\smtp-connection\index.js:795:20)
    at Timeout.<anonymous> (D:\brototype\Dishcovery\server\node_modules\nodemailer\lib\smtp-connection\index.js:237:22)
    at listOnTimeout (node:internal/timers:594:17)
    at processTimers (node:internal/timers:529:7)
[2025-11-14 22:32:45] [31merror[39m: Error: Connection timeout
    at SMTPConnection._formatError (D:\brototype\Dishcovery\server\node_modules\nodemailer\lib\smtp-connection\index.js:809:19)
    at SMTPConnection._onError (D:\brototype\Dishcovery\server\node_modules\nodemailer\lib\smtp-connection\index.js:795:20)
    at Timeout.<anonymous> (D:\brototype\Dishcovery\server\node_modules\nodemailer\lib\smtp-connection\index.js:237:22)
    at listOnTimeout (node:internal/timers:594:17)
    at processTimers (node:internal/timers:529:7)
[2025-11-16 23:17:57] [31merror[39m: Error: getaddrinfo ENOTFOUND smtp.gmail.com
    at GetAddrInfoReqWrap.onlookupall [as oncomplete] (node:dns:120:26)
[2025-11-16 23:27:02] [31merror[39m: Error: getaddrinfo ENOTFOUND smtp.gmail.com
    at GetAddrInfoReqWrap.onlookupall [as oncomplete] (node:dns:120:26)
[2025-11-16 23:30:39] [31merror[39m: Error: getaddrinfo ENOTFOUND smtp.gmail.com
    at GetAddrInfoReqWrap.onlookupall [as oncomplete] (node:dns:120:26)
[2025-11-16 23:35:09] [31merror[39m: Error: getaddrinfo ENOTFOUND smtp.gmail.com
    at GetAddrInfoReqWrap.onlookupall [as oncomplete] (node:dns:120:26)
[2025-11-16 23:40:57] [31merror[39m: Error: getaddrinfo ENOTFOUND smtp.gmail.com
    at GetAddrInfoReqWrap.onlookupall [as oncomplete] (node:dns:120:26)
[2025-11-16 23:46:39] [31merror[39m: Error: getaddrinfo ENOTFOUND smtp.gmail.com
    at GetAddrInfoReqWrap.onlookupall [as oncomplete] (node:dns:120:26)
[2025-11-16 23:50:03] [31merror[39m: Error: getaddrinfo ENOTFOUND smtp.gmail.com
    at GetAddrInfoReqWrap.onlookupall [as oncomplete] (node:dns:120:26)
[2025-11-17 14:28:40] [31merror[39m: TypeError: Cannot read properties of undefined (reading 'headers')
    at verifyAccess (D:\brototype\Dishcovery\server\src\middlewares\verifyAccess.ts:11:26)
    at Object.<anonymous> (D:\brototype\Dishcovery\server\src\routes\foodie.routes.ts:9:44)
    at Module.<anonymous> (node:internal/modules/cjs/loader:1546:14)
    at Module._compile (D:\brototype\Dishcovery\server\node_modules\source-map-support\source-map-support.js:568:25)
    at Module.m._compile (C:\Users\JALVAJ~1\AppData\Local\Temp\ts-node-dev-hook-6512332243104819.js:69:33)
    at node:internal/modules/cjs/loader:1689:10
    at require.extensions..jsx.require.extensions..js (C:\Users\JALVAJ~1\AppData\Local\Temp\ts-node-dev-hook-6512332243104819.js:114:20)
    at require.extensions.<computed> (C:\Users\JALVAJ~1\AppData\Local\Temp\ts-node-dev-hook-6512332243104819.js:71:20)
    at Object.nodeDevHook [as .ts] (D:\brototype\Dishcovery\server\node_modules\ts-node-dev\lib\hook.js:63:13)
    at Module.load (node:internal/modules/cjs/loader:1318:32)
[2025-11-17 23:11:20] [31merror[39m: Error: Connection timeout
    at SMTPConnection._formatError (D:\brototype\Dishcovery\server\node_modules\nodemailer\lib\smtp-connection\index.js:809:19)
    at SMTPConnection._onError (D:\brototype\Dishcovery\server\node_modules\nodemailer\lib\smtp-connection\index.js:795:20)
    at Timeout.<anonymous> (D:\brototype\Dishcovery\server\node_modules\nodemailer\lib\smtp-connection\index.js:237:22)
    at listOnTimeout (node:internal/timers:594:17)
    at processTimers (node:internal/timers:529:7)
[2025-11-18 08:21:43] [31merror[39m: Error: Client network socket disconnected before secure TLS connection was established
    at TLSSocket.onConnectEnd (node:_tls_wrap:1732:19)
    at TLSSocket.emit (node:events:530:35)
    at endReadableNT (node:internal/streams/readable:1698:12)
    at processTicksAndRejections (node:internal/process/task_queues:90:21)
[2025-11-18 16:32:06] [31merror[39m: Error: No recipients defined
    at SMTPConnection._formatError (D:\brototype\Dishcovery\server\node_modules\nodemailer\lib\smtp-connection\index.js:809:19)
    at SMTPConnection._setEnvelope (D:\brototype\Dishcovery\server\node_modules\nodemailer\lib\smtp-connection\index.js:1047:34)
    at SMTPConnection.send (D:\brototype\Dishcovery\server\node_modules\nodemailer\lib\smtp-connection\index.js:631:14)
    at sendMessage (D:\brototype\Dishcovery\server\node_modules\nodemailer\lib\smtp-transport\index.js:228:28)
    at D:\brototype\Dishcovery\server\node_modules\nodemailer\lib\smtp-transport\index.js:286:25
    at SMTPConnection._actionAUTHComplete (D:\brototype\Dishcovery\server\node_modules\nodemailer\lib\smtp-connection\index.js:1609:9)
    at SMTPConnection.<anonymous> (D:\brototype\Dishcovery\server\node_modules\nodemailer\lib\smtp-connection\index.js:556:26)
    at SMTPConnection._processResponse (D:\brototype\Dishcovery\server\node_modules\nodemailer\lib\smtp-connection\index.js:993:20)
    at SMTPConnection._onData (D:\brototype\Dishcovery\server\node_modules\nodemailer\lib\smtp-connection\index.js:774:14)
    at TLSSocket.SMTPConnection._onSocketData (D:\brototype\Dishcovery\server\node_modules\nodemailer\lib\smtp-connection\index.js:195:44)
